#
# There is insufficient memory for the Java Runtime Environment to continue.
# Native memory allocation (malloc) failed to allocate 32744 bytes for ChunkPool::allocate
# Possible reasons:
#   The system is out of physical RAM or swap space
#   The process is running with CompressedOops enabled, and the Java Heap may be blocking the growth of the native heap
# Possible solutions:
#   Reduce memory load on the system
#   Increase physical memory or swap space
#   Check if swap backing store is full
#   Decrease Java heap size (-Xmx/-Xms)
#   Decrease number of Java threads
#   Decrease Java thread stack sizes (-Xss)
#   Set larger code cache with -XX:ReservedCodeCacheSize=
#   JVM is running with Unscaled Compressed Oops mode in which the Java heap is
#     placed in the first 4GB address space. The Java Heap base address is the
#     maximum limit for the native heap growth. Please use -XX:HeapBaseMinAddress
#     to set the Java Heap base and to place the Java Heap above 4GB virtual address.
# This output file may be truncated or incomplete.
#
#  Out of Memory Error (arena.cpp:79), pid=8556, tid=3060
#
# JRE version: Java(TM) SE Runtime Environment (16.0.2+7) (build 16.0.2+7-67)
# Java VM: Java HotSpot(TM) 64-Bit Server VM (16.0.2+7-67, mixed mode, sharing, tiered, compressed oops, compressed class ptrs, g1 gc, windows-amd64)
# No core dump will be written. Minidumps are not enabled by default on client versions of Windows
#

---------------  S U M M A R Y ------------

Command Line: -Dfile.encoding=UTF-8 -XX:+ShowCodeDetailsInExceptionMessages com.testetechsolutio.TechSolutio.TechSolutioApplication

Host: Intel(R) Core(TM) i5-8250U CPU @ 1.60GHz, 8 cores, 7G,  Windows 10 , 64 bit Build 19041 (10.0.19041.1466)
Time: Tue Jan 18 23:09:48 2022 Hora oficial do Brasil elapsed time: 634.207806 seconds (0d 0h 10m 34s)

---------------  T H R E A D  ---------------

Current thread (0x000001b237081aa0):  JavaThread "C2 CompilerThread0" daemon [_thread_in_native, id=3060, stack(0x0000007c3b900000,0x0000007c3ba00000)]


Current CompileTask:
C2: 634207 6937       4       org.springframework.core.annotation.AnnotationsScanner::processMethod (116 bytes)

Stack: [0x0000007c3b900000,0x0000007c3ba00000]
Native frames: (J=compiled Java code, j=interpreted, Vv=VM code, C=native code)
V  [jvm.dll+0x6681ca]
V  [jvm.dll+0x7c9e69]
V  [jvm.dll+0x7cb61e]
V  [jvm.dll+0x7cbc73]
V  [jvm.dll+0x242c55]
V  [jvm.dll+0xae10f]
V  [jvm.dll+0xae45c]
V  [jvm.dll+0x11b8d8]
V  [jvm.dll+0x691c61]
V  [jvm.dll+0x1b9d8d]
V  [jvm.dll+0x215e16]
V  [jvm.dll+0x215100]
V  [jvm.dll+0x1a1beb]
V  [jvm.dll+0x225158]
V  [jvm.dll+0x22319c]
V  [jvm.dll+0x77fa62]
V  [jvm.dll+0x7795aa]
V  [jvm.dll+0x667066]
C  [ucrtbase.dll+0x21bb2]
C  [KERNEL32.DLL+0x17034]
C  [ntdll.dll+0x52651]


---------------  P R O C E S S  ---------------

Threads class SMR info:
_java_thread_list=0x000001b23840b3c0, length=21, elements={
0x000001b23706c1e0, 0x000001b23706d0a0, 0x000001b237077740, 0x000001b237079350,
0x000001b23707ce70, 0x000001b23707d870, 0x000001b237081aa0, 0x000001b23708a5a0,
0x000001b23708f3f0, 0x000001b237cb4d60, 0x000001b237ce52e0, 0x000001b23b77ffc0,
0x000001b23b77da90, 0x000001b23b780510, 0x000001b23ad9f550, 0x000001b2386a21a0,
0x000001b2386a2cc0, 0x000001b23ad9e010, 0x000001b23ad9e560, 0x000001b23ad9eab0,
0x000001b23ad9d570
}

Java Threads: ( => current thread )
  0x000001b23706c1e0 JavaThread "Reference Handler" daemon [_thread_blocked, id=7508, stack(0x0000007c3b300000,0x0000007c3b400000)]
  0x000001b23706d0a0 JavaThread "Finalizer" daemon [_thread_blocked, id=3680, stack(0x0000007c3b400000,0x0000007c3b500000)]
  0x000001b237077740 JavaThread "Signal Dispatcher" daemon [_thread_blocked, id=6984, stack(0x0000007c3b500000,0x0000007c3b600000)]
  0x000001b237079350 JavaThread "Attach Listener" daemon [_thread_blocked, id=9864, stack(0x0000007c3b600000,0x0000007c3b700000)]
  0x000001b23707ce70 JavaThread "Service Thread" daemon [_thread_blocked, id=8336, stack(0x0000007c3b700000,0x0000007c3b800000)]
  0x000001b23707d870 JavaThread "Monitor Deflation Thread" daemon [_thread_blocked, id=15124, stack(0x0000007c3b800000,0x0000007c3b900000)]
=>0x000001b237081aa0 JavaThread "C2 CompilerThread0" daemon [_thread_in_native, id=3060, stack(0x0000007c3b900000,0x0000007c3ba00000)]
  0x000001b23708a5a0 JavaThread "C1 CompilerThread0" daemon [_thread_in_native, id=10744, stack(0x0000007c3ba00000,0x0000007c3bb00000)]
  0x000001b23708f3f0 JavaThread "Sweeper thread" daemon [_thread_blocked, id=7908, stack(0x0000007c3bb00000,0x0000007c3bc00000)]
  0x000001b237cb4d60 JavaThread "Notification Thread" daemon [_thread_blocked, id=12376, stack(0x0000007c3bc00000,0x0000007c3bd00000)]
  0x000001b237ce52e0 JavaThread "Common-Cleaner" daemon [_thread_blocked, id=1140, stack(0x0000007c3be00000,0x0000007c3bf00000)]
  0x000001b23b77ffc0 JavaThread "mysql-cj-abandoned-connection-cleanup" daemon [_thread_blocked, id=3444, stack(0x0000007c3ce00000,0x0000007c3cf00000)]
  0x000001b23b77da90 JavaThread "Live Reload Server" daemon [_thread_in_native, id=7680, stack(0x0000007c3d400000,0x0000007c3d500000)]
  0x000001b23b780510 JavaThread "DestroyJavaVM" [_thread_blocked, id=16088, stack(0x0000007c3ac00000,0x0000007c3ad00000)]
  0x000001b23ad9f550 JavaThread "Thread-5" [_thread_blocked, id=3784, stack(0x0000007c3a900000,0x0000007c3aa00000)]
  0x000001b2386a21a0 JavaThread "C2 CompilerThread1" daemon [_thread_in_native, id=14184, stack(0x0000007c3ab00000,0x0000007c3ac00000)]
  0x000001b2386a2cc0 JavaThread "C2 CompilerThread2" daemon [_thread_in_native, id=3328, stack(0x0000007c3c500000,0x0000007c3c600000)]
  0x000001b23ad9e010 JavaThread "Catalina-utility-1" [_thread_blocked, id=9544, stack(0x0000007c3c600000,0x0000007c3c700000)]
  0x000001b23ad9e560 JavaThread "Catalina-utility-2" [_thread_blocked, id=15312, stack(0x0000007c3c800000,0x0000007c3c900000)]
  0x000001b23ad9eab0 JavaThread "container-0" [_thread_blocked, id=3476, stack(0x0000007c3c900000,0x0000007c3ca00000)]
  0x000001b23ad9d570 JavaThread "File Watcher" daemon [_thread_blocked, id=14492, stack(0x0000007c3bf00000,0x0000007c3c000000)]

Other Threads:
  0x000001b237068190 VMThread "VM Thread" [stack: 0x0000007c3b200000,0x0000007c3b300000] [id=12080]
  0x000001b237cd76b0 WatcherThread [stack: 0x0000007c3bd00000,0x0000007c3be00000] [id=4220]
  0x000001b219146de0 GCTaskThread "GC Thread#0" [stack: 0x0000007c3ad00000,0x0000007c3ae00000] [id=1712]
  0x000001b23857b0d0 GCTaskThread "GC Thread#1" [stack: 0x0000007c3c000000,0x0000007c3c100000] [id=12400]
  0x000001b23857b3e0 GCTaskThread "GC Thread#2" [stack: 0x0000007c3c100000,0x0000007c3c200000] [id=4872]
  0x000001b238486d30 GCTaskThread "GC Thread#3" [stack: 0x0000007c3c200000,0x0000007c3c300000] [id=3396]
  0x000001b2385680a0 GCTaskThread "GC Thread#4" [stack: 0x0000007c3c300000,0x0000007c3c400000] [id=10304]
  0x000001b238602720 GCTaskThread "GC Thread#5" [stack: 0x0000007c3c400000,0x0000007c3c500000] [id=8568]
  0x000001b238cc67f0 GCTaskThread "GC Thread#6" [stack: 0x0000007c3ca00000,0x0000007c3cb00000] [id=9788]
  0x000001b238cc7430 GCTaskThread "GC Thread#7" [stack: 0x0000007c3cb00000,0x0000007c3cc00000] [id=15444]
  0x000001b2191579e0 ConcurrentGCThread "G1 Main Marker" [stack: 0x0000007c3ae00000,0x0000007c3af00000] [id=16084]
  0x000001b219158bf0 ConcurrentGCThread "G1 Conc#0" [stack: 0x0000007c3af00000,0x0000007c3b000000] [id=6280]
  0x000001b238cc6b00 ConcurrentGCThread "G1 Conc#1" [stack: 0x0000007c3c700000,0x0000007c3c800000] [id=6628]
  0x000001b236f20090 ConcurrentGCThread "G1 Refine#0" [stack: 0x0000007c3b000000,0x0000007c3b100000] [id=4536]
  0x000001b236f20b10 ConcurrentGCThread "G1 Service" [stack: 0x0000007c3b100000,0x0000007c3b200000] [id=13808]

Threads with active compile tasks:
C2 CompilerThread0   634315 6937       4       org.springframework.core.annotation.AnnotationsScanner::processMethod (116 bytes)
C1 CompilerThread0   634315 7273   !   2       org.springframework.beans.factory.support.ConstructorResolver::instantiateUsingFactoryMethod (1574 bytes)
C2 CompilerThread1   634315 6988   !   4       org.springframework.util.ClassUtils::getMostSpecificMethod (72 bytes)
C2 CompilerThread2   634315 7028   !   4       org.springframework.core.annotation.AnnotationsScanner::processMethodHierarchy (276 bytes)

VM state: not at safepoint (normal execution)

VM Mutex/Monitor currently owned by a thread: None

Heap address: 0x0000000082200000, size: 2014 MB, Compressed Oops mode: 32-bit

CDS archive(s) mapped at: [0x0000000800000000-0x0000000800bb0000-0x0000000800bb0000), size 12255232, SharedBaseAddress: 0x0000000800000000, ArchiveRelocationMode: 0.
Compressed class space mapped at: 0x0000000800c00000-0x0000000840c00000, reserved size: 1073741824
Narrow klass base: 0x0000000800000000, Narrow klass shift: 3, Narrow klass range: 0x100000000

GC Precious Log:
 CPUs: 8 total, 8 available
 Memory: 8050M
 Large Page Support: Disabled
 NUMA Support: Disabled
 Compressed Oops: Enabled (32-bit)
 Heap Region Size: 1M
 Heap Min Capacity: 8M
 Heap Initial Capacity: 126M
 Heap Max Capacity: 2014M
 Pre-touch: Disabled
 Parallel Workers: 8
 Concurrent Workers: 2
 Concurrent Refinement Workers: 8
 Periodic GC: Disabled

Heap:
 garbage-first heap   total 68608K, used 40977K [0x0000000082200000, 0x0000000100000000)
  region size 1024K, 15 young (15360K), 3 survivors (3072K)
 Metaspace       used 67103K, committed 67584K, reserved 1114112K
  class space    used 8829K, committed 9024K, reserved 1048576K

Heap Regions: E=young(eden), S=young(survivor), O=old, HS=humongous(starts), HC=humongous(continues), CS=collection set, F=free, OA=open archive, CA=closed archive, TAMS=top-at-mark-start (previous, next)
|   0|0x0000000082200000, 0x0000000082300000, 0x0000000082300000|100%|HS|  |TAMS 0x0000000082300000, 0x0000000082200000| Untracked 
|   1|0x0000000082300000, 0x00000000823f07f8, 0x0000000082400000| 93%| O|  |TAMS 0x0000000082300000, 0x0000000082300000| Untracked 
|   2|0x0000000082400000, 0x00000000824fffc0, 0x0000000082500000| 99%| O|  |TAMS 0x0000000082400000, 0x0000000082400000| Untracked 
|   3|0x0000000082500000, 0x00000000825fffd0, 0x0000000082600000| 99%| O|  |TAMS 0x0000000082500000, 0x0000000082500000| Untracked 
|   4|0x0000000082600000, 0x00000000826ffff8, 0x0000000082700000| 99%| O|  |TAMS 0x0000000082600000, 0x0000000082600000| Untracked 
|   5|0x0000000082700000, 0x00000000827fffe8, 0x0000000082800000| 99%| O|  |TAMS 0x0000000082700000, 0x0000000082700000| Untracked 
|   6|0x0000000082800000, 0x00000000828fff98, 0x0000000082900000| 99%| O|  |TAMS 0x0000000082800000, 0x0000000082800000| Untracked 
|   7|0x0000000082900000, 0x00000000829ffff0, 0x0000000082a00000| 99%| O|  |TAMS 0x0000000082900000, 0x0000000082900000| Untracked 
|   8|0x0000000082a00000, 0x0000000082affff8, 0x0000000082b00000| 99%| O|  |TAMS 0x0000000082a00000, 0x0000000082a00000| Untracked 
|   9|0x0000000082b00000, 0x0000000082bfffe0, 0x0000000082c00000| 99%| O|  |TAMS 0x0000000082b00000, 0x0000000082b00000| Untracked 
|  10|0x0000000082c00000, 0x0000000082cfffe8, 0x0000000082d00000| 99%| O|  |TAMS 0x0000000082c00000, 0x0000000082c00000| Untracked 
|  11|0x0000000082d00000, 0x0000000082dffff8, 0x0000000082e00000| 99%| O|  |TAMS 0x0000000082d00000, 0x0000000082d00000| Untracked 
|  12|0x0000000082e00000, 0x0000000082f00000, 0x0000000082f00000|100%| O|  |TAMS 0x0000000082e00000, 0x0000000082e00000| Untracked 
|  13|0x0000000082f00000, 0x0000000082ffffc8, 0x0000000083000000| 99%| O|  |TAMS 0x0000000082f00000, 0x0000000082f00000| Untracked 
|  14|0x0000000083000000, 0x00000000830ffff0, 0x0000000083100000| 99%| O|  |TAMS 0x0000000083000000, 0x0000000083000000| Untracked 
|  15|0x0000000083100000, 0x00000000831ffff8, 0x0000000083200000| 99%| O|  |TAMS 0x0000000083100000, 0x0000000083100000| Untracked 
|  16|0x0000000083200000, 0x0000000083300000, 0x0000000083300000|100%| O|  |TAMS 0x0000000083200000, 0x0000000083200000| Untracked 
|  17|0x0000000083300000, 0x00000000833fb190, 0x0000000083400000| 98%| O|  |TAMS 0x0000000083300000, 0x0000000083300000| Untracked 
|  18|0x0000000083400000, 0x00000000834fff30, 0x0000000083500000| 99%| O|  |TAMS 0x0000000083400000, 0x0000000083400000| Untracked 
|  19|0x0000000083500000, 0x00000000835fffa0, 0x0000000083600000| 99%| O|  |TAMS 0x0000000083500000, 0x0000000083500000| Untracked 
|  20|0x0000000083600000, 0x00000000836ffe58, 0x0000000083700000| 99%| O|  |TAMS 0x0000000083600000, 0x0000000083600000| Untracked 
|  21|0x0000000083700000, 0x00000000837ffff0, 0x0000000083800000| 99%| O|  |TAMS 0x0000000083700000, 0x0000000083700000| Untracked 
|  22|0x0000000083800000, 0x0000000083900000, 0x0000000083900000|100%| O|  |TAMS 0x0000000083800000, 0x0000000083800000| Untracked 
|  23|0x0000000083900000, 0x00000000839ffff0, 0x0000000083a00000| 99%| O|  |TAMS 0x0000000083900000, 0x0000000083900000| Untracked 
|  24|0x0000000083a00000, 0x0000000083aa8118, 0x0000000083b00000| 65%| O|  |TAMS 0x0000000083a00000, 0x0000000083a00000| Untracked 
|  25|0x0000000083b00000, 0x0000000083b39ae0, 0x0000000083c00000| 22%| O|  |TAMS 0x0000000083b00000, 0x0000000083b00000| Untracked 
|  26|0x0000000083c00000, 0x0000000083d00000, 0x0000000083d00000|100%| O|  |TAMS 0x0000000083c00000, 0x0000000083c00000| Untracked 
|  27|0x0000000083d00000, 0x0000000083d4d600, 0x0000000083e00000| 30%| O|  |TAMS 0x0000000083d00000, 0x0000000083d00000| Untracked 
|  28|0x0000000083e00000, 0x0000000083e20a00, 0x0000000083f00000| 12%| O|  |TAMS 0x0000000083e00000, 0x0000000083e00000| Untracked 
|  29|0x0000000083f00000, 0x0000000083f00000, 0x0000000084000000|  0%| F|  |TAMS 0x0000000083f00000, 0x0000000083f00000| Untracked 
|  30|0x0000000084000000, 0x0000000084000000, 0x0000000084100000|  0%| F|  |TAMS 0x0000000084000000, 0x0000000084000000| Untracked 
|  31|0x0000000084100000, 0x0000000084100000, 0x0000000084200000|  0%| F|  |TAMS 0x0000000084100000, 0x0000000084100000| Untracked 
|  32|0x0000000084200000, 0x0000000084200000, 0x0000000084300000|  0%| F|  |TAMS 0x0000000084200000, 0x0000000084200000| Untracked 
|  33|0x0000000084300000, 0x0000000084300000, 0x0000000084400000|  0%| F|  |TAMS 0x0000000084300000, 0x0000000084300000| Untracked 
|  34|0x0000000084400000, 0x0000000084400000, 0x0000000084500000|  0%| F|  |TAMS 0x0000000084400000, 0x0000000084400000| Untracked 
|  35|0x0000000084500000, 0x0000000084500000, 0x0000000084600000|  0%| F|  |TAMS 0x0000000084500000, 0x0000000084500000| Untracked 
|  36|0x0000000084600000, 0x0000000084600000, 0x0000000084700000|  0%| F|  |TAMS 0x0000000084600000, 0x0000000084600000| Untracked 
|  37|0x0000000084700000, 0x00000000847c96e0, 0x0000000084800000| 78%| S|CS|TAMS 0x0000000084700000, 0x0000000084700000| Complete 
|  38|0x0000000084800000, 0x0000000084800000, 0x0000000084900000|  0%| F|  |TAMS 0x0000000084800000, 0x0000000084800000| Untracked 
|  39|0x0000000084900000, 0x0000000084900000, 0x0000000084a00000|  0%| F|  |TAMS 0x0000000084900000, 0x0000000084900000| Untracked 
|  40|0x0000000084a00000, 0x0000000084b00000, 0x0000000084b00000|100%| S|CS|TAMS 0x0000000084a00000, 0x0000000084a00000| Complete 
|  41|0x0000000084b00000, 0x0000000084c00000, 0x0000000084c00000|100%| S|CS|TAMS 0x0000000084b00000, 0x0000000084b00000| Complete 
|  42|0x0000000084c00000, 0x0000000084c00000, 0x0000000084d00000|  0%| F|  |TAMS 0x0000000084c00000, 0x0000000084c00000| Untracked 
|  43|0x0000000084d00000, 0x0000000084d00000, 0x0000000084e00000|  0%| F|  |TAMS 0x0000000084d00000, 0x0000000084d00000| Untracked 
|  44|0x0000000084e00000, 0x0000000084e00000, 0x0000000084f00000|  0%| F|  |TAMS 0x0000000084e00000, 0x0000000084e00000| Untracked 
|  45|0x0000000084f00000, 0x0000000084f00000, 0x0000000085000000|  0%| F|  |TAMS 0x0000000084f00000, 0x0000000084f00000| Untracked 
|  46|0x0000000085000000, 0x0000000085000000, 0x0000000085100000|  0%| F|  |TAMS 0x0000000085000000, 0x0000000085000000| Untracked 
|  47|0x0000000085100000, 0x0000000085100000, 0x0000000085200000|  0%| F|  |TAMS 0x0000000085100000, 0x0000000085100000| Untracked 
|  48|0x0000000085200000, 0x0000000085200000, 0x0000000085300000|  0%| F|  |TAMS 0x0000000085200000, 0x0000000085200000| Untracked 
|  49|0x0000000085300000, 0x0000000085300000, 0x0000000085400000|  0%| F|  |TAMS 0x0000000085300000, 0x0000000085300000| Untracked 
|  50|0x0000000085400000, 0x0000000085400000, 0x0000000085500000|  0%| F|  |TAMS 0x0000000085400000, 0x0000000085400000| Untracked 
|  51|0x0000000085500000, 0x0000000085500000, 0x0000000085600000|  0%| F|  |TAMS 0x0000000085500000, 0x0000000085500000| Untracked 
|  52|0x0000000085600000, 0x0000000085600000, 0x0000000085700000|  0%| F|  |TAMS 0x0000000085600000, 0x0000000085600000| Untracked 
|  53|0x0000000085700000, 0x0000000085700000, 0x0000000085800000|  0%| F|  |TAMS 0x0000000085700000, 0x0000000085700000| Untracked 
|  54|0x0000000085800000, 0x0000000085800000, 0x0000000085900000|  0%| F|  |TAMS 0x0000000085800000, 0x0000000085800000| Untracked 
|  55|0x0000000085900000, 0x00000000859699c8, 0x0000000085a00000| 41%| E|  |TAMS 0x0000000085900000, 0x0000000085900000| Complete 
|  56|0x0000000085a00000, 0x0000000085b00000, 0x0000000085b00000|100%| E|CS|TAMS 0x0000000085a00000, 0x0000000085a00000| Complete 
|  57|0x0000000085b00000, 0x0000000085c00000, 0x0000000085c00000|100%| E|CS|TAMS 0x0000000085b00000, 0x0000000085b00000| Complete 
|  58|0x0000000085c00000, 0x0000000085d00000, 0x0000000085d00000|100%| E|CS|TAMS 0x0000000085c00000, 0x0000000085c00000| Complete 
|  59|0x0000000085d00000, 0x0000000085e00000, 0x0000000085e00000|100%| E|CS|TAMS 0x0000000085d00000, 0x0000000085d00000| Complete 
|  60|0x0000000085e00000, 0x0000000085f00000, 0x0000000085f00000|100%| E|CS|TAMS 0x0000000085e00000, 0x0000000085e00000| Complete 
|  61|0x0000000085f00000, 0x0000000086000000, 0x0000000086000000|100%| E|CS|TAMS 0x0000000085f00000, 0x0000000085f00000| Complete 
|  62|0x0000000086000000, 0x0000000086100000, 0x0000000086100000|100%| E|CS|TAMS 0x0000000086000000, 0x0000000086000000| Complete 
|  63|0x0000000086100000, 0x0000000086200000, 0x0000000086200000|100%| E|CS|TAMS 0x0000000086100000, 0x0000000086100000| Complete 
|  64|0x0000000086200000, 0x0000000086300000, 0x0000000086300000|100%| E|CS|TAMS 0x0000000086200000, 0x0000000086200000| Complete 
|  65|0x0000000086300000, 0x0000000086400000, 0x0000000086400000|100%| E|CS|TAMS 0x0000000086300000, 0x0000000086300000| Complete 
| 125|0x0000000089f00000, 0x000000008a000000, 0x000000008a000000|100%| E|CS|TAMS 0x0000000089f00000, 0x0000000089f00000| Complete 

Card table byte_map: [0x000001b22ffa0000,0x000001b230390000] _byte_map_base: 0x000001b22fb8f000

Marking Bits (Prev, Next): (CMBitMap*) 0x000001b219147450, (CMBitMap*) 0x000001b219147490
 Prev Bits: [0x000001b230780000, 0x000001b2326f8000)
 Next Bits: [0x000001b232700000, 0x000001b234678000)

Polling page: 0x000001b2172a0000

Metaspace:

Usage:
  Non-class:     56.91 MB used.
      Class:      8.62 MB used.
       Both:     65.53 MB used.

Virtual space:
  Non-class space:       64.00 MB reserved,      57.19 MB ( 89%) committed,  8 nodes.
      Class space:        1.00 GB reserved,       8.81 MB ( <1%) committed,  1 nodes.
              Both:        1.06 GB reserved,      66.00 MB (  6%) committed. 

Chunk freelists:
   Non-Class:  2.78 MB
       Class:  3.19 MB
        Both:  5.97 MB

MaxMetaspaceSize: 17179869184.00 GB
CompressedClassSpaceSize: 1.00 GB
 - commit_granule_bytes: 65536.
 - commit_granule_words: 8192.
 - virtual_space_node_default_size: 1048576.
 - enlarge_chunks_in_place: 1.
 - new_chunks_are_fully_committed: 0.
 - uncommit_free_chunks: 1.
 - use_allocation_guard: 0.
 - handle_deallocations: 1.


Internal statistics:

num_allocs_failed_limit: 9.
num_arena_births: 576.
num_arena_deaths: 0.
num_vsnodes_births: 9.
num_vsnodes_deaths: 0.
num_space_committed: 1056.
num_space_uncommitted: 0.
num_chunks_returned_to_freelist: 9.
num_chunks_taken_from_freelist: 2994.
num_chunk_merges: 9.
num_chunk_splits: 2068.
num_chunks_enlarged: 1587.
num_purges: 2.

CodeHeap 'non-profiled nmethods': size=120000Kb used=4254Kb max_used=4254Kb free=115745Kb
 bounds [0x000001b228350000, 0x000001b228780000, 0x000001b22f880000]
CodeHeap 'profiled nmethods': size=120000Kb used=13287Kb max_used=13287Kb free=106712Kb
 bounds [0x000001b220e20000, 0x000001b221b20000, 0x000001b228350000]
CodeHeap 'non-nmethods': size=5760Kb used=1353Kb max_used=1494Kb free=4406Kb
 bounds [0x000001b220880000, 0x000001b220af0000, 0x000001b220e20000]
 total_blobs=7032 nmethods=6355 adapters=589
 compilation: enabled
              stopped_count=0, restarted_count=0
 full_count=0

Compilation events (20 events):
Event: 634.176 Thread 0x000001b23708a5a0 nmethod 7262 0x000001b221b16110 code [0x000001b221b162c0, 0x000001b221b16528]
Event: 634.176 Thread 0x000001b23708a5a0 7263   !   2       org.springframework.boot.context.properties.bind.JavaBeanBinder$BeanProperty::getAnnotations (22 bytes)
Event: 634.176 Thread 0x000001b23708a5a0 nmethod 7263 0x000001b221b16690 code [0x000001b221b16860, 0x000001b221b16ac8]
Event: 634.176 Thread 0x000001b23708a5a0 7265       2       java.util.concurrent.ConcurrentHashMap$TreeNode::<init> (16 bytes)
Event: 634.177 Thread 0x000001b23708a5a0 nmethod 7265 0x000001b221b16c90 code [0x000001b221b16e40, 0x000001b221b170d8]
Event: 634.177 Thread 0x000001b23708a5a0 7266       2       java.util.concurrent.ConcurrentHashMap$TreeBin::balanceInsertion (245 bytes)
Event: 634.178 Thread 0x000001b23708a5a0 nmethod 7266 0x000001b221b17190 code [0x000001b221b173a0, 0x000001b221b179f8]
Event: 634.183 Thread 0x000001b23708a5a0 7267   !   2       jdk.proxy2.$Proxy61::annotationType (29 bytes)
Event: 634.183 Thread 0x000001b23708a5a0 nmethod 7267 0x000001b221b17e10 code [0x000001b221b17fe0, 0x000001b221b18278]
Event: 634.187 Thread 0x000001b23708a5a0 7268       2       org.springframework.aop.support.AopUtils::isAopProxy (38 bytes)
Event: 634.189 Thread 0x000001b23708a5a0 nmethod 7268 0x000001b221b18410 code [0x000001b221b18640, 0x000001b221b18c88]
Event: 634.191 Thread 0x000001b23708a5a0 7269   !   2       jdk.proxy2.$Proxy32::annotation (29 bytes)
Event: 634.191 Thread 0x000001b23708a5a0 nmethod 7269 0x000001b221b19090 code [0x000001b221b19260, 0x000001b221b194f8]
Event: 634.191 Thread 0x000001b23708a5a0 7270   !   2       jdk.proxy2.$Proxy32::ignored (29 bytes)
Event: 634.191 Thread 0x000001b23708a5a0 nmethod 7270 0x000001b221b19690 code [0x000001b221b19860, 0x000001b221b19af8]
Event: 634.195 Thread 0x000001b23708a5a0 7271       2       org.springframework.beans.factory.support.DefaultSingletonBeanRegistry$$Lambda$249/0x0000000800db9e68::apply (8 bytes)
Event: 634.196 Thread 0x000001b23708a5a0 nmethod 7271 0x000001b221b19c90 code [0x000001b221b19e60, 0x000001b221b1a048]
Event: 634.196 Thread 0x000001b23708a5a0 7272       2       org.springframework.beans.factory.support.DefaultSingletonBeanRegistry::lambda$registerDependentBean$1 (10 bytes)
Event: 634.196 Thread 0x000001b23708a5a0 nmethod 7272 0x000001b221b1a190 code [0x000001b221b1a360, 0x000001b221b1a4e8]
Event: 634.200 Thread 0x000001b23708a5a0 7273   !   2       org.springframework.beans.factory.support.ConstructorResolver::instantiateUsingFactoryMethod (1574 bytes)

GC Heap History (20 events):
Event: 9.427 GC heap before
{Heap before GC invocations=15 (full 0):
 garbage-first heap   total 68608K, used 53911K [0x0000000082200000, 0x0000000100000000)
  region size 1024K, 32 young (32768K), 4 survivors (4096K)
 Metaspace       used 58994K, committed 59456K, reserved 1105920K
  class space    used 7918K, committed 8128K, reserved 1048576K
}
Event: 9.433 GC heap after
{Heap after GC invocations=16 (full 0):
 garbage-first heap   total 68608K, used 27273K [0x0000000082200000, 0x0000000100000000)
  region size 1024K, 4 young (4096K), 4 survivors (4096K)
 Metaspace       used 58994K, committed 59456K, reserved 1105920K
  class space    used 7918K, committed 8128K, reserved 1048576K
}
Event: 9.464 GC heap before
{Heap before GC invocations=16 (full 0):
 garbage-first heap   total 68608K, used 27273K [0x0000000082200000, 0x0000000100000000)
  region size 1024K, 5 young (5120K), 4 survivors (4096K)
 Metaspace       used 59081K, committed 59456K, reserved 1105920K
  class space    used 7930K, committed 8128K, reserved 1048576K
}
Event: 9.469 GC heap after
{Heap after GC invocations=17 (full 0):
 garbage-first heap   total 68608K, used 28020K [0x0000000082200000, 0x0000000100000000)
  region size 1024K, 1 young (1024K), 1 survivors (1024K)
 Metaspace       used 59081K, committed 59456K, reserved 1105920K
  class space    used 7930K, committed 8128K, reserved 1048576K
}
Event: 21.550 GC heap before
{Heap before GC invocations=18 (full 0):
 garbage-first heap   total 68608K, used 53620K [0x0000000082200000, 0x0000000100000000)
  region size 1024K, 26 young (26624K), 1 survivors (1024K)
 Metaspace       used 63356K, committed 63744K, reserved 1105920K
  class space    used 8498K, committed 8704K, reserved 1048576K
}
Event: 21.563 GC heap after
{Heap after GC invocations=19 (full 0):
 garbage-first heap   total 68608K, used 29318K [0x0000000082200000, 0x0000000100000000)
  region size 1024K, 2 young (2048K), 2 survivors (2048K)
 Metaspace       used 63356K, committed 63744K, reserved 1105920K
  class space    used 8498K, committed 8704K, reserved 1048576K
}
Event: 469.793 GC heap before
{Heap before GC invocations=19 (full 0):
 garbage-first heap   total 68608K, used 53894K [0x0000000082200000, 0x0000000100000000)
  region size 1024K, 26 young (26624K), 2 survivors (2048K)
 Metaspace       used 65378K, committed 65856K, reserved 1105920K
  class space    used 8712K, committed 8960K, reserved 1048576K
}
Event: 469.798 GC heap after
{Heap after GC invocations=20 (full 0):
 garbage-first heap   total 68608K, used 29617K [0x0000000082200000, 0x0000000100000000)
  region size 1024K, 3 young (3072K), 3 survivors (3072K)
 Metaspace       used 65378K, committed 65856K, reserved 1105920K
  class space    used 8712K, committed 8960K, reserved 1048576K
}
Event: 631.603 GC heap before
{Heap before GC invocations=20 (full 0):
 garbage-first heap   total 68608K, used 35761K [0x0000000082200000, 0x0000000100000000)
  region size 1024K, 10 young (10240K), 3 survivors (3072K)
 Metaspace       used 65533K, committed 65984K, reserved 1114112K
  class space    used 8738K, committed 8960K, reserved 1048576K
}
Event: 631.678 GC heap after
{Heap after GC invocations=21 (full 1):
 garbage-first heap   total 68608K, used 24502K [0x0000000082200000, 0x0000000100000000)
  region size 1024K, 0 young (0K), 0 survivors (0K)
 Metaspace       used 65533K, committed 65984K, reserved 1114112K
  class space    used 8738K, committed 8960K, reserved 1048576K
}
Event: 632.650 GC heap before
{Heap before GC invocations=21 (full 1):
 garbage-first heap   total 68608K, used 53174K [0x0000000082200000, 0x0000000100000000)
  region size 1024K, 28 young (28672K), 0 survivors (0K)
 Metaspace       used 65890K, committed 66304K, reserved 1114112K
  class space    used 8753K, committed 8960K, reserved 1048576K
}
Event: 632.655 GC heap after
{Heap after GC invocations=22 (full 1):
 garbage-first heap   total 68608K, used 27008K [0x0000000082200000, 0x0000000100000000)
  region size 1024K, 3 young (3072K), 3 survivors (3072K)
 Metaspace       used 65890K, committed 66304K, reserved 1114112K
  class space    used 8753K, committed 8960K, reserved 1048576K
}
Event: 632.696 GC heap before
{Heap before GC invocations=22 (full 1):
 garbage-first heap   total 68608K, used 51584K [0x0000000082200000, 0x0000000100000000)
  region size 1024K, 28 young (28672K), 3 survivors (3072K)
 Metaspace       used 65906K, committed 66304K, reserved 1114112K
  class space    used 8753K, committed 8960K, reserved 1048576K
}
Event: 632.700 GC heap after
{Heap after GC invocations=23 (full 1):
 garbage-first heap   total 68608K, used 27307K [0x0000000082200000, 0x0000000100000000)
  region size 1024K, 1 young (1024K), 1 survivors (1024K)
 Metaspace       used 65906K, committed 66304K, reserved 1114112K
  class space    used 8753K, committed 8960K, reserved 1048576K
}
Event: 632.934 GC heap before
{Heap before GC invocations=23 (full 1):
 garbage-first heap   total 68608K, used 51883K [0x0000000082200000, 0x0000000100000000)
  region size 1024K, 26 young (26624K), 1 survivors (1024K)
 Metaspace       used 65976K, committed 66432K, reserved 1114112K
  class space    used 8754K, committed 8960K, reserved 1048576K
}
Event: 632.936 GC heap after
{Heap after GC invocations=24 (full 1):
 garbage-first heap   total 68608K, used 27274K [0x0000000082200000, 0x0000000100000000)
  region size 1024K, 1 young (1024K), 1 survivors (1024K)
 Metaspace       used 65976K, committed 66432K, reserved 1114112K
  class space    used 8754K, committed 8960K, reserved 1048576K
}
Event: 633.566 GC heap before
{Heap before GC invocations=24 (full 1):
 garbage-first heap   total 68608K, used 53898K [0x0000000082200000, 0x0000000100000000)
  region size 1024K, 27 young (27648K), 1 survivors (1024K)
 Metaspace       used 66462K, committed 66880K, reserved 1114112K
  class space    used 8773K, committed 8960K, reserved 1048576K
}
Event: 633.569 GC heap after
{Heap after GC invocations=25 (full 1):
 garbage-first heap   total 68608K, used 28470K [0x0000000082200000, 0x0000000100000000)
  region size 1024K, 2 young (2048K), 2 survivors (2048K)
 Metaspace       used 66462K, committed 66880K, reserved 1114112K
  class space    used 8773K, committed 8960K, reserved 1048576K
}
Event: 634.025 GC heap before
{Heap before GC invocations=25 (full 1):
 garbage-first heap   total 68608K, used 54070K [0x0000000082200000, 0x0000000100000000)
  region size 1024K, 27 young (27648K), 2 survivors (2048K)
 Metaspace       used 66776K, committed 67264K, reserved 1114112K
  class space    used 8788K, committed 9024K, reserved 1048576K
}
Event: 634.029 GC heap after
{Heap after GC invocations=26 (full 1):
 garbage-first heap   total 68608K, used 29713K [0x0000000082200000, 0x0000000100000000)
  region size 1024K, 3 young (3072K), 3 survivors (3072K)
 Metaspace       used 66776K, committed 67264K, reserved 1114112K
  class space    used 8788K, committed 9024K, reserved 1048576K
}

Deoptimization events (20 events):
Event: 633.941 Thread 0x000001b23ad9bae0 DEOPT PACKING pc=0x000001b228424f24 sp=0x0000007c3bff89a0
Event: 633.941 Thread 0x000001b23ad9bae0 DEOPT UNPACKING pc=0x000001b2208cd72e sp=0x0000007c3bff8980 mode 2
Event: 633.982 Thread 0x000001b23ad9bae0 Uncommon trap: trap_request=0xffffffde fr.pc=0x000001b228424d54 relative=0x0000000000000c54
Event: 633.982 Thread 0x000001b23ad9bae0 Uncommon trap: reason=class_check action=maybe_recompile pc=0x000001b228424d54 method=org.springframework.core.SerializableTypeWrapper.unwrap(Ljava/lang/reflect/Type;)Ljava/lang/reflect/Type; @ 18 c2
Event: 633.982 Thread 0x000001b23ad9bae0 DEOPT PACKING pc=0x000001b228424d54 sp=0x0000007c3bff8280
Event: 633.982 Thread 0x000001b23ad9bae0 DEOPT UNPACKING pc=0x000001b2208cd72e sp=0x0000007c3bff8260 mode 2
Event: 633.983 Thread 0x000001b23ad9bae0 Uncommon trap: trap_request=0xffffffde fr.pc=0x000001b228424f24 relative=0x0000000000000e24
Event: 633.983 Thread 0x000001b23ad9bae0 Uncommon trap: reason=class_check action=maybe_recompile pc=0x000001b228424f24 method=org.springframework.core.SerializableTypeWrapper.unwrap(Ljava/lang/reflect/Type;)Ljava/lang/reflect/Type; @ 10 c2
Event: 633.983 Thread 0x000001b23ad9bae0 DEOPT PACKING pc=0x000001b228424f24 sp=0x0000007c3bff8190
Event: 633.983 Thread 0x000001b23ad9bae0 DEOPT UNPACKING pc=0x000001b2208cd72e sp=0x0000007c3bff8170 mode 2
Event: 634.023 Thread 0x000001b23ad9bae0 Uncommon trap: trap_request=0xffffff45 fr.pc=0x000001b22872f718 relative=0x0000000000000778
Event: 634.023 Thread 0x000001b23ad9bae0 Uncommon trap: reason=unstable_if action=reinterpret pc=0x000001b22872f718 method=org.springframework.beans.factory.support.AbstractBeanFactory.isTypeMatch(Ljava/lang/String;Lorg/springframework/core/ResolvableType;Z)Z @ 581 c2
Event: 634.023 Thread 0x000001b23ad9bae0 DEOPT PACKING pc=0x000001b22872f718 sp=0x0000007c3bffa960
Event: 634.023 Thread 0x000001b23ad9bae0 DEOPT UNPACKING pc=0x000001b2208cd72e sp=0x0000007c3bffa930 mode 2
Event: 634.105 Thread 0x000001b23ad9bae0 DEOPT PACKING pc=0x000001b22153a606 sp=0x0000007c3bffd3b0
Event: 634.105 Thread 0x000001b23ad9bae0 DEOPT UNPACKING pc=0x000001b2208cdece sp=0x0000007c3bffc910 mode 0
Event: 634.106 Thread 0x000001b23ad9bae0 Uncommon trap: trap_request=0xffffff45 fr.pc=0x000001b22839bb9c relative=0x0000000000000bdc
Event: 634.106 Thread 0x000001b23ad9bae0 Uncommon trap: reason=unstable_if action=reinterpret pc=0x000001b22839bb9c method=org.springframework.beans.factory.support.DefaultSingletonBeanRegistry.getSingleton(Ljava/lang/String;Z)Ljava/lang/Object; @ 39 c2
Event: 634.106 Thread 0x000001b23ad9bae0 DEOPT PACKING pc=0x000001b22839bb9c sp=0x0000007c3bffd300
Event: 634.106 Thread 0x000001b23ad9bae0 DEOPT UNPACKING pc=0x000001b2208cd72e sp=0x0000007c3bffd2b8 mode 2

Classes unloaded (0 events):
No events

Classes redefined (0 events):
No events

Internal exceptions (20 events):
Event: 632.770 Thread 0x000001b23ad9bae0 Exception <a 'java/io/FileNotFoundException'{0x0000000085296350}> (0x0000000085296350) 
thrown [t:\workspace\open\src\hotspot\share\prims\jni.cpp, line 579]
Event: 632.864 Thread 0x000001b23ad9bae0 Exception <a 'java/io/FileNotFoundException'{0x0000000084f08138}> (0x0000000084f08138) 
thrown [t:\workspace\open\src\hotspot\share\prims\jni.cpp, line 579]
Event: 633.480 Thread 0x000001b23ad9bae0 Exception <a 'java/lang/ClassNotFoundException'{0x0000000085462728}: java/lang/ObjectCustomizer> (0x0000000085462728) 
thrown [t:\workspace\open\src\hotspot\share\classfile\systemDictionary.cpp, line 256]
Event: 633.482 Thread 0x000001b23ad9bae0 Exception <a 'java/lang/ClassNotFoundException'{0x000000008546c0e0}: com/testetechsolutio/TechSolutio/model/FornecedorModelCustomizer> (0x000000008546c0e0) 
thrown [t:\workspace\open\src\hotspot\share\classfile\systemDictionary.cpp, line 256]
Event: 633.583 Thread 0x000001b23ad9bae0 Exception <a 'java/lang/ClassNotFoundException'{0x0000000089f51a38}: java/lang/ObjectCustomizer> (0x0000000089f51a38) 
thrown [t:\workspace\open\src\hotspot\share\classfile\systemDictionary.cpp, line 256]
Event: 633.584 Thread 0x000001b23ad9bae0 Exception <a 'java/lang/ClassNotFoundException'{0x0000000089f5a650}: com/testetechsolutio/TechSolutio/model/ProdutoModelCustomizer> (0x0000000089f5a650) 
thrown [t:\workspace\open\src\hotspot\share\classfile\systemDictionary.cpp, line 256]
Event: 633.625 Thread 0x000001b23ad9bae0 Exception <a 'java/lang/reflect/InvocationTargetException'{0x0000000085ec76b8}> (0x0000000085ec76b8) 
thrown [t:\workspace\open\src\hotspot\share\runtime\reflection.cpp, line 1157]
Event: 633.643 Thread 0x000001b23ad9bae0 Exception <a 'java/lang/ClassNotFoundException'{0x0000000085dfdd10}: java/lang/ObjectCustomizer> (0x0000000085dfdd10) 
thrown [t:\workspace\open\src\hotspot\share\classfile\systemDictionary.cpp, line 256]
Event: 633.644 Thread 0x000001b23ad9bae0 Exception <a 'java/lang/ClassNotFoundException'{0x0000000085c06dd0}: com/testetechsolutio/TechSolutio/model/UsuarioModelCustomizer> (0x0000000085c06dd0) 
thrown [t:\workspace\open\src\hotspot\share\classfile\systemDictionary.cpp, line 256]
Event: 633.693 Thread 0x000001b23ad9bae0 Exception <a 'java/lang/reflect/InvocationTargetException'{0x0000000085546920}> (0x0000000085546920) 
thrown [t:\workspace\open\src\hotspot\share\runtime\reflection.cpp, line 1157]
Event: 633.695 Thread 0x000001b23ad9bae0 Exception <a 'java/lang/reflect/InvocationTargetException'{0x00000000855547b8}> (0x00000000855547b8) 
thrown [t:\workspace\open\src\hotspot\share\runtime\reflection.cpp, line 1157]
Event: 633.707 Thread 0x000001b23ad9bae0 Exception <a 'java/lang/ClassNotFoundException'{0x00000000855d1cc8}: java/lang/ObjectCustomizer> (0x00000000855d1cc8) 
thrown [t:\workspace\open\src\hotspot\share\classfile\systemDictionary.cpp, line 256]
Event: 633.709 Thread 0x000001b23ad9bae0 Exception <a 'java/lang/ClassNotFoundException'{0x00000000855d9ed8}: org/springframework/security/config/annotation/web/configuration/WebSecurityConfigurerAdapterCustomizer> (0x00000000855d9ed8) 
thrown [t:\workspace\open\src\hotspot\share\classfile\systemDictionary.cpp, line 256]
Event: 633.710 Thread 0x000001b23ad9bae0 Exception <a 'java/lang/ClassNotFoundException'{0x00000000855e9140}: com/testetechsolutio/TechSolutio/security/BasicSecurityConfigCustomizer> (0x00000000855e9140) 
thrown [t:\workspace\open\src\hotspot\share\classfile\systemDictionary.cpp, line 256]
Event: 633.711 Thread 0x000001b23ad9bae0 Exception <a 'java/lang/ClassNotFoundException'{0x00000000855f1c98}: com/testetechsolutio/TechSolutio/security/BasicSecurityConfig$$EnhancerBySpringCGLIB$$7c2070d3Customizer> (0x00000000855f1c98) 
thrown [t:\workspace\open\src\hotspot\share\classfile\systemDictionary.cpp, line 256]
Event: 633.713 Thread 0x000001b23ad9bae0 Exception <a 'java/lang/ClassNotFoundException'{0x00000000854048c0}: org/springframework/context/annotation/ConfigurationClassEnhancer$EnhancedConfigurationCustomizer> (0x00000000854048c0) 
thrown [t:\workspace\open\src\hotspot\share\classfile\systemDictionary.cpp, line 256]
Event: 633.714 Thread 0x000001b23ad9bae0 Exception <a 'java/lang/ClassNotFoundException'{0x0000000085408cd0}: org/springframework/beans/factory/BeanFactoryAwareCustomizer> (0x0000000085408cd0) 
thrown [t:\workspace\open\src\hotspot\share\classfile\systemDictionary.cpp, line 256]
Event: 633.715 Thread 0x000001b23ad9bae0 Exception <a 'java/lang/ClassNotFoundException'{0x000000008540e6e0}: org/springframework/beans/factory/AwareCustomizer> (0x000000008540e6e0) 
thrown [t:\workspace\open\src\hotspot\share\classfile\systemDictionary.cpp, line 256]
Event: 633.715 Thread 0x000001b23ad9bae0 Exception <a 'java/lang/ClassNotFoundException'{0x0000000085413000}: org/springframework/security/config/annotation/web/WebSecurityConfigurerCustomizer> (0x0000000085413000) 
thrown [t:\workspace\open\src\hotspot\share\classfile\systemDictionary.cpp, line 256]
Event: 633.716 Thread 0x000001b23ad9bae0 Exception <a 'java/lang/ClassNotFoundException'{0x00000000854178f0}: org/springframework/security/config/annotation/SecurityConfigurerCustomizer> (0x00000000854178f0) 
thrown [t:\workspace\open\src\hotspot\share\classfile\systemDictionary.cpp, line 256]

Events (20 events):
Event: 633.480 loading class java/lang/ObjectCustomizer done
Event: 633.565 Executing  VM operation: G1CollectForAllocation
Event: 633.569 Executing  VM operation: G1CollectForAllocation done
Event: 633.583 loading class java/lang/ObjectCustomizer
Event: 633.583 loading class java/lang/ObjectCustomizer done
Event: 633.583 loading class java/lang/ObjectCustomizer
Event: 633.583 loading class java/lang/ObjectCustomizer done
Event: 633.643 loading class java/lang/ObjectCustomizer
Event: 633.643 loading class java/lang/ObjectCustomizer done
Event: 633.643 loading class java/lang/ObjectCustomizer
Event: 633.643 loading class java/lang/ObjectCustomizer done
Event: 633.707 loading class java/lang/ObjectCustomizer
Event: 633.707 loading class java/lang/ObjectCustomizer done
Event: 633.707 loading class java/lang/ObjectCustomizer
Event: 633.707 loading class java/lang/ObjectCustomizer done
Event: 633.918 Executing  VM operation: ICBufferFull
Event: 633.918 Executing  VM operation: ICBufferFull done
Event: 634.025 Executing  VM operation: G1CollectForAllocation
Event: 634.029 Executing  VM operation: G1CollectForAllocation done
Event: 634.197 Thread 0x000001b23ad9b040 Thread added: 0x000001b23ad9b040


Dynamic libraries:
0x00007ff725f40000 - 0x00007ff725f50000 	C:\Program Files\Java\jdk-16.0.2\bin\javaw.exe
0x00007fff17470000 - 0x00007fff17665000 	C:\Windows\SYSTEM32\ntdll.dll
0x00007fff17100000 - 0x00007fff171be000 	C:\Windows\System32\KERNEL32.DLL
0x00007fff14c80000 - 0x00007fff14f48000 	C:\Windows\System32\KERNELBASE.dll
0x00007fff15300000 - 0x00007fff15400000 	C:\Windows\System32\ucrtbase.dll
0x00007fff0a130000 - 0x00007fff0a149000 	C:\Program Files\Java\jdk-16.0.2\bin\VCRUNTIME140.dll
0x00007fff0ef40000 - 0x00007fff0ef58000 	C:\Program Files\Java\jdk-16.0.2\bin\jli.dll
0x00007fff15f00000 - 0x00007fff15fae000 	C:\Windows\System32\ADVAPI32.dll
0x00007fff16de0000 - 0x00007fff16e7e000 	C:\Windows\System32\msvcrt.dll
0x00007fff16520000 - 0x00007fff165bc000 	C:\Windows\System32\sechost.dll
0x00007fff16aa0000 - 0x00007fff16bc5000 	C:\Windows\System32\RPCRT4.dll
0x00007fff16c30000 - 0x00007fff16dd1000 	C:\Windows\System32\USER32.dll
0x00007fff13f20000 - 0x00007fff141ba000 	C:\Windows\WinSxS\amd64_microsoft.windows.common-controls_6595b64144ccf1df_6.0.19041.1110_none_60b5254171f9507e\COMCTL32.dll
0x00007fff15060000 - 0x00007fff15082000 	C:\Windows\System32\win32u.dll
0x00007fff15fb0000 - 0x00007fff15fdb000 	C:\Windows\System32\GDI32.dll
0x00007fff14f50000 - 0x00007fff1505d000 	C:\Windows\System32\gdi32full.dll
0x00007fff14b80000 - 0x00007fff14c1d000 	C:\Windows\System32\msvcp_win.dll
0x00007fff0a7b0000 - 0x00007fff0a7ba000 	C:\Windows\SYSTEM32\VERSION.dll
0x00007fff163d0000 - 0x00007fff16400000 	C:\Windows\System32\IMM32.DLL
0x00007fff0f430000 - 0x00007fff0f43c000 	C:\Program Files\Java\jdk-16.0.2\bin\vcruntime140_1.dll
0x00007ffeda180000 - 0x00007ffeda211000 	C:\Program Files\Java\jdk-16.0.2\bin\msvcp140.dll
0x00007ffece010000 - 0x00007ffecebbb000 	C:\Program Files\Java\jdk-16.0.2\bin\server\jvm.dll
0x00007fff17420000 - 0x00007fff17428000 	C:\Windows\System32\PSAPI.DLL
0x00007fff0ede0000 - 0x00007fff0ede9000 	C:\Windows\SYSTEM32\WSOCK32.dll
0x00007ffefdeb0000 - 0x00007ffefded7000 	C:\Windows\SYSTEM32\WINMM.dll
0x00007fff16e80000 - 0x00007fff16eeb000 	C:\Windows\System32\WS2_32.dll
0x00007fff12db0000 - 0x00007fff12dc2000 	C:\Windows\SYSTEM32\kernel.appcore.dll
0x00007fff0b350000 - 0x00007fff0b35a000 	C:\Program Files\Java\jdk-16.0.2\bin\jimage.dll
0x00007fff14300000 - 0x00007fff144e4000 	C:\Windows\SYSTEM32\DBGHELP.DLL
0x00007fff142d0000 - 0x00007fff142fc000 	C:\Windows\SYSTEM32\dbgcore.DLL
0x00007fff15270000 - 0x00007fff152f2000 	C:\Windows\System32\bcryptPrimitives.dll
0x00007fff07fa0000 - 0x00007fff07fc5000 	C:\Program Files\Java\jdk-16.0.2\bin\java.dll
0x00007fff15520000 - 0x00007fff15c64000 	C:\Windows\System32\SHELL32.dll
0x00007fff12600000 - 0x00007fff12d95000 	C:\Windows\SYSTEM32\windows.storage.dll
0x00007fff16070000 - 0x00007fff163c5000 	C:\Windows\System32\combase.dll
0x00007fff13e80000 - 0x00007fff13eae000 	C:\Windows\SYSTEM32\Wldp.dll
0x00007fff171c0000 - 0x00007fff1726d000 	C:\Windows\System32\SHCORE.dll
0x00007fff16400000 - 0x00007fff16455000 	C:\Windows\System32\shlwapi.dll
0x00007fff14ac0000 - 0x00007fff14adf000 	C:\Windows\SYSTEM32\profapi.dll
0x00007fff07de0000 - 0x00007fff07df9000 	C:\Program Files\Java\jdk-16.0.2\bin\net.dll
0x00007fff08b70000 - 0x00007fff08c7c000 	C:\Windows\SYSTEM32\WINHTTP.dll
0x00007fff13d50000 - 0x00007fff13dba000 	C:\Windows\system32\mswsock.dll
0x00007fff07dc0000 - 0x00007fff07dd3000 	C:\Program Files\Java\jdk-16.0.2\bin\nio.dll
0x00007fff07da0000 - 0x00007fff07db8000 	C:\Program Files\Java\jdk-16.0.2\bin\zip.dll
0x00007fff0ae00000 - 0x00007fff0ae10000 	C:\Program Files\Java\jdk-16.0.2\bin\verify.dll
0x00007fff0aac0000 - 0x00007fff0aac9000 	C:\Program Files\Java\jdk-16.0.2\bin\management.dll
0x00007fff0a9b0000 - 0x00007fff0a9bb000 	C:\Program Files\Java\jdk-16.0.2\bin\management_ext.dll
0x00007ffef87a0000 - 0x00007ffef87b7000 	C:\Windows\system32\napinsp.dll
0x00007ffef8780000 - 0x00007ffef879b000 	C:\Windows\system32\pnrpnsp.dll
0x00007fff0b050000 - 0x00007fff0b065000 	C:\Windows\system32\wshbth.dll
0x00007fff0c270000 - 0x00007fff0c28d000 	C:\Windows\system32\NLAapi.dll
0x00007fff138d0000 - 0x00007fff1390b000 	C:\Windows\SYSTEM32\IPHLPAPI.DLL
0x00007fff13910000 - 0x00007fff139db000 	C:\Windows\SYSTEM32\DNSAPI.dll
0x00007fff154b0000 - 0x00007fff154b8000 	C:\Windows\System32\NSI.dll
0x00007ffef8760000 - 0x00007ffef8772000 	C:\Windows\System32\winrnr.dll
0x00007ffefdca0000 - 0x00007ffefdcaa000 	C:\Windows\System32\rasadhlp.dll
0x00007ffefdcc0000 - 0x00007ffefdd3f000 	C:\Windows\System32\fwpuclnt.dll
0x00007fff150e0000 - 0x00007fff15107000 	C:\Windows\System32\bcrypt.dll
0x00007fff14830000 - 0x00007fff14848000 	C:\Windows\SYSTEM32\CRYPTSP.dll
0x00007fff13580000 - 0x00007fff135b4000 	C:\Windows\system32\rsaenh.dll
0x00007fff14a40000 - 0x00007fff14a6e000 	C:\Windows\SYSTEM32\USERENV.dll
0x00007fff13e40000 - 0x00007fff13e4c000 	C:\Windows\SYSTEM32\CRYPTBASE.dll
0x00007fff091e0000 - 0x00007fff091f7000 	C:\Windows\SYSTEM32\dhcpcsvc6.DLL
0x00007fff09570000 - 0x00007fff0958d000 	C:\Windows\SYSTEM32\dhcpcsvc.DLL
0x00007fff0a320000 - 0x00007fff0a32e000 	C:\Program Files\Java\jdk-16.0.2\bin\sunmscapi.dll
0x00007fff15110000 - 0x00007fff15266000 	C:\Windows\System32\CRYPT32.dll
0x00007fff13ef0000 - 0x00007fff13f17000 	C:\Windows\SYSTEM32\ncrypt.dll
0x00007fff13eb0000 - 0x00007fff13eeb000 	C:\Windows\SYSTEM32\NTASN1.dll
0x00007fff0f1b0000 - 0x00007fff0f1b7000 	C:\Windows\system32\wshunix.dll

dbghelp: loaded successfully - version: 4.0.5 - missing functions: none
symbol engine: initialized successfully - sym options: 0x614 - pdb path: .;C:\Program Files\Java\jdk-16.0.2\bin;C:\Windows\SYSTEM32;C:\Windows\WinSxS\amd64_microsoft.windows.common-controls_6595b64144ccf1df_6.0.19041.1110_none_60b5254171f9507e;C:\Program Files\Java\jdk-16.0.2\bin\server

VM Arguments:
jvm_args: -Dfile.encoding=UTF-8 -XX:+ShowCodeDetailsInExceptionMessages 
java_command: com.testetechsolutio.TechSolutio.TechSolutioApplication
java_class_path (initial): C:\Users\usuario\Desktop\TesteTech\target\classes;C:\Users\usuario\.m2\repository\io\springfox\springfox-spring-web\3.0.0\springfox-spring-web-3.0.0.jar;C:\Users\usuario\.m2\repository\io\springfox\springfox-spi\3.0.0\springfox-spi-3.0.0.jar;C:\Users\usuario\.m2\repository\io\springfox\springfox-core\3.0.0\springfox-core-3.0.0.jar;C:\Users\usuario\.m2\repository\org\springframework\boot\spring-boot-starter-web\2.6.2\spring-boot-starter-web-2.6.2.jar;C:\Users\usuario\.m2\repository\org\springframework\boot\spring-boot-starter\2.6.2\spring-boot-starter-2.6.2.jar;C:\Users\usuario\.m2\repository\org\springframework\boot\spring-boot-starter-logging\2.6.2\spring-boot-starter-logging-2.6.2.jar;C:\Users\usuario\.m2\repository\ch\qos\logback\logback-classic\1.2.9\logback-classic-1.2.9.jar;C:\Users\usuario\.m2\repository\ch\qos\logback\logback-core\1.2.9\logback-core-1.2.9.jar;C:\Users\usuario\.m2\repository\org\apache\logging\log4j\log4j-to-slf4j\2.17.0\log4j-to-slf4j-2.17.0.jar;C:\Users\usuario\.m2\repository\org\apache\logging\log4j\log4j-api\2.17.0\log4j-api-2.17.0.jar;C:\Users\usuario\.m2\repository\org\slf4j\jul-to-slf4j\1.7.32\jul-to-slf4j-1.7.32.jar;C:\Users\usuario\.m2\repository\jakarta\annotation\jakarta.annotation-api\1.3.5\jakarta.annotation-api-1.3.5.jar;C:\Users\usuario\.m2\repository\org\yaml\snakeyaml\1.29\snakeyaml-1.29.jar;C:\Users\usuario\.m2\repository\org\springframework\boot\spring-boot-starter-json\2.6.2\spring-boot-starter-json-2.6.2.jar;C:\Users\usuario\.m2\repository\com\fasterxml\jackson\core\jackson-databind\2.13.1\jackson-databind-2.13.1.jar;C:\Users\usuario\.m2\repository\com\fasterxml\jackson\core\jackson-annotations\2.13.1\jackson-annotations-2.13.1.jar;C:\Users\usuario\.m2\repository\com\fasterxml\jackson\core\jackson-core\2.13.1\jackson-core-2.13.1.jar;C:\Users\usuario\.m2\repository\com\fasterxml\jackson\datatype\jackson-datatype-jdk8\2.13.1\jackson-datatype-jdk8-2.13.1.jar;C:\Users\usuario\.m2\repository\com\fa
Launcher Type: SUN_STANDARD

[Global flags]
     intx CICompilerCount                          = 4                                         {product} {ergonomic}
     uint ConcGCThreads                            = 2                                         {product} {ergonomic}
     uint G1ConcRefinementThreads                  = 8                                         {product} {ergonomic}
   size_t G1HeapRegionSize                         = 1048576                                   {product} {ergonomic}
    uintx GCDrainStackTargetSize                   = 64                                        {product} {ergonomic}
   size_t InitialHeapSize                          = 132120576                                 {product} {ergonomic}
   size_t MarkStackSize                            = 4194304                                   {product} {ergonomic}
   size_t MaxHeapSize                              = 2111832064                                {product} {ergonomic}
   size_t MaxNewSize                               = 1266679808                                {product} {ergonomic}
   size_t MinHeapDeltaBytes                        = 1048576                                   {product} {ergonomic}
   size_t MinHeapSize                              = 8388608                                   {product} {ergonomic}
    uintx NonNMethodCodeHeapSize                   = 5839372                                {pd product} {ergonomic}
    uintx NonProfiledCodeHeapSize                  = 122909434                              {pd product} {ergonomic}
    uintx ProfiledCodeHeapSize                     = 122909434                              {pd product} {ergonomic}
    uintx ReservedCodeCacheSize                    = 251658240                              {pd product} {ergonomic}
     bool SegmentedCodeCache                       = true                                      {product} {ergonomic}
     bool ShowCodeDetailsInExceptionMessages       = true                                   {manageable} {command line}
   size_t SoftMaxHeapSize                          = 2111832064                             {manageable} {ergonomic}
     bool UseCompressedClassPointers               = true                           {product lp64_product} {ergonomic}
     bool UseCompressedOops                        = true                           {product lp64_product} {ergonomic}
     bool UseG1GC                                  = true                                      {product} {ergonomic}
     bool UseLargePagesIndividualAllocation        = false                                  {pd product} {ergonomic}

Logging:
Log output configuration:
 #0: stdout all=warning uptime,level,tags
 #1: stderr all=off uptime,level,tags

Environment Variables:
PATH=C:\Program Files\Common Files\Oracle\Java\javapath;C:\Windows\system32;C:\Windows;C:\Windows\System32\Wbem;C:\Windows\System32\WindowsPowerShell\v1.0\;C:\Windows\System32\OpenSSH\;C:\Program Files (x86)\Intel\Intel(R) Management Engine Components\DAL;C:\Program Files\Intel\Intel(R) Management Engine Components\DAL;C:\ProgramData\UNIVALI\Portugol Studio;C:\Program Files\SafeNet\Authentication\SAC\x64;C:\Program Files\SafeNet\Authentication\SAC\x32;C:\Program Files\Git\cmd;C:\Program Files\nodejs\;C:\Users\usuario\AppData\Local\Microsoft\WindowsApps;C:\Program Files\Java\jdk1.8.0_121\bin;C:\Users\usuario\AppData\Local\Programs\Microsoft VS Code\bin;C:\Users\usuario\AppData\Local\GitHubDesktop\bin;C:\ProgramData\usuario\GitHubDesktop\bin;C:\Users\usuario\AppData\Roaming\npm
USERNAME=usuario
OS=Windows_NT
PROCESSOR_IDENTIFIER=Intel64 Family 6 Model 142 Stepping 10, GenuineIntel



---------------  S Y S T E M  ---------------

OS:
 Windows 10 , 64 bit Build 19041 (10.0.19041.1466)
OS uptime: 0 days 14:48 hours

CPU: total 8 (initial active 8) (4 cores per cpu, 2 threads per core) family 6 model 142 stepping 10 microcode 0xea, cx8, cmov, fxsr, ht, mmx, 3dnowpref, sse, sse2, sse3, ssse3, sse4.1, sse4.2, popcnt, lzcnt, tsc, tscinvbit, avx, avx2, aes, erms, clmul, bmi1, bmi2, adx, fma, vzeroupper, clflush, clflushopt

Memory: 4k page, system-wide physical 8050M (904M free)
TotalPageFile size 12146M (AvailPageFile size 5M)
current process WorkingSet (physical memory assigned to process): 292M, peak: 294M
current process commit charge ("private bytes"): 330M, peak: 333M

vm_info: Java HotSpot(TM) 64-Bit Server VM (16.0.2+7-67) for windows-amd64 JRE (16.0.2+7-67), built on Jun  8 2021 23:24:19 by "mach5one" with MS VC++ 16.7 (VS2019)

END.
