#
# There is insufficient memory for the Java Runtime Environment to continue.
# Native memory allocation (malloc) failed to allocate 2107088 bytes for Chunk::new
# Possible reasons:
#   The system is out of physical RAM or swap space
#   The process is running with CompressedOops enabled, and the Java Heap may be blocking the growth of the native heap
# Possible solutions:
#   Reduce memory load on the system
#   Increase physical memory or swap space
#   Check if swap backing store is full
#   Decrease Java heap size (-Xmx/-Xms)
#   Decrease number of Java threads
#   Decrease Java thread stack sizes (-Xss)
#   Set larger code cache with -XX:ReservedCodeCacheSize=
#   JVM is running with Unscaled Compressed Oops mode in which the Java heap is
#     placed in the first 4GB address space. The Java Heap base address is the
#     maximum limit for the native heap growth. Please use -XX:HeapBaseMinAddress
#     to set the Java Heap base and to place the Java Heap above 4GB virtual address.
# This output file may be truncated or incomplete.
#
#  Out of Memory Error (arena.cpp:195), pid=15980, tid=13052
#
# JRE version: Java(TM) SE Runtime Environment (16.0.2+7) (build 16.0.2+7-67)
# Java VM: Java HotSpot(TM) 64-Bit Server VM (16.0.2+7-67, mixed mode, sharing, tiered, compressed oops, compressed class ptrs, g1 gc, windows-amd64)
# No core dump will be written. Minidumps are not enabled by default on client versions of Windows
#

---------------  S U M M A R Y ------------

Command Line: -Dfile.encoding=UTF-8 -XX:+ShowCodeDetailsInExceptionMessages com.testetechsolutio.TechSolutio.TechSolutioApplication

Host: Intel(R) Core(TM) i5-8250U CPU @ 1.60GHz, 8 cores, 7G,  Windows 10 , 64 bit Build 19041 (10.0.19041.1466)
Time: Tue Jan 18 22:41:44 2022 Hora oficial do Brasil elapsed time: 7.008507 seconds (0d 0h 0m 7s)

---------------  T H R E A D  ---------------

Current thread (0x000001e2bd510920):  JavaThread "C2 CompilerThread1" daemon [_thread_in_native, id=13052, stack(0x000000076e200000,0x000000076e300000)]


Current CompileTask:
C2:   7008 3355       4       org.springframework.core.ResolvableType::as (86 bytes)

Stack: [0x000000076e200000,0x000000076e300000]
Native frames: (J=compiled Java code, j=interpreted, Vv=VM code, C=native code)
V  [jvm.dll+0x6681ca]
V  [jvm.dll+0x7c9e69]
V  [jvm.dll+0x7cb61e]
V  [jvm.dll+0x7cbc73]
V  [jvm.dll+0x242c55]
V  [jvm.dll+0xadeba]
V  [jvm.dll+0xae45c]
V  [jvm.dll+0x35a8d7]
V  [jvm.dll+0x324de1]
V  [jvm.dll+0x32428a]
V  [jvm.dll+0x215cec]
V  [jvm.dll+0x215100]
V  [jvm.dll+0x1a1beb]
V  [jvm.dll+0x225158]
V  [jvm.dll+0x22319c]
V  [jvm.dll+0x77fa62]
V  [jvm.dll+0x7795aa]
V  [jvm.dll+0x667066]
C  [ucrtbase.dll+0x21bb2]
C  [KERNEL32.DLL+0x17034]
C  [ntdll.dll+0x52651]


---------------  P R O C E S S  ---------------

Threads class SMR info:
_java_thread_list=0x000001e2bfa061d0, length=16, elements={
0x000001e29e165ea0, 0x000001e2bc0c9a40, 0x000001e2bc0cb0a0, 0x000001e2bc0d6000,
0x000001e2bc0d9a20, 0x000001e2bc0dbbd0, 0x000001e2bc0dcd70, 0x000001e2bc0e1ee0,
0x000001e2bc0eb940, 0x000001e2bc0f83a0, 0x000001e2bcca7d70, 0x000001e2bccbf330,
0x000001e2bd510920, 0x000001e2bde04f80, 0x000001e2bdec9e00, 0x000001e2bf943bf0
}

Java Threads: ( => current thread )
  0x000001e29e165ea0 JavaThread "main" [_thread_blocked, id=15852, stack(0x000000076cf00000,0x000000076d000000)]
  0x000001e2bc0c9a40 JavaThread "Reference Handler" daemon [_thread_blocked, id=9940, stack(0x000000076d600000,0x000000076d700000)]
  0x000001e2bc0cb0a0 JavaThread "Finalizer" daemon [_thread_blocked, id=3468, stack(0x000000076d700000,0x000000076d800000)]
  0x000001e2bc0d6000 JavaThread "Signal Dispatcher" daemon [_thread_blocked, id=5236, stack(0x000000076d800000,0x000000076d900000)]
  0x000001e2bc0d9a20 JavaThread "Attach Listener" daemon [_thread_blocked, id=2732, stack(0x000000076d900000,0x000000076da00000)]
  0x000001e2bc0dbbd0 JavaThread "Service Thread" daemon [_thread_blocked, id=1348, stack(0x000000076da00000,0x000000076db00000)]
  0x000001e2bc0dcd70 JavaThread "Monitor Deflation Thread" daemon [_thread_blocked, id=7680, stack(0x000000076db00000,0x000000076dc00000)]
  0x000001e2bc0e1ee0 JavaThread "C2 CompilerThread0" daemon [_thread_in_native, id=10016, stack(0x000000076dc00000,0x000000076dd00000)]
  0x000001e2bc0eb940 JavaThread "C1 CompilerThread0" daemon [_thread_blocked, id=13248, stack(0x000000076dd00000,0x000000076de00000)]
  0x000001e2bc0f83a0 JavaThread "Sweeper thread" daemon [_thread_blocked, id=16240, stack(0x000000076de00000,0x000000076df00000)]
  0x000001e2bcca7d70 JavaThread "Notification Thread" daemon [_thread_blocked, id=11572, stack(0x000000076df00000,0x000000076e000000)]
  0x000001e2bccbf330 JavaThread "Common-Cleaner" daemon [_thread_blocked, id=8056, stack(0x000000076e100000,0x000000076e200000)]
=>0x000001e2bd510920 JavaThread "C2 CompilerThread1" daemon [_thread_in_native, id=13052, stack(0x000000076e200000,0x000000076e300000)]
  0x000001e2bde04f80 JavaThread "Thread-0" [_thread_blocked, id=1524, stack(0x000000076e900000,0x000000076ea00000)]
  0x000001e2bdec9e00 JavaThread "restartedMain" [_thread_in_Java, id=10984, stack(0x000000076ea00000,0x000000076eb00000)]
  0x000001e2bf943bf0 JavaThread "C2 CompilerThread2" daemon [_thread_in_native, id=14576, stack(0x000000076ec00000,0x000000076ed00000)]

Other Threads:
  0x000001e2bc0c5650 VMThread "VM Thread" [stack: 0x000000076d500000,0x000000076d600000] [id=15092]
  0x000001e2bccb0ee0 WatcherThread [stack: 0x000000076e000000,0x000000076e100000] [id=1676]
  0x000001e29e1a6090 GCTaskThread "GC Thread#0" [stack: 0x000000076d000000,0x000000076d100000] [id=10948]
  0x000001e2bd557650 GCTaskThread "GC Thread#1" [stack: 0x000000076e300000,0x000000076e400000] [id=12964]
  0x000001e2bd6ff280 GCTaskThread "GC Thread#2" [stack: 0x000000076e400000,0x000000076e500000] [id=8560]
  0x000001e2bd9ff2e0 GCTaskThread "GC Thread#3" [stack: 0x000000076e500000,0x000000076e600000] [id=9604]
  0x000001e2bd515300 GCTaskThread "GC Thread#4" [stack: 0x000000076e600000,0x000000076e700000] [id=12176]
  0x000001e2bd515610 GCTaskThread "GC Thread#5" [stack: 0x000000076e700000,0x000000076e800000] [id=6284]
  0x000001e2be448cf0 GCTaskThread "GC Thread#6" [stack: 0x000000076ed00000,0x000000076ee00000] [id=8440]
  0x000001e2be3370f0 GCTaskThread "GC Thread#7" [stack: 0x000000076ee00000,0x000000076ef00000] [id=13964]
  0x000001e29e1b7530 ConcurrentGCThread "G1 Main Marker" [stack: 0x000000076d100000,0x000000076d200000] [id=12836]
  0x000001e29e1b8020 ConcurrentGCThread "G1 Conc#0" [stack: 0x000000076d200000,0x000000076d300000] [id=11160]
  0x000001e2bfa4c5e0 ConcurrentGCThread "G1 Conc#1" [stack: 0x000000076eb00000,0x000000076ec00000] [id=6544]
  0x000001e2bbf80090 ConcurrentGCThread "G1 Refine#0" [stack: 0x000000076d300000,0x000000076d400000] [id=15104]
  0x000001e2bd515d30 ConcurrentGCThread "G1 Refine#1" [stack: 0x000000076e800000,0x000000076e900000] [id=13852]
  0x000001e2bbf80b90 ConcurrentGCThread "G1 Service" [stack: 0x000000076d400000,0x000000076d500000] [id=10412]

Threads with active compile tasks:
C2 CompilerThread0     7059 3354       4       org.springframework.beans.factory.support.AbstractBeanFactory::isFactoryBean (60 bytes)
C2 CompilerThread1     7059 3355       4       org.springframework.core.ResolvableType::as (86 bytes)
C2 CompilerThread2     7059 3452       4       org.springframework.beans.factory.support.AbstractAutowireCapableBeanFactory::predictBeanType (126 bytes)

VM state: not at safepoint (normal execution)

VM Mutex/Monitor currently owned by a thread: None

Heap address: 0x0000000082200000, size: 2014 MB, Compressed Oops mode: 32-bit

CDS archive(s) mapped at: [0x0000000800000000-0x0000000800bb0000-0x0000000800bb0000), size 12255232, SharedBaseAddress: 0x0000000800000000, ArchiveRelocationMode: 0.
Compressed class space mapped at: 0x0000000800c00000-0x0000000840c00000, reserved size: 1073741824
Narrow klass base: 0x0000000800000000, Narrow klass shift: 3, Narrow klass range: 0x100000000

GC Precious Log:
 CPUs: 8 total, 8 available
 Memory: 8050M
 Large Page Support: Disabled
 NUMA Support: Disabled
 Compressed Oops: Enabled (32-bit)
 Heap Region Size: 1M
 Heap Min Capacity: 8M
 Heap Initial Capacity: 126M
 Heap Max Capacity: 2014M
 Pre-touch: Disabled
 Parallel Workers: 8
 Concurrent Workers: 2
 Concurrent Refinement Workers: 8
 Periodic GC: Disabled

Heap:
 garbage-first heap   total 48128K, used 45041K [0x0000000082200000, 0x0000000100000000)
  region size 1024K, 39 young (39936K), 6 survivors (6144K)
 Metaspace       used 26404K, committed 26816K, reserved 1073152K
  class space    used 3401K, committed 3584K, reserved 1048576K

Heap Regions: E=young(eden), S=young(survivor), O=old, HS=humongous(starts), HC=humongous(continues), CS=collection set, F=free, OA=open archive, CA=closed archive, TAMS=top-at-mark-start (previous, next)
|   0|0x0000000082200000, 0x0000000082300000, 0x0000000082300000|100%|HS|  |TAMS 0x0000000082300000, 0x0000000082200000| Complete 
|   1|0x0000000082300000, 0x0000000082400000, 0x0000000082400000|100%| O|  |TAMS 0x0000000082400000, 0x0000000082300000| Untracked 
|   2|0x0000000082400000, 0x0000000082500000, 0x0000000082500000|100%| O|  |TAMS 0x0000000082500000, 0x0000000082400000| Untracked 
|   3|0x0000000082500000, 0x0000000082600000, 0x0000000082600000|100%| O|  |TAMS 0x0000000082600000, 0x0000000082500000| Untracked 
|   4|0x0000000082600000, 0x0000000082700000, 0x0000000082700000|100%| O|  |TAMS 0x0000000082700000, 0x0000000082600000| Untracked 
|   5|0x0000000082700000, 0x0000000082800000, 0x0000000082800000|100%| O|  |TAMS 0x0000000082800000, 0x0000000082700000| Untracked 
|   6|0x0000000082800000, 0x00000000828b5400, 0x0000000082900000| 70%| O|  |TAMS 0x00000000828b5400, 0x0000000082800000| Untracked 
|   7|0x0000000082900000, 0x0000000082900000, 0x0000000082a00000|  0%| F|  |TAMS 0x0000000082900000, 0x0000000082900000| Untracked 
|   8|0x0000000082a00000, 0x0000000082a80800, 0x0000000082b00000| 50%| E|  |TAMS 0x0000000082a00000, 0x0000000082a00000| Complete 
|   9|0x0000000082b00000, 0x0000000082c00000, 0x0000000082c00000|100%| E|CS|TAMS 0x0000000082b00000, 0x0000000082b00000| Complete 
|  10|0x0000000082c00000, 0x0000000082d00000, 0x0000000082d00000|100%| E|CS|TAMS 0x0000000082c00000, 0x0000000082c00000| Complete 
|  11|0x0000000082d00000, 0x0000000082e00000, 0x0000000082e00000|100%| E|CS|TAMS 0x0000000082d00000, 0x0000000082d00000| Complete 
|  12|0x0000000082e00000, 0x0000000082f00000, 0x0000000082f00000|100%| E|CS|TAMS 0x0000000082e00000, 0x0000000082e00000| Complete 
|  13|0x0000000082f00000, 0x0000000083000000, 0x0000000083000000|100%| E|CS|TAMS 0x0000000082f00000, 0x0000000082f00000| Complete 
|  14|0x0000000083000000, 0x0000000083100000, 0x0000000083100000|100%| E|CS|TAMS 0x0000000083000000, 0x0000000083000000| Complete 
|  15|0x0000000083100000, 0x0000000083200000, 0x0000000083200000|100%| E|CS|TAMS 0x0000000083100000, 0x0000000083100000| Complete 
|  16|0x0000000083200000, 0x0000000083300000, 0x0000000083300000|100%| E|CS|TAMS 0x0000000083200000, 0x0000000083200000| Complete 
|  17|0x0000000083300000, 0x0000000083400000, 0x0000000083400000|100%| E|CS|TAMS 0x0000000083300000, 0x0000000083300000| Complete 
|  18|0x0000000083400000, 0x0000000083500000, 0x0000000083500000|100%| E|CS|TAMS 0x0000000083400000, 0x0000000083400000| Complete 
|  19|0x0000000083500000, 0x0000000083600000, 0x0000000083600000|100%| E|CS|TAMS 0x0000000083500000, 0x0000000083500000| Complete 
|  20|0x0000000083600000, 0x0000000083700000, 0x0000000083700000|100%| E|CS|TAMS 0x0000000083600000, 0x0000000083600000| Complete 
|  21|0x0000000083700000, 0x0000000083800000, 0x0000000083800000|100%| E|CS|TAMS 0x0000000083700000, 0x0000000083700000| Complete 
|  22|0x0000000083800000, 0x0000000083900000, 0x0000000083900000|100%| E|CS|TAMS 0x0000000083800000, 0x0000000083800000| Complete 
|  23|0x0000000083900000, 0x0000000083a00000, 0x0000000083a00000|100%| E|CS|TAMS 0x0000000083900000, 0x0000000083900000| Complete 
|  24|0x0000000083a00000, 0x0000000083b00000, 0x0000000083b00000|100%| E|CS|TAMS 0x0000000083a00000, 0x0000000083a00000| Complete 
|  25|0x0000000083b00000, 0x0000000083c00000, 0x0000000083c00000|100%| E|CS|TAMS 0x0000000083b00000, 0x0000000083b00000| Complete 
|  26|0x0000000083c00000, 0x0000000083d00000, 0x0000000083d00000|100%| E|CS|TAMS 0x0000000083c00000, 0x0000000083c00000| Complete 
|  27|0x0000000083d00000, 0x0000000083e00000, 0x0000000083e00000|100%| E|CS|TAMS 0x0000000083d00000, 0x0000000083d00000| Complete 
|  28|0x0000000083e00000, 0x0000000083f00000, 0x0000000083f00000|100%| E|CS|TAMS 0x0000000083e00000, 0x0000000083e00000| Complete 
|  29|0x0000000083f00000, 0x0000000084000000, 0x0000000084000000|100%| E|CS|TAMS 0x0000000083f00000, 0x0000000083f00000| Complete 
|  30|0x0000000084000000, 0x0000000084100000, 0x0000000084100000|100%| E|CS|TAMS 0x0000000084000000, 0x0000000084000000| Complete 
|  31|0x0000000084100000, 0x0000000084200000, 0x0000000084200000|100%| E|CS|TAMS 0x0000000084100000, 0x0000000084100000| Complete 
|  32|0x0000000084200000, 0x0000000084300000, 0x0000000084300000|100%| E|CS|TAMS 0x0000000084200000, 0x0000000084200000| Complete 
|  33|0x0000000084300000, 0x0000000084400000, 0x0000000084400000|100%| E|CS|TAMS 0x0000000084300000, 0x0000000084300000| Complete 
|  34|0x0000000084400000, 0x0000000084500000, 0x0000000084500000|100%| E|CS|TAMS 0x0000000084400000, 0x0000000084400000| Complete 
|  35|0x0000000084500000, 0x0000000084600000, 0x0000000084600000|100%| E|CS|TAMS 0x0000000084500000, 0x0000000084500000| Complete 
|  36|0x0000000084600000, 0x0000000084700000, 0x0000000084700000|100%| E|CS|TAMS 0x0000000084600000, 0x0000000084600000| Complete 
|  37|0x0000000084700000, 0x0000000084800000, 0x0000000084800000|100%| E|CS|TAMS 0x0000000084700000, 0x0000000084700000| Complete 
|  38|0x0000000084800000, 0x0000000084900000, 0x0000000084900000|100%| E|CS|TAMS 0x0000000084800000, 0x0000000084800000| Complete 
|  39|0x0000000084900000, 0x0000000084a00000, 0x0000000084a00000|100%| E|CS|TAMS 0x0000000084900000, 0x0000000084900000| Complete 
|  61|0x0000000085f00000, 0x0000000085f47120, 0x0000000086000000| 27%| S|CS|TAMS 0x0000000085f00000, 0x0000000085f00000| Complete 
|  62|0x0000000086000000, 0x0000000086100000, 0x0000000086100000|100%| S|CS|TAMS 0x0000000086000000, 0x0000000086000000| Complete 
|  63|0x0000000086100000, 0x0000000086200000, 0x0000000086200000|100%| S|CS|TAMS 0x0000000086100000, 0x0000000086100000| Complete 
|  64|0x0000000086200000, 0x0000000086300000, 0x0000000086300000|100%| S|CS|TAMS 0x0000000086200000, 0x0000000086200000| Complete 
|  65|0x0000000086300000, 0x0000000086400000, 0x0000000086400000|100%| S|CS|TAMS 0x0000000086300000, 0x0000000086300000| Complete 
|  66|0x0000000086400000, 0x0000000086500000, 0x0000000086500000|100%| S|CS|TAMS 0x0000000086400000, 0x0000000086400000| Complete 
| 125|0x0000000089f00000, 0x000000008a000000, 0x000000008a000000|100%| E|CS|TAMS 0x0000000089f00000, 0x0000000089f00000| Complete 

Card table byte_map: [0x000001e2b5010000,0x000001e2b5400000] _byte_map_base: 0x000001e2b4bff000

Marking Bits (Prev, Next): (CMBitMap*) 0x000001e29e1a67c0, (CMBitMap*) 0x000001e29e1a6780
 Prev Bits: [0x000001e2b7770000, 0x000001e2b96e8000)
 Next Bits: [0x000001e2b57f0000, 0x000001e2b7768000)

Polling page: 0x000001e29d940000

Metaspace:

Usage:
  Non-class:     22.46 MB used.
      Class:      3.32 MB used.
       Both:     25.79 MB used.

Virtual space:
  Non-class space:       24.00 MB reserved,      22.69 MB ( 95%) committed,  3 nodes.
      Class space:        1.00 GB reserved,       3.50 MB ( <1%) committed,  1 nodes.
              Both:        1.02 GB reserved,      26.19 MB (  2%) committed. 

Chunk freelists:
   Non-Class:  1.30 MB
       Class:  368.00 KB
        Both:  1.66 MB

MaxMetaspaceSize: 17179869184.00 GB
CompressedClassSpaceSize: 1.00 GB
 - commit_granule_bytes: 65536.
 - commit_granule_words: 8192.
 - virtual_space_node_default_size: 1048576.
 - enlarge_chunks_in_place: 1.
 - new_chunks_are_fully_committed: 0.
 - uncommit_free_chunks: 1.
 - use_allocation_guard: 0.
 - handle_deallocations: 1.


Internal statistics:

num_allocs_failed_limit: 3.
num_arena_births: 302.
num_arena_deaths: 0.
num_vsnodes_births: 4.
num_vsnodes_deaths: 0.
num_space_committed: 419.
num_space_uncommitted: 0.
num_chunks_returned_to_freelist: 3.
num_chunks_taken_from_freelist: 1286.
num_chunk_merges: 3.
num_chunk_splits: 846.
num_chunks_enlarged: 632.
num_purges: 0.

CodeHeap 'non-profiled nmethods': size=120000Kb used=1829Kb max_used=1829Kb free=118171Kb
 bounds [0x000001e2ad3b0000, 0x000001e2ad620000, 0x000001e2b48e0000]
CodeHeap 'profiled nmethods': size=120000Kb used=7758Kb max_used=7758Kb free=112241Kb
 bounds [0x000001e2a5e80000, 0x000001e2a6620000, 0x000001e2ad3b0000]
CodeHeap 'non-nmethods': size=5760Kb used=1216Kb max_used=1295Kb free=4543Kb
 bounds [0x000001e2a58e0000, 0x000001e2a5b50000, 0x000001e2a5e80000]
 total_blobs=4012 nmethods=3500 adapters=424
 compilation: enabled
              stopped_count=0, restarted_count=0
 full_count=0

Compilation events (20 events):
Event: 6.988 Thread 0x000001e2bc0eb940 3485       3       java.lang.invoke.LambdaFormEditor::bindArgumentL (59 bytes)
Event: 6.988 Thread 0x000001e2bc0eb940 nmethod 3485 0x000001e2a6602490 code [0x000001e2a6602660, 0x000001e2a6602908]
Event: 6.992 Thread 0x000001e2bc0eb940 3486       3       java.lang.invoke.BoundMethodHandle$Species_L::<init> (12 bytes)
Event: 6.993 Thread 0x000001e2bc0eb940 nmethod 3486 0x000001e2a6602a10 code [0x000001e2a6602bc0, 0x000001e2a6602de8]
Event: 6.993 Thread 0x000001e2bc0eb940 3487       3       java.lang.Character::isUpperCase (5 bytes)
Event: 6.994 Thread 0x000001e2bc0eb940 nmethod 3487 0x000001e2a6602f10 code [0x000001e2a6603100, 0x000001e2a66034d8]
Event: 6.994 Thread 0x000001e2bc0eb940 3489       3       java.lang.invoke.AbstractValidatingLambdaMetafactory::isAdaptableToAsReturnStrict (34 bytes)
Event: 6.994 Thread 0x000001e2bc0eb940 nmethod 3489 0x000001e2a6603610 code [0x000001e2a66037e0, 0x000001e2a6603da8]
Event: 6.994 Thread 0x000001e2bc0eb940 3488       3       java.lang.Character::isUpperCase (28 bytes)
Event: 6.995 Thread 0x000001e2bc0eb940 nmethod 3488 0x000001e2a6603f10 code [0x000001e2a66040e0, 0x000001e2a6604478]
Event: 6.995 Thread 0x000001e2bc0eb940 3490       3       java.lang.invoke.LambdaProxyClassArchive::find (63 bytes)
Event: 6.996 Thread 0x000001e2bc0eb940 nmethod 3490 0x000001e2a6604590 code [0x000001e2a66047c0, 0x000001e2a6605098]
Event: 6.996 Thread 0x000001e2bc0eb940 3491       3       java.lang.invoke.LambdaProxyClassArchive::loadedByBuiltinLoader (22 bytes)
Event: 6.997 Thread 0x000001e2bc0eb940 nmethod 3491 0x000001e2a6605390 code [0x000001e2a66055e0, 0x000001e2a6606138]
Event: 6.998 Thread 0x000001e2bc0eb940 3492       3       jdk.internal.misc.CDS::isSharingEnabled (4 bytes)
Event: 6.998 Thread 0x000001e2bc0eb940 nmethod 3492 0x000001e2a6606490 code [0x000001e2a6606620, 0x000001e2a6606718]
Event: 6.999 Thread 0x000001e2bc0eb940 3493       3       java.util.concurrent.ConcurrentHashMap::keySet (26 bytes)
Event: 6.999 Thread 0x000001e2bc0eb940 nmethod 3493 0x000001e2a6606790 code [0x000001e2a6606960, 0x000001e2a6606d18]
Event: 7.001 Thread 0x000001e2bc0eb940 3494       3       java.lang.invoke.AbstractValidatingLambdaMetafactory::checkDescriptor (133 bytes)
Event: 7.004 Thread 0x000001e2bc0eb940 nmethod 3494 0x000001e2a6606e90 code [0x000001e2a66072e0, 0x000001e2a66097d8]

GC Heap History (8 events):
Event: 1.403 GC heap before
{Heap before GC invocations=0 (full 0):
 garbage-first heap   total 129024K, used 23552K [0x0000000082200000, 0x0000000100000000)
  region size 1024K, 23 young (23552K), 0 survivors (0K)
 Metaspace       used 4332K, committed 4544K, reserved 1056768K
  class space    used 452K, committed 576K, reserved 1048576K
}
Event: 1.415 GC heap after
{Heap after GC invocations=1 (full 0):
 garbage-first heap   total 129024K, used 6813K [0x0000000082200000, 0x0000000100000000)
  region size 1024K, 3 young (3072K), 3 survivors (3072K)
 Metaspace       used 4332K, committed 4544K, reserved 1056768K
  class space    used 452K, committed 576K, reserved 1048576K
}
Event: 1.437 GC heap before
{Heap before GC invocations=1 (full 0):
 garbage-first heap   total 129024K, used 34461K [0x0000000082200000, 0x0000000100000000)
  region size 1024K, 31 young (31744K), 3 survivors (3072K)
 Metaspace       used 4332K, committed 4544K, reserved 1056768K
  class space    used 452K, committed 576K, reserved 1048576K
}
Event: 1.441 GC heap after
{Heap after GC invocations=2 (full 0):
 garbage-first heap   total 129024K, used 6933K [0x0000000082200000, 0x0000000100000000)
  region size 1024K, 1 young (1024K), 1 survivors (1024K)
 Metaspace       used 4332K, committed 4544K, reserved 1056768K
  class space    used 452K, committed 576K, reserved 1048576K
}
Event: 3.584 GC heap before
{Heap before GC invocations=2 (full 0):
 garbage-first heap   total 129024K, used 81685K [0x0000000082200000, 0x0000000100000000)
  region size 1024K, 75 young (76800K), 1 survivors (1024K)
 Metaspace       used 14817K, committed 15040K, reserved 1064960K
  class space    used 1912K, committed 1984K, reserved 1048576K
}
Event: 3.590 GC heap after
{Heap after GC invocations=3 (full 0):
 garbage-first heap   total 129024K, used 10482K [0x0000000082200000, 0x0000000100000000)
  region size 1024K, 4 young (4096K), 4 survivors (4096K)
 Metaspace       used 14817K, committed 15040K, reserved 1064960K
  class space    used 1912K, committed 1984K, reserved 1048576K
}
Event: 4.943 GC heap before
{Heap before GC invocations=3 (full 0):
 garbage-first heap   total 129024K, used 68850K [0x0000000082200000, 0x0000000100000000)
  region size 1024K, 63 young (64512K), 4 survivors (4096K)
 Metaspace       used 20980K, committed 21248K, reserved 1073152K
  class space    used 2630K, committed 2816K, reserved 1048576K
}
Event: 4.950 GC heap after
{Heap after GC invocations=4 (full 0):
 garbage-first heap   total 129024K, used 12273K [0x0000000082200000, 0x0000000100000000)
  region size 1024K, 6 young (6144K), 6 survivors (6144K)
 Metaspace       used 20980K, committed 21248K, reserved 1073152K
  class space    used 2630K, committed 2816K, reserved 1048576K
}

Deoptimization events (20 events):
Event: 6.858 Thread 0x000001e2bdec9e00 Uncommon trap: trap_request=0xffffff45 fr.pc=0x000001e2ad460440 relative=0x00000000000000a0
Event: 6.858 Thread 0x000001e2bdec9e00 Uncommon trap: reason=unstable_if action=reinterpret pc=0x000001e2ad460440 method=java.nio.Buffer.position(I)Ljava/nio/Buffer; @ 37 c2
Event: 6.858 Thread 0x000001e2bdec9e00 DEOPT PACKING pc=0x000001e2ad460440 sp=0x000000076eafb730
Event: 6.858 Thread 0x000001e2bdec9e00 DEOPT UNPACKING pc=0x000001e2a592d72e sp=0x000000076eafb670 mode 2
Event: 6.860 Thread 0x000001e2bdec9e00 Uncommon trap: trap_request=0xffffff45 fr.pc=0x000001e2ad44f740 relative=0x00000000000000a0
Event: 6.860 Thread 0x000001e2bdec9e00 Uncommon trap: reason=unstable_if action=reinterpret pc=0x000001e2ad44f740 method=java.nio.Buffer.position(I)Ljava/nio/Buffer; @ 37 c2
Event: 6.860 Thread 0x000001e2bdec9e00 DEOPT PACKING pc=0x000001e2ad44f740 sp=0x000000076eafb6e0
Event: 6.861 Thread 0x000001e2bdec9e00 DEOPT UNPACKING pc=0x000001e2a592d72e sp=0x000000076eafb678 mode 2
Event: 6.913 Thread 0x000001e2bdec9e00 Uncommon trap: trap_request=0xffffffde fr.pc=0x000001e2ad487afc relative=0x00000000000010bc
Event: 6.913 Thread 0x000001e2bdec9e00 Uncommon trap: reason=class_check action=maybe_recompile pc=0x000001e2ad487afc method=java.util.concurrent.ConcurrentHashMap.putVal(Ljava/lang/Object;Ljava/lang/Object;Z)Ljava/lang/Object; @ 242 c2
Event: 6.913 Thread 0x000001e2bdec9e00 DEOPT PACKING pc=0x000001e2ad487afc sp=0x000000076eafca90
Event: 6.913 Thread 0x000001e2bdec9e00 DEOPT UNPACKING pc=0x000001e2a592d72e sp=0x000000076eafca10 mode 2
Event: 6.945 Thread 0x000001e2bdec9e00 Uncommon trap: trap_request=0xffffffde fr.pc=0x000001e2ad487afc relative=0x00000000000010bc
Event: 6.946 Thread 0x000001e2bdec9e00 Uncommon trap: reason=class_check action=maybe_recompile pc=0x000001e2ad487afc method=java.util.concurrent.ConcurrentHashMap.putVal(Ljava/lang/Object;Ljava/lang/Object;Z)Ljava/lang/Object; @ 242 c2
Event: 6.946 Thread 0x000001e2bdec9e00 DEOPT PACKING pc=0x000001e2ad487afc sp=0x000000076eafb4d0
Event: 6.946 Thread 0x000001e2bdec9e00 DEOPT UNPACKING pc=0x000001e2a592d72e sp=0x000000076eafb450 mode 2
Event: 6.966 Thread 0x000001e2bdec9e00 Uncommon trap: trap_request=0xffffff45 fr.pc=0x000001e2ad553f50 relative=0x00000000000005d0
Event: 6.967 Thread 0x000001e2bdec9e00 Uncommon trap: reason=unstable_if action=reinterpret pc=0x000001e2ad553f50 method=jdk.internal.org.objectweb.asm.MethodWriter.visitVarInsn(II)V @ 108 c2
Event: 6.967 Thread 0x000001e2bdec9e00 DEOPT PACKING pc=0x000001e2ad553f50 sp=0x000000076eaf5910
Event: 6.967 Thread 0x000001e2bdec9e00 DEOPT UNPACKING pc=0x000001e2a592d72e sp=0x000000076eaf58d8 mode 2

Classes unloaded (0 events):
No events

Classes redefined (0 events):
No events

Internal exceptions (20 events):
Event: 6.548 Thread 0x000001e2bdec9e00 Exception <a 'java/lang/ClassNotFoundException'{0x00000000831271a8}: org/springframework/aop/framework/autoproxy/AbstractAdvisorAutoProxyCreatorCustomizer> (0x00000000831271a8) 
thrown [t:\workspace\open\src\hotspot\share\classfile\systemDictionary.cpp, line 256]
Event: 6.550 Thread 0x000001e2bdec9e00 Exception <a 'java/lang/ClassNotFoundException'{0x000000008312fa48}: org/springframework/aop/aspectj/autoproxy/AspectJAwareAdvisorAutoProxyCreatorCustomizer> (0x000000008312fa48) 
thrown [t:\workspace\open\src\hotspot\share\classfile\systemDictionary.cpp, line 256]
Event: 6.551 Thread 0x000001e2bdec9e00 Exception <a 'java/lang/ClassNotFoundException'{0x0000000083136cb0}: org/springframework/aop/aspectj/annotation/AnnotationAwareAspectJAutoProxyCreatorCustomizer> (0x0000000083136cb0) 
thrown [t:\workspace\open\src\hotspot\share\classfile\systemDictionary.cpp, line 256]
Event: 6.554 Thread 0x000001e2bdec9e00 Exception <a 'java/lang/ClassNotFoundException'{0x000000008314ef30}: org/springframework/beans/factory/config/SmartInstantiationAwareBeanPostProcessorCustomizer> (0x000000008314ef30) 
thrown [t:\workspace\open\src\hotspot\share\classfile\systemDictionary.cpp, line 256]
Event: 6.555 Thread 0x000001e2bdec9e00 Exception <a 'java/lang/ClassNotFoundException'{0x0000000083157960}: org/springframework/beans/factory/config/InstantiationAwareBeanPostProcessorCustomizer> (0x0000000083157960) 
thrown [t:\workspace\open\src\hotspot\share\classfile\systemDictionary.cpp, line 256]
Event: 6.557 Thread 0x000001e2bdec9e00 Exception <a 'java/lang/ClassNotFoundException'{0x000000008315fd10}: org/springframework/beans/factory/config/BeanPostProcessorCustomizer> (0x000000008315fd10) 
thrown [t:\workspace\open\src\hotspot\share\classfile\systemDictionary.cpp, line 256]
Event: 6.558 Thread 0x000001e2bdec9e00 Exception <a 'java/lang/ClassNotFoundException'{0x00000000831658d0}: org/springframework/beans/factory/BeanFactoryAwareCustomizer> (0x00000000831658d0) 
thrown [t:\workspace\open\src\hotspot\share\classfile\systemDictionary.cpp, line 256]
Event: 6.559 Thread 0x000001e2bdec9e00 Exception <a 'java/lang/ClassNotFoundException'{0x000000008316b2e0}: org/springframework/beans/factory/AwareCustomizer> (0x000000008316b2e0) 
thrown [t:\workspace\open\src\hotspot\share\classfile\systemDictionary.cpp, line 256]
Event: 6.560 Thread 0x000001e2bdec9e00 Exception <a 'java/lang/ClassNotFoundException'{0x000000008316f0e0}: org/springframework/core/OrderedCustomizer> (0x000000008316f0e0) 
thrown [t:\workspace\open\src\hotspot\share\classfile\systemDictionary.cpp, line 256]
Event: 6.561 Thread 0x000001e2bdec9e00 Exception <a 'java/lang/ClassNotFoundException'{0x0000000083173f98}: org/springframework/beans/factory/BeanClassLoaderAwareCustomizer> (0x0000000083173f98) 
thrown [t:\workspace\open\src\hotspot\share\classfile\systemDictionary.cpp, line 256]
Event: 6.562 Thread 0x000001e2bdec9e00 Exception <a 'java/lang/ClassNotFoundException'{0x0000000083178e38}: org/springframework/beans/factory/AwareCustomizer> (0x0000000083178e38) 
thrown [t:\workspace\open\src\hotspot\share\classfile\systemDictionary.cpp, line 256]
Event: 6.562 Thread 0x000001e2bdec9e00 Exception <a 'java/lang/ClassNotFoundException'{0x000000008317d1e8}: org/springframework/aop/framework/AopInfrastructureBeanCustomizer> (0x000000008317d1e8) 
thrown [t:\workspace\open\src\hotspot\share\classfile\systemDictionary.cpp, line 256]
Event: 6.616 Thread 0x000001e2bdec9e00 Exception <a 'java/lang/ClassNotFoundException'{0x00000000830474a0}: java/lang/ObjectCustomizer> (0x00000000830474a0) 
thrown [t:\workspace\open\src\hotspot\share\classfile\systemDictionary.cpp, line 256]
Event: 6.618 Thread 0x000001e2bdec9e00 Exception <a 'java/lang/ClassNotFoundException'{0x000000008304ff40}: org/springframework/transaction/annotation/AbstractTransactionManagementConfigurationCustomizer> (0x000000008304ff40) 
thrown [t:\workspace\open\src\hotspot\share\classfile\systemDictionary.cpp, line 256]
Event: 6.620 Thread 0x000001e2bdec9e00 Exception <a 'java/lang/ClassNotFoundException'{0x00000000830574c0}: org/springframework/transaction/annotation/ProxyTransactionManagementConfigurationCustomizer> (0x00000000830574c0) 
thrown [t:\workspace\open\src\hotspot\share\classfile\systemDictionary.cpp, line 256]
Event: 6.621 Thread 0x000001e2bdec9e00 Exception <a 'java/lang/ClassNotFoundException'{0x000000008305ff40}: org/springframework/context/annotation/ImportAwareCustomizer> (0x000000008305ff40) 
thrown [t:\workspace\open\src\hotspot\share\classfile\systemDictionary.cpp, line 256]
Event: 6.623 Thread 0x000001e2bdec9e00 Exception <a 'java/lang/ClassNotFoundException'{0x00000000830659e8}: org/springframework/beans/factory/AwareCustomizer> (0x00000000830659e8) 
thrown [t:\workspace\open\src\hotspot\share\classfile\systemDictionary.cpp, line 256]
Event: 6.966 Thread 0x000001e2bdec9e00 Implicit null exception at 0x000001e2ad553a40 to 0x000001e2ad553f44
Event: 6.974 Thread 0x000001e2bdec9e00 Exception <a 'java/lang/NoSuchMethodError'{0x0000000082ceff68}: 'java.lang.Object java.lang.invoke.DirectMethodHandle$Holder.invokeStatic(java.lang.Object, java.lang.Object, int)'> (0x0000000082ceff68) 
thrown [t:\workspace\open\src\hotspot\share\interpreter\linkResolver.cpp, line 790]
Event: 6.976 Thread 0x000001e2bdec9e00 Exception <a 'java/lang/NoSuchMethodError'{0x0000000082cfbfc0}: 'void java.lang.invoke.DelegatingMethodHandle$Holder.delegate(java.lang.Object, java.lang.Object, int, java.lang.Object)'> (0x0000000082cfbfc0) 
thrown [t:\workspace\open\src\hotspot\share\interpreter\linkResolver.cpp, line 790]

Events (20 events):
Event: 6.850 loading class java/util/ResourceBundle$CacheKey
Event: 6.851 loading class java/util/ResourceBundle$CacheKey done
Event: 6.851 loading class java/util/ResourceBundle$KeyElementReference
Event: 6.851 loading class java/util/ResourceBundle$CacheKeyReference
Event: 6.851 loading class java/util/ResourceBundle$CacheKeyReference done
Event: 6.851 loading class java/util/ResourceBundle$KeyElementReference done
Event: 6.852 loading class java/util/ResourceBundle$Control$2
Event: 6.852 loading class java/util/ResourceBundle$Control$2 done
Event: 6.853 loading class java/util/PropertyResourceBundle
Event: 6.853 loading class java/util/PropertyResourceBundle done
Event: 6.853 loading class sun/util/PropertyResourceBundleCharset
Event: 6.854 loading class sun/util/PropertyResourceBundleCharset done
Event: 6.854 loading class sun/util/PropertyResourceBundleCharset$PropertiesFileDecoder
Event: 6.854 loading class sun/util/PropertyResourceBundleCharset$PropertiesFileDecoder done
Event: 6.864 loading class java/util/ResourceBundle$BundleReference
Event: 6.864 loading class java/util/ResourceBundle$BundleReference done
Event: 6.884 loading class javax/management/MBeanRegistration
Event: 6.884 loading class javax/management/MBeanRegistration done
Event: 6.973 Executing  VM operation: HandshakeAllThreads
Event: 6.973 Executing  VM operation: HandshakeAllThreads done


Dynamic libraries:
0x00007ff725f40000 - 0x00007ff725f50000 	C:\Program Files\Java\jdk-16.0.2\bin\javaw.exe
0x00007fff17470000 - 0x00007fff17665000 	C:\Windows\SYSTEM32\ntdll.dll
0x00007fff17100000 - 0x00007fff171be000 	C:\Windows\System32\KERNEL32.DLL
0x00007fff14c80000 - 0x00007fff14f48000 	C:\Windows\System32\KERNELBASE.dll
0x00007fff15300000 - 0x00007fff15400000 	C:\Windows\System32\ucrtbase.dll
0x00007fff0ef40000 - 0x00007fff0ef58000 	C:\Program Files\Java\jdk-16.0.2\bin\jli.dll
0x00007fff15f00000 - 0x00007fff15fae000 	C:\Windows\System32\ADVAPI32.dll
0x00007fff0a130000 - 0x00007fff0a149000 	C:\Program Files\Java\jdk-16.0.2\bin\VCRUNTIME140.dll
0x00007fff16de0000 - 0x00007fff16e7e000 	C:\Windows\System32\msvcrt.dll
0x00007fff16520000 - 0x00007fff165bc000 	C:\Windows\System32\sechost.dll
0x00007fff16aa0000 - 0x00007fff16bc5000 	C:\Windows\System32\RPCRT4.dll
0x00007fff16c30000 - 0x00007fff16dd1000 	C:\Windows\System32\USER32.dll
0x00007fff13f20000 - 0x00007fff141ba000 	C:\Windows\WinSxS\amd64_microsoft.windows.common-controls_6595b64144ccf1df_6.0.19041.1110_none_60b5254171f9507e\COMCTL32.dll
0x00007fff15060000 - 0x00007fff15082000 	C:\Windows\System32\win32u.dll
0x00007fff15fb0000 - 0x00007fff15fdb000 	C:\Windows\System32\GDI32.dll
0x00007fff14f50000 - 0x00007fff1505d000 	C:\Windows\System32\gdi32full.dll
0x00007fff14b80000 - 0x00007fff14c1d000 	C:\Windows\System32\msvcp_win.dll
0x00007fff0a7b0000 - 0x00007fff0a7ba000 	C:\Windows\SYSTEM32\VERSION.dll
0x00007fff163d0000 - 0x00007fff16400000 	C:\Windows\System32\IMM32.DLL
0x00007fff0f430000 - 0x00007fff0f43c000 	C:\Program Files\Java\jdk-16.0.2\bin\vcruntime140_1.dll
0x00007ffeda180000 - 0x00007ffeda211000 	C:\Program Files\Java\jdk-16.0.2\bin\msvcp140.dll
0x00007ffece010000 - 0x00007ffecebbb000 	C:\Program Files\Java\jdk-16.0.2\bin\server\jvm.dll
0x00007fff17420000 - 0x00007fff17428000 	C:\Windows\System32\PSAPI.DLL
0x00007fff0ede0000 - 0x00007fff0ede9000 	C:\Windows\SYSTEM32\WSOCK32.dll
0x00007ffefdeb0000 - 0x00007ffefded7000 	C:\Windows\SYSTEM32\WINMM.dll
0x00007fff16e80000 - 0x00007fff16eeb000 	C:\Windows\System32\WS2_32.dll
0x00007fff12db0000 - 0x00007fff12dc2000 	C:\Windows\SYSTEM32\kernel.appcore.dll
0x00007fff0b350000 - 0x00007fff0b35a000 	C:\Program Files\Java\jdk-16.0.2\bin\jimage.dll
0x00007fff14300000 - 0x00007fff144e4000 	C:\Windows\SYSTEM32\DBGHELP.DLL
0x00007fff142d0000 - 0x00007fff142fc000 	C:\Windows\SYSTEM32\dbgcore.DLL
0x00007fff15270000 - 0x00007fff152f2000 	C:\Windows\System32\bcryptPrimitives.dll
0x00007fff07fa0000 - 0x00007fff07fc5000 	C:\Program Files\Java\jdk-16.0.2\bin\java.dll
0x00007fff15520000 - 0x00007fff15c64000 	C:\Windows\System32\SHELL32.dll
0x00007fff12600000 - 0x00007fff12d95000 	C:\Windows\SYSTEM32\windows.storage.dll
0x00007fff16070000 - 0x00007fff163c5000 	C:\Windows\System32\combase.dll
0x00007fff13e80000 - 0x00007fff13eae000 	C:\Windows\SYSTEM32\Wldp.dll
0x00007fff171c0000 - 0x00007fff1726d000 	C:\Windows\System32\SHCORE.dll
0x00007fff16400000 - 0x00007fff16455000 	C:\Windows\System32\shlwapi.dll
0x00007fff14ac0000 - 0x00007fff14adf000 	C:\Windows\SYSTEM32\profapi.dll
0x00007fff07de0000 - 0x00007fff07df9000 	C:\Program Files\Java\jdk-16.0.2\bin\net.dll
0x00007fff08b70000 - 0x00007fff08c7c000 	C:\Windows\SYSTEM32\WINHTTP.dll
0x00007fff13d50000 - 0x00007fff13dba000 	C:\Windows\system32\mswsock.dll
0x00007fff07dc0000 - 0x00007fff07dd3000 	C:\Program Files\Java\jdk-16.0.2\bin\nio.dll
0x00007fff07da0000 - 0x00007fff07db8000 	C:\Program Files\Java\jdk-16.0.2\bin\zip.dll
0x00007fff0ae00000 - 0x00007fff0ae10000 	C:\Program Files\Java\jdk-16.0.2\bin\verify.dll
0x00007fff0aac0000 - 0x00007fff0aac9000 	C:\Program Files\Java\jdk-16.0.2\bin\management.dll
0x00007fff0a9b0000 - 0x00007fff0a9bb000 	C:\Program Files\Java\jdk-16.0.2\bin\management_ext.dll
0x00007ffef87a0000 - 0x00007ffef87b7000 	C:\Windows\system32\napinsp.dll
0x00007ffef8780000 - 0x00007ffef879b000 	C:\Windows\system32\pnrpnsp.dll
0x00007fff0b050000 - 0x00007fff0b065000 	C:\Windows\system32\wshbth.dll
0x00007fff0c270000 - 0x00007fff0c28d000 	C:\Windows\system32\NLAapi.dll
0x00007fff138d0000 - 0x00007fff1390b000 	C:\Windows\SYSTEM32\IPHLPAPI.DLL
0x00007fff13910000 - 0x00007fff139db000 	C:\Windows\SYSTEM32\DNSAPI.dll
0x00007fff154b0000 - 0x00007fff154b8000 	C:\Windows\System32\NSI.dll
0x00007ffef8760000 - 0x00007ffef8772000 	C:\Windows\System32\winrnr.dll
0x00007ffefdca0000 - 0x00007ffefdcaa000 	C:\Windows\System32\rasadhlp.dll
0x00007ffefdcc0000 - 0x00007ffefdd3f000 	C:\Windows\System32\fwpuclnt.dll
0x00007fff150e0000 - 0x00007fff15107000 	C:\Windows\System32\bcrypt.dll

dbghelp: loaded successfully - version: 4.0.5 - missing functions: none
symbol engine: initialized successfully - sym options: 0x614 - pdb path: .;C:\Program Files\Java\jdk-16.0.2\bin;C:\Windows\SYSTEM32;C:\Windows\WinSxS\amd64_microsoft.windows.common-controls_6595b64144ccf1df_6.0.19041.1110_none_60b5254171f9507e;C:\Program Files\Java\jdk-16.0.2\bin\server

VM Arguments:
jvm_args: -Dfile.encoding=UTF-8 -XX:+ShowCodeDetailsInExceptionMessages 
java_command: com.testetechsolutio.TechSolutio.TechSolutioApplication
java_class_path (initial): C:\Users\usuario\Desktop\TesteTech\target\classes;C:\Users\usuario\.m2\repository\io\springfox\springfox-spring-web\3.0.0\springfox-spring-web-3.0.0.jar;C:\Users\usuario\.m2\repository\io\springfox\springfox-spi\3.0.0\springfox-spi-3.0.0.jar;C:\Users\usuario\.m2\repository\io\springfox\springfox-core\3.0.0\springfox-core-3.0.0.jar;C:\Users\usuario\.m2\repository\org\springframework\boot\spring-boot-starter-web\2.6.2\spring-boot-starter-web-2.6.2.jar;C:\Users\usuario\.m2\repository\org\springframework\boot\spring-boot-starter\2.6.2\spring-boot-starter-2.6.2.jar;C:\Users\usuario\.m2\repository\org\springframework\boot\spring-boot-starter-logging\2.6.2\spring-boot-starter-logging-2.6.2.jar;C:\Users\usuario\.m2\repository\ch\qos\logback\logback-classic\1.2.9\logback-classic-1.2.9.jar;C:\Users\usuario\.m2\repository\ch\qos\logback\logback-core\1.2.9\logback-core-1.2.9.jar;C:\Users\usuario\.m2\repository\org\apache\logging\log4j\log4j-to-slf4j\2.17.0\log4j-to-slf4j-2.17.0.jar;C:\Users\usuario\.m2\repository\org\apache\logging\log4j\log4j-api\2.17.0\log4j-api-2.17.0.jar;C:\Users\usuario\.m2\repository\org\slf4j\jul-to-slf4j\1.7.32\jul-to-slf4j-1.7.32.jar;C:\Users\usuario\.m2\repository\jakarta\annotation\jakarta.annotation-api\1.3.5\jakarta.annotation-api-1.3.5.jar;C:\Users\usuario\.m2\repository\org\yaml\snakeyaml\1.29\snakeyaml-1.29.jar;C:\Users\usuario\.m2\repository\org\springframework\boot\spring-boot-starter-json\2.6.2\spring-boot-starter-json-2.6.2.jar;C:\Users\usuario\.m2\repository\com\fasterxml\jackson\core\jackson-databind\2.13.1\jackson-databind-2.13.1.jar;C:\Users\usuario\.m2\repository\com\fasterxml\jackson\core\jackson-annotations\2.13.1\jackson-annotations-2.13.1.jar;C:\Users\usuario\.m2\repository\com\fasterxml\jackson\core\jackson-core\2.13.1\jackson-core-2.13.1.jar;C:\Users\usuario\.m2\repository\com\fasterxml\jackson\datatype\jackson-datatype-jdk8\2.13.1\jackson-datatype-jdk8-2.13.1.jar;C:\Users\usuario\.m2\repository\com\fa
Launcher Type: SUN_STANDARD

[Global flags]
     intx CICompilerCount                          = 4                                         {product} {ergonomic}
     uint ConcGCThreads                            = 2                                         {product} {ergonomic}
     uint G1ConcRefinementThreads                  = 8                                         {product} {ergonomic}
   size_t G1HeapRegionSize                         = 1048576                                   {product} {ergonomic}
    uintx GCDrainStackTargetSize                   = 64                                        {product} {ergonomic}
   size_t InitialHeapSize                          = 132120576                                 {product} {ergonomic}
   size_t MarkStackSize                            = 4194304                                   {product} {ergonomic}
   size_t MaxHeapSize                              = 2111832064                                {product} {ergonomic}
   size_t MaxNewSize                               = 1266679808                                {product} {ergonomic}
   size_t MinHeapDeltaBytes                        = 1048576                                   {product} {ergonomic}
   size_t MinHeapSize                              = 8388608                                   {product} {ergonomic}
    uintx NonNMethodCodeHeapSize                   = 5839372                                {pd product} {ergonomic}
    uintx NonProfiledCodeHeapSize                  = 122909434                              {pd product} {ergonomic}
    uintx ProfiledCodeHeapSize                     = 122909434                              {pd product} {ergonomic}
    uintx ReservedCodeCacheSize                    = 251658240                              {pd product} {ergonomic}
     bool SegmentedCodeCache                       = true                                      {product} {ergonomic}
     bool ShowCodeDetailsInExceptionMessages       = true                                   {manageable} {command line}
   size_t SoftMaxHeapSize                          = 2111832064                             {manageable} {ergonomic}
     bool UseCompressedClassPointers               = true                           {product lp64_product} {ergonomic}
     bool UseCompressedOops                        = true                           {product lp64_product} {ergonomic}
     bool UseG1GC                                  = true                                      {product} {ergonomic}
     bool UseLargePagesIndividualAllocation        = false                                  {pd product} {ergonomic}

Logging:
Log output configuration:
 #0: stdout all=warning uptime,level,tags
 #1: stderr all=off uptime,level,tags

Environment Variables:
PATH=C:\Program Files\Common Files\Oracle\Java\javapath;C:\Windows\system32;C:\Windows;C:\Windows\System32\Wbem;C:\Windows\System32\WindowsPowerShell\v1.0\;C:\Windows\System32\OpenSSH\;C:\Program Files (x86)\Intel\Intel(R) Management Engine Components\DAL;C:\Program Files\Intel\Intel(R) Management Engine Components\DAL;C:\ProgramData\UNIVALI\Portugol Studio;C:\Program Files\SafeNet\Authentication\SAC\x64;C:\Program Files\SafeNet\Authentication\SAC\x32;C:\Program Files\Git\cmd;C:\Program Files\nodejs\;C:\Users\usuario\AppData\Local\Microsoft\WindowsApps;C:\Program Files\Java\jdk1.8.0_121\bin;C:\Users\usuario\AppData\Local\Programs\Microsoft VS Code\bin;C:\Users\usuario\AppData\Local\GitHubDesktop\bin;C:\ProgramData\usuario\GitHubDesktop\bin;C:\Users\usuario\AppData\Roaming\npm
USERNAME=usuario
OS=Windows_NT
PROCESSOR_IDENTIFIER=Intel64 Family 6 Model 142 Stepping 10, GenuineIntel



---------------  S Y S T E M  ---------------

OS:
 Windows 10 , 64 bit Build 19041 (10.0.19041.1466)
OS uptime: 0 days 14:20 hours

CPU: total 8 (initial active 8) (4 cores per cpu, 2 threads per core) family 6 model 142 stepping 10 microcode 0xea, cx8, cmov, fxsr, ht, mmx, 3dnowpref, sse, sse2, sse3, ssse3, sse4.1, sse4.2, popcnt, lzcnt, tsc, tscinvbit, avx, avx2, aes, erms, clmul, bmi1, bmi2, adx, fma, vzeroupper, clflush, clflushopt

Memory: 4k page, system-wide physical 8050M (965M free)
TotalPageFile size 12146M (AvailPageFile size 13M)
current process WorkingSet (physical memory assigned to process): 201M, peak: 207M
current process commit charge ("private bytes"): 249M, peak: 268M

vm_info: Java HotSpot(TM) 64-Bit Server VM (16.0.2+7-67) for windows-amd64 JRE (16.0.2+7-67), built on Jun  8 2021 23:24:19 by "mach5one" with MS VC++ 16.7 (VS2019)

END.
