#
# There is insufficient memory for the Java Runtime Environment to continue.
# Native memory allocation (malloc) failed to allocate 180592 bytes for Chunk::new
# Possible reasons:
#   The system is out of physical RAM or swap space
#   The process is running with CompressedOops enabled, and the Java Heap may be blocking the growth of the native heap
# Possible solutions:
#   Reduce memory load on the system
#   Increase physical memory or swap space
#   Check if swap backing store is full
#   Decrease Java heap size (-Xmx/-Xms)
#   Decrease number of Java threads
#   Decrease Java thread stack sizes (-Xss)
#   Set larger code cache with -XX:ReservedCodeCacheSize=
#   JVM is running with Unscaled Compressed Oops mode in which the Java heap is
#     placed in the first 4GB address space. The Java Heap base address is the
#     maximum limit for the native heap growth. Please use -XX:HeapBaseMinAddress
#     to set the Java Heap base and to place the Java Heap above 4GB virtual address.
# This output file may be truncated or incomplete.
#
#  Out of Memory Error (arena.cpp:195), pid=14340, tid=11624
#
# JRE version: Java(TM) SE Runtime Environment (16.0.2+7) (build 16.0.2+7-67)
# Java VM: Java HotSpot(TM) 64-Bit Server VM (16.0.2+7-67, mixed mode, sharing, tiered, compressed oops, compressed class ptrs, g1 gc, windows-amd64)
# No core dump will be written. Minidumps are not enabled by default on client versions of Windows
#

---------------  S U M M A R Y ------------

Command Line: -Dfile.encoding=UTF-8 -XX:+ShowCodeDetailsInExceptionMessages com.testetechsolutio.TechSolutio.TechSolutioApplication

Host: Intel(R) Core(TM) i5-8250U CPU @ 1.60GHz, 8 cores, 7G,  Windows 10 , 64 bit Build 19041 (10.0.19041.1466)
Time: Tue Jan 18 23:09:48 2022 Hora oficial do Brasil elapsed time: 1.985513 seconds (0d 0h 0m 1s)

---------------  T H R E A D  ---------------

Current thread (0x000001c452959190):  JavaThread "C2 CompilerThread0" daemon [_thread_in_native, id=11624, stack(0x0000006a2cd00000,0x0000006a2ce00000)]


Current CompileTask:
C2:   1985 1098   !   4       java.util.jar.JarFile::checkForSpecialAttributes (163 bytes)

Stack: [0x0000006a2cd00000,0x0000006a2ce00000]
Native frames: (J=compiled Java code, j=interpreted, Vv=VM code, C=native code)
V  [jvm.dll+0x6681ca]
V  [jvm.dll+0x7c9e69]
V  [jvm.dll+0x7cb61e]
V  [jvm.dll+0x7cbc73]
V  [jvm.dll+0x242c55]
V  [jvm.dll+0xadeba]
V  [jvm.dll+0xae45c]
V  [jvm.dll+0x35a8d7]
V  [jvm.dll+0x324de1]
V  [jvm.dll+0x32428a]
V  [jvm.dll+0x215cec]
V  [jvm.dll+0x215100]
V  [jvm.dll+0x1a1beb]
V  [jvm.dll+0x225158]
V  [jvm.dll+0x22319c]
V  [jvm.dll+0x77fa62]
V  [jvm.dll+0x7795aa]
V  [jvm.dll+0x667066]
C  [ucrtbase.dll+0x21bb2]
C  [KERNEL32.DLL+0x17034]
C  [ntdll.dll+0x52651]


---------------  P R O C E S S  ---------------

Threads class SMR info:
_java_thread_list=0x000001c453f898f0, length=15, elements={
0x000001c4349c4f00, 0x000001c45293ca90, 0x000001c45293dbd0, 0x000001c452948f40,
0x000001c452949b40, 0x000001c45294c550, 0x000001c452957720, 0x000001c452959190,
0x000001c452962450, 0x000001c45296eab0, 0x000001c4534b26f0, 0x000001c4534b36e0,
0x000001c4534b4c20, 0x000001c4534b3190, 0x000001c453e32850
}

Java Threads: ( => current thread )
  0x000001c4349c4f00 JavaThread "main" [_thread_blocked, id=15556, stack(0x0000006a2c000000,0x0000006a2c100000)]
  0x000001c45293ca90 JavaThread "Reference Handler" daemon [_thread_blocked, id=3748, stack(0x0000006a2c700000,0x0000006a2c800000)]
  0x000001c45293dbd0 JavaThread "Finalizer" daemon [_thread_blocked, id=9168, stack(0x0000006a2c800000,0x0000006a2c900000)]
  0x000001c452948f40 JavaThread "Signal Dispatcher" daemon [_thread_blocked, id=4756, stack(0x0000006a2c900000,0x0000006a2ca00000)]
  0x000001c452949b40 JavaThread "Attach Listener" daemon [_thread_blocked, id=11992, stack(0x0000006a2ca00000,0x0000006a2cb00000)]
  0x000001c45294c550 JavaThread "Service Thread" daemon [_thread_blocked, id=1832, stack(0x0000006a2cb00000,0x0000006a2cc00000)]
  0x000001c452957720 JavaThread "Monitor Deflation Thread" daemon [_thread_blocked, id=5220, stack(0x0000006a2cc00000,0x0000006a2cd00000)]
=>0x000001c452959190 JavaThread "C2 CompilerThread0" daemon [_thread_in_native, id=11624, stack(0x0000006a2cd00000,0x0000006a2ce00000)]
  0x000001c452962450 JavaThread "C1 CompilerThread0" daemon [_thread_in_vm, id=13548, stack(0x0000006a2ce00000,0x0000006a2cf00000)]
  0x000001c45296eab0 JavaThread "Sweeper thread" daemon [_thread_blocked, id=15320, stack(0x0000006a2cf00000,0x0000006a2d000000)]
  0x000001c4534b26f0 JavaThread "Notification Thread" daemon [_thread_blocked, id=3732, stack(0x0000006a2d000000,0x0000006a2d100000)]
  0x000001c4534b36e0 JavaThread "Common-Cleaner" daemon [_thread_blocked, id=13120, stack(0x0000006a2d200000,0x0000006a2d300000)]
  0x000001c4534b4c20 JavaThread "Thread-0" [_thread_blocked, id=10716, stack(0x0000006a2d800000,0x0000006a2d900000)]
  0x000001c4534b3190 JavaThread "restartedMain" [_thread_blocked, id=14136, stack(0x0000006a2d900000,0x0000006a2da00000)]
  0x000001c453e32850 JavaThread "C2 CompilerThread1" daemon [_thread_blocked, id=12964, stack(0x0000006a2da00000,0x0000006a2db00000)]

Other Threads:
  0x000001c452938e40 VMThread "VM Thread" [stack: 0x0000006a2c600000,0x0000006a2c700000] [id=2248]
  0x000001c4534b8170 WatcherThread [stack: 0x0000006a2d100000,0x0000006a2d200000] [id=12732]
  0x000001c434a04cb0 GCTaskThread "GC Thread#0" [stack: 0x0000006a2c100000,0x0000006a2c200000] [id=7972]
  0x000001c453e52060 GCTaskThread "GC Thread#1" [stack: 0x0000006a2d300000,0x0000006a2d400000] [id=9500]
  0x000001c453e52370 GCTaskThread "GC Thread#2" [stack: 0x0000006a2d400000,0x0000006a2d500000] [id=13984]
  0x000001c453e56b10 GCTaskThread "GC Thread#3" [stack: 0x0000006a2d500000,0x0000006a2d600000] [id=8960]
  0x000001c453e56e20 GCTaskThread "GC Thread#4" [stack: 0x0000006a2d600000,0x0000006a2d700000] [id=13708]
  0x000001c453fe9e30 GCTaskThread "GC Thread#5" [stack: 0x0000006a2d700000,0x0000006a2d800000] [id=268]
  0x000001c434a159b0 ConcurrentGCThread "G1 Main Marker" [stack: 0x0000006a2c200000,0x0000006a2c300000] [id=2696]
  0x000001c434a174b0 ConcurrentGCThread "G1 Conc#0" [stack: 0x0000006a2c300000,0x0000006a2c400000] [id=13768]
  0x000001c4527f0090 ConcurrentGCThread "G1 Refine#0" [stack: 0x0000006a2c400000,0x0000006a2c500000] [id=14100]
  0x000001c4527f0b90 ConcurrentGCThread "G1 Service" [stack: 0x0000006a2c500000,0x0000006a2c600000] [id=720]

Threads with active compile tasks:
C2 CompilerThread0     2103 1098   !   4       java.util.jar.JarFile::checkForSpecialAttributes (163 bytes)
C1 CompilerThread0     2103 1243   !   3       java.util.jar.JarFile$JarFileEntry::getCodeSigners (81 bytes)

VM state: not at safepoint (normal execution)

VM Mutex/Monitor currently owned by a thread: None

Heap address: 0x0000000082200000, size: 2014 MB, Compressed Oops mode: 32-bit

CDS archive(s) mapped at: [0x0000000800000000-0x0000000800bb0000-0x0000000800bb0000), size 12255232, SharedBaseAddress: 0x0000000800000000, ArchiveRelocationMode: 0.
Compressed class space mapped at: 0x0000000800c00000-0x0000000840c00000, reserved size: 1073741824
Narrow klass base: 0x0000000800000000, Narrow klass shift: 3, Narrow klass range: 0x100000000

GC Precious Log:
 CPUs: 8 total, 8 available
 Memory: 8050M
 Large Page Support: Disabled
 NUMA Support: Disabled
 Compressed Oops: Enabled (32-bit)
 Heap Region Size: 1M
 Heap Min Capacity: 8M
 Heap Initial Capacity: 126M
 Heap Max Capacity: 2014M
 Pre-touch: Disabled
 Parallel Workers: 8
 Concurrent Workers: 2
 Concurrent Refinement Workers: 8
 Periodic GC: Disabled

Heap:
 garbage-first heap   total 129024K, used 23145K [0x0000000082200000, 0x0000000100000000)
  region size 1024K, 19 young (19456K), 1 survivors (1024K)
 Metaspace       used 6437K, committed 6656K, reserved 1056768K
  class space    used 732K, committed 832K, reserved 1048576K

Heap Regions: E=young(eden), S=young(survivor), O=old, HS=humongous(starts), HC=humongous(continues), CS=collection set, F=free, OA=open archive, CA=closed archive, TAMS=top-at-mark-start (previous, next)
|   0|0x0000000082200000, 0x0000000082300000, 0x0000000082300000|100%|HS|  |TAMS 0x0000000082200000, 0x0000000082200000| Complete 
|   1|0x0000000082300000, 0x0000000082400000, 0x0000000082400000|100%| O|  |TAMS 0x0000000082300000, 0x0000000082300000| Untracked 
|   2|0x0000000082400000, 0x0000000082500000, 0x0000000082500000|100%| O|  |TAMS 0x0000000082400000, 0x0000000082400000| Untracked 
|   3|0x0000000082500000, 0x0000000082600000, 0x0000000082600000|100%| O|  |TAMS 0x0000000082500000, 0x0000000082500000| Untracked 
|   4|0x0000000082600000, 0x0000000082700000, 0x0000000082700000|100%| O|  |TAMS 0x0000000082600000, 0x0000000082600000| Untracked 
|   5|0x0000000082700000, 0x0000000082800000, 0x0000000082800000|100%| O|  |TAMS 0x0000000082700000, 0x0000000082700000| Untracked 
|   6|0x0000000082800000, 0x000000008288a800, 0x0000000082900000| 54%| O|  |TAMS 0x0000000082800000, 0x0000000082800000| Untracked 
|   7|0x0000000082900000, 0x0000000082900000, 0x0000000082a00000|  0%| F|  |TAMS 0x0000000082900000, 0x0000000082900000| Untracked 
|   8|0x0000000082a00000, 0x0000000082a00000, 0x0000000082b00000|  0%| F|  |TAMS 0x0000000082a00000, 0x0000000082a00000| Untracked 
|   9|0x0000000082b00000, 0x0000000082b00000, 0x0000000082c00000|  0%| F|  |TAMS 0x0000000082b00000, 0x0000000082b00000| Untracked 
|  10|0x0000000082c00000, 0x0000000082c00000, 0x0000000082d00000|  0%| F|  |TAMS 0x0000000082c00000, 0x0000000082c00000| Untracked 
|  11|0x0000000082d00000, 0x0000000082d00000, 0x0000000082e00000|  0%| F|  |TAMS 0x0000000082d00000, 0x0000000082d00000| Untracked 
|  12|0x0000000082e00000, 0x0000000082e00000, 0x0000000082f00000|  0%| F|  |TAMS 0x0000000082e00000, 0x0000000082e00000| Untracked 
|  13|0x0000000082f00000, 0x0000000082f00000, 0x0000000083000000|  0%| F|  |TAMS 0x0000000082f00000, 0x0000000082f00000| Untracked 
|  14|0x0000000083000000, 0x0000000083000000, 0x0000000083100000|  0%| F|  |TAMS 0x0000000083000000, 0x0000000083000000| Untracked 
|  15|0x0000000083100000, 0x0000000083100000, 0x0000000083200000|  0%| F|  |TAMS 0x0000000083100000, 0x0000000083100000| Untracked 
|  16|0x0000000083200000, 0x0000000083200000, 0x0000000083300000|  0%| F|  |TAMS 0x0000000083200000, 0x0000000083200000| Untracked 
|  17|0x0000000083300000, 0x0000000083300000, 0x0000000083400000|  0%| F|  |TAMS 0x0000000083300000, 0x0000000083300000| Untracked 
|  18|0x0000000083400000, 0x0000000083400000, 0x0000000083500000|  0%| F|  |TAMS 0x0000000083400000, 0x0000000083400000| Untracked 
|  19|0x0000000083500000, 0x0000000083500000, 0x0000000083600000|  0%| F|  |TAMS 0x0000000083500000, 0x0000000083500000| Untracked 
|  20|0x0000000083600000, 0x0000000083600000, 0x0000000083700000|  0%| F|  |TAMS 0x0000000083600000, 0x0000000083600000| Untracked 
|  21|0x0000000083700000, 0x0000000083700000, 0x0000000083800000|  0%| F|  |TAMS 0x0000000083700000, 0x0000000083700000| Untracked 
|  22|0x0000000083800000, 0x0000000083800000, 0x0000000083900000|  0%| F|  |TAMS 0x0000000083800000, 0x0000000083800000| Untracked 
|  23|0x0000000083900000, 0x0000000083900000, 0x0000000083a00000|  0%| F|  |TAMS 0x0000000083900000, 0x0000000083900000| Untracked 
|  24|0x0000000083a00000, 0x0000000083a00000, 0x0000000083b00000|  0%| F|  |TAMS 0x0000000083a00000, 0x0000000083a00000| Untracked 
|  25|0x0000000083b00000, 0x0000000083b00000, 0x0000000083c00000|  0%| F|  |TAMS 0x0000000083b00000, 0x0000000083b00000| Untracked 
|  26|0x0000000083c00000, 0x0000000083c00000, 0x0000000083d00000|  0%| F|  |TAMS 0x0000000083c00000, 0x0000000083c00000| Untracked 
|  27|0x0000000083d00000, 0x0000000083d00000, 0x0000000083e00000|  0%| F|  |TAMS 0x0000000083d00000, 0x0000000083d00000| Untracked 
|  28|0x0000000083e00000, 0x0000000083e00000, 0x0000000083f00000|  0%| F|  |TAMS 0x0000000083e00000, 0x0000000083e00000| Untracked 
|  29|0x0000000083f00000, 0x0000000083f00000, 0x0000000084000000|  0%| F|  |TAMS 0x0000000083f00000, 0x0000000083f00000| Untracked 
|  30|0x0000000084000000, 0x0000000084000000, 0x0000000084100000|  0%| F|  |TAMS 0x0000000084000000, 0x0000000084000000| Untracked 
|  31|0x0000000084100000, 0x0000000084100000, 0x0000000084200000|  0%| F|  |TAMS 0x0000000084100000, 0x0000000084100000| Untracked 
|  32|0x0000000084200000, 0x0000000084200000, 0x0000000084300000|  0%| F|  |TAMS 0x0000000084200000, 0x0000000084200000| Untracked 
|  33|0x0000000084300000, 0x0000000084300000, 0x0000000084400000|  0%| F|  |TAMS 0x0000000084300000, 0x0000000084300000| Untracked 
|  34|0x0000000084400000, 0x0000000084400000, 0x0000000084500000|  0%| F|  |TAMS 0x0000000084400000, 0x0000000084400000| Untracked 
|  35|0x0000000084500000, 0x0000000084500000, 0x0000000084600000|  0%| F|  |TAMS 0x0000000084500000, 0x0000000084500000| Untracked 
|  36|0x0000000084600000, 0x0000000084600000, 0x0000000084700000|  0%| F|  |TAMS 0x0000000084600000, 0x0000000084600000| Untracked 
|  37|0x0000000084700000, 0x0000000084700000, 0x0000000084800000|  0%| F|  |TAMS 0x0000000084700000, 0x0000000084700000| Untracked 
|  38|0x0000000084800000, 0x0000000084800000, 0x0000000084900000|  0%| F|  |TAMS 0x0000000084800000, 0x0000000084800000| Untracked 
|  39|0x0000000084900000, 0x0000000084900000, 0x0000000084a00000|  0%| F|  |TAMS 0x0000000084900000, 0x0000000084900000| Untracked 
|  40|0x0000000084a00000, 0x0000000084a00000, 0x0000000084b00000|  0%| F|  |TAMS 0x0000000084a00000, 0x0000000084a00000| Untracked 
|  41|0x0000000084b00000, 0x0000000084b00000, 0x0000000084c00000|  0%| F|  |TAMS 0x0000000084b00000, 0x0000000084b00000| Untracked 
|  42|0x0000000084c00000, 0x0000000084c00000, 0x0000000084d00000|  0%| F|  |TAMS 0x0000000084c00000, 0x0000000084c00000| Untracked 
|  43|0x0000000084d00000, 0x0000000084d00000, 0x0000000084e00000|  0%| F|  |TAMS 0x0000000084d00000, 0x0000000084d00000| Untracked 
|  44|0x0000000084e00000, 0x0000000084e00000, 0x0000000084f00000|  0%| F|  |TAMS 0x0000000084e00000, 0x0000000084e00000| Untracked 
|  45|0x0000000084f00000, 0x0000000084f00000, 0x0000000085000000|  0%| F|  |TAMS 0x0000000084f00000, 0x0000000084f00000| Untracked 
|  46|0x0000000085000000, 0x0000000085000000, 0x0000000085100000|  0%| F|  |TAMS 0x0000000085000000, 0x0000000085000000| Untracked 
|  47|0x0000000085100000, 0x0000000085100000, 0x0000000085200000|  0%| F|  |TAMS 0x0000000085100000, 0x0000000085100000| Untracked 
|  48|0x0000000085200000, 0x0000000085200000, 0x0000000085300000|  0%| F|  |TAMS 0x0000000085200000, 0x0000000085200000| Untracked 
|  49|0x0000000085300000, 0x0000000085300000, 0x0000000085400000|  0%| F|  |TAMS 0x0000000085300000, 0x0000000085300000| Untracked 
|  50|0x0000000085400000, 0x0000000085400000, 0x0000000085500000|  0%| F|  |TAMS 0x0000000085400000, 0x0000000085400000| Untracked 
|  51|0x0000000085500000, 0x0000000085500000, 0x0000000085600000|  0%| F|  |TAMS 0x0000000085500000, 0x0000000085500000| Untracked 
|  52|0x0000000085600000, 0x0000000085600000, 0x0000000085700000|  0%| F|  |TAMS 0x0000000085600000, 0x0000000085600000| Untracked 
|  53|0x0000000085700000, 0x0000000085700000, 0x0000000085800000|  0%| F|  |TAMS 0x0000000085700000, 0x0000000085700000| Untracked 
|  54|0x0000000085800000, 0x0000000085800000, 0x0000000085900000|  0%| F|  |TAMS 0x0000000085800000, 0x0000000085800000| Untracked 
|  55|0x0000000085900000, 0x0000000085900000, 0x0000000085a00000|  0%| F|  |TAMS 0x0000000085900000, 0x0000000085900000| Untracked 
|  56|0x0000000085a00000, 0x0000000085a00000, 0x0000000085b00000|  0%| F|  |TAMS 0x0000000085a00000, 0x0000000085a00000| Untracked 
|  57|0x0000000085b00000, 0x0000000085b00000, 0x0000000085c00000|  0%| F|  |TAMS 0x0000000085b00000, 0x0000000085b00000| Untracked 
|  58|0x0000000085c00000, 0x0000000085c00000, 0x0000000085d00000|  0%| F|  |TAMS 0x0000000085c00000, 0x0000000085c00000| Untracked 
|  59|0x0000000085d00000, 0x0000000085d00000, 0x0000000085e00000|  0%| F|  |TAMS 0x0000000085d00000, 0x0000000085d00000| Untracked 
|  60|0x0000000085e00000, 0x0000000085e00000, 0x0000000085f00000|  0%| F|  |TAMS 0x0000000085e00000, 0x0000000085e00000| Untracked 
|  61|0x0000000085f00000, 0x0000000085f00000, 0x0000000086000000|  0%| F|  |TAMS 0x0000000085f00000, 0x0000000085f00000| Untracked 
|  62|0x0000000086000000, 0x0000000086000000, 0x0000000086100000|  0%| F|  |TAMS 0x0000000086000000, 0x0000000086000000| Untracked 
|  63|0x0000000086100000, 0x0000000086100000, 0x0000000086200000|  0%| F|  |TAMS 0x0000000086100000, 0x0000000086100000| Untracked 
|  64|0x0000000086200000, 0x0000000086200000, 0x0000000086300000|  0%| F|  |TAMS 0x0000000086200000, 0x0000000086200000| Untracked 
|  65|0x0000000086300000, 0x0000000086300000, 0x0000000086400000|  0%| F|  |TAMS 0x0000000086300000, 0x0000000086300000| Untracked 
|  66|0x0000000086400000, 0x0000000086400000, 0x0000000086500000|  0%| F|  |TAMS 0x0000000086400000, 0x0000000086400000| Untracked 
|  67|0x0000000086500000, 0x0000000086500000, 0x0000000086600000|  0%| F|  |TAMS 0x0000000086500000, 0x0000000086500000| Untracked 
|  68|0x0000000086600000, 0x0000000086600000, 0x0000000086700000|  0%| F|  |TAMS 0x0000000086600000, 0x0000000086600000| Untracked 
|  69|0x0000000086700000, 0x0000000086700000, 0x0000000086800000|  0%| F|  |TAMS 0x0000000086700000, 0x0000000086700000| Untracked 
|  70|0x0000000086800000, 0x0000000086800000, 0x0000000086900000|  0%| F|  |TAMS 0x0000000086800000, 0x0000000086800000| Untracked 
|  71|0x0000000086900000, 0x0000000086900000, 0x0000000086a00000|  0%| F|  |TAMS 0x0000000086900000, 0x0000000086900000| Untracked 
|  72|0x0000000086a00000, 0x0000000086a00000, 0x0000000086b00000|  0%| F|  |TAMS 0x0000000086a00000, 0x0000000086a00000| Untracked 
|  73|0x0000000086b00000, 0x0000000086b00000, 0x0000000086c00000|  0%| F|  |TAMS 0x0000000086b00000, 0x0000000086b00000| Untracked 
|  74|0x0000000086c00000, 0x0000000086c00000, 0x0000000086d00000|  0%| F|  |TAMS 0x0000000086c00000, 0x0000000086c00000| Untracked 
|  75|0x0000000086d00000, 0x0000000086d00000, 0x0000000086e00000|  0%| F|  |TAMS 0x0000000086d00000, 0x0000000086d00000| Untracked 
|  76|0x0000000086e00000, 0x0000000086e00000, 0x0000000086f00000|  0%| F|  |TAMS 0x0000000086e00000, 0x0000000086e00000| Untracked 
|  77|0x0000000086f00000, 0x0000000086f00000, 0x0000000087000000|  0%| F|  |TAMS 0x0000000086f00000, 0x0000000086f00000| Untracked 
|  78|0x0000000087000000, 0x0000000087000000, 0x0000000087100000|  0%| F|  |TAMS 0x0000000087000000, 0x0000000087000000| Untracked 
|  79|0x0000000087100000, 0x0000000087100000, 0x0000000087200000|  0%| F|  |TAMS 0x0000000087100000, 0x0000000087100000| Untracked 
|  80|0x0000000087200000, 0x0000000087200000, 0x0000000087300000|  0%| F|  |TAMS 0x0000000087200000, 0x0000000087200000| Untracked 
|  81|0x0000000087300000, 0x0000000087300000, 0x0000000087400000|  0%| F|  |TAMS 0x0000000087300000, 0x0000000087300000| Untracked 
|  82|0x0000000087400000, 0x0000000087400000, 0x0000000087500000|  0%| F|  |TAMS 0x0000000087400000, 0x0000000087400000| Untracked 
|  83|0x0000000087500000, 0x0000000087500000, 0x0000000087600000|  0%| F|  |TAMS 0x0000000087500000, 0x0000000087500000| Untracked 
|  84|0x0000000087600000, 0x0000000087600000, 0x0000000087700000|  0%| F|  |TAMS 0x0000000087600000, 0x0000000087600000| Untracked 
|  85|0x0000000087700000, 0x0000000087700000, 0x0000000087800000|  0%| F|  |TAMS 0x0000000087700000, 0x0000000087700000| Untracked 
|  86|0x0000000087800000, 0x0000000087800000, 0x0000000087900000|  0%| F|  |TAMS 0x0000000087800000, 0x0000000087800000| Untracked 
|  87|0x0000000087900000, 0x0000000087900000, 0x0000000087a00000|  0%| F|  |TAMS 0x0000000087900000, 0x0000000087900000| Untracked 
|  88|0x0000000087a00000, 0x0000000087a00000, 0x0000000087b00000|  0%| F|  |TAMS 0x0000000087a00000, 0x0000000087a00000| Untracked 
|  89|0x0000000087b00000, 0x0000000087b00000, 0x0000000087c00000|  0%| F|  |TAMS 0x0000000087b00000, 0x0000000087b00000| Untracked 
|  90|0x0000000087c00000, 0x0000000087c00000, 0x0000000087d00000|  0%| F|  |TAMS 0x0000000087c00000, 0x0000000087c00000| Untracked 
|  91|0x0000000087d00000, 0x0000000087d00000, 0x0000000087e00000|  0%| F|  |TAMS 0x0000000087d00000, 0x0000000087d00000| Untracked 
|  92|0x0000000087e00000, 0x0000000087e00000, 0x0000000087f00000|  0%| F|  |TAMS 0x0000000087e00000, 0x0000000087e00000| Untracked 
|  93|0x0000000087f00000, 0x0000000087f00000, 0x0000000088000000|  0%| F|  |TAMS 0x0000000087f00000, 0x0000000087f00000| Untracked 
|  94|0x0000000088000000, 0x000000008800ff40, 0x0000000088100000|  6%| S|CS|TAMS 0x0000000088000000, 0x0000000088000000| Complete 
|  95|0x0000000088100000, 0x0000000088100000, 0x0000000088200000|  0%| F|  |TAMS 0x0000000088100000, 0x0000000088100000| Untracked 
|  96|0x0000000088200000, 0x0000000088200000, 0x0000000088300000|  0%| F|  |TAMS 0x0000000088200000, 0x0000000088200000| Untracked 
|  97|0x0000000088300000, 0x0000000088300000, 0x0000000088400000|  0%| F|  |TAMS 0x0000000088300000, 0x0000000088300000| Untracked 
|  98|0x0000000088400000, 0x0000000088400000, 0x0000000088500000|  0%| F|  |TAMS 0x0000000088400000, 0x0000000088400000| Untracked 
|  99|0x0000000088500000, 0x0000000088500000, 0x0000000088600000|  0%| F|  |TAMS 0x0000000088500000, 0x0000000088500000| Untracked 
| 100|0x0000000088600000, 0x0000000088600000, 0x0000000088700000|  0%| F|  |TAMS 0x0000000088600000, 0x0000000088600000| Untracked 
| 101|0x0000000088700000, 0x0000000088700000, 0x0000000088800000|  0%| F|  |TAMS 0x0000000088700000, 0x0000000088700000| Untracked 
| 102|0x0000000088800000, 0x0000000088800000, 0x0000000088900000|  0%| F|  |TAMS 0x0000000088800000, 0x0000000088800000| Untracked 
| 103|0x0000000088900000, 0x0000000088900000, 0x0000000088a00000|  0%| F|  |TAMS 0x0000000088900000, 0x0000000088900000| Untracked 
| 104|0x0000000088a00000, 0x0000000088a00000, 0x0000000088b00000|  0%| F|  |TAMS 0x0000000088a00000, 0x0000000088a00000| Untracked 
| 105|0x0000000088b00000, 0x0000000088b00000, 0x0000000088c00000|  0%| F|  |TAMS 0x0000000088b00000, 0x0000000088b00000| Untracked 
| 106|0x0000000088c00000, 0x0000000088c00000, 0x0000000088d00000|  0%| F|  |TAMS 0x0000000088c00000, 0x0000000088c00000| Untracked 
| 107|0x0000000088d00000, 0x0000000088d00000, 0x0000000088e00000|  0%| F|  |TAMS 0x0000000088d00000, 0x0000000088d00000| Untracked 
| 108|0x0000000088e00000, 0x0000000088f00000, 0x0000000088f00000|100%| E|  |TAMS 0x0000000088e00000, 0x0000000088e00000| Complete 
| 109|0x0000000088f00000, 0x0000000089000000, 0x0000000089000000|100%| E|CS|TAMS 0x0000000088f00000, 0x0000000088f00000| Complete 
| 110|0x0000000089000000, 0x0000000089100000, 0x0000000089100000|100%| E|CS|TAMS 0x0000000089000000, 0x0000000089000000| Complete 
| 111|0x0000000089100000, 0x0000000089200000, 0x0000000089200000|100%| E|CS|TAMS 0x0000000089100000, 0x0000000089100000| Complete 
| 112|0x0000000089200000, 0x0000000089300000, 0x0000000089300000|100%| E|CS|TAMS 0x0000000089200000, 0x0000000089200000| Complete 
| 113|0x0000000089300000, 0x0000000089400000, 0x0000000089400000|100%| E|CS|TAMS 0x0000000089300000, 0x0000000089300000| Complete 
| 114|0x0000000089400000, 0x0000000089500000, 0x0000000089500000|100%| E|CS|TAMS 0x0000000089400000, 0x0000000089400000| Complete 
| 115|0x0000000089500000, 0x0000000089600000, 0x0000000089600000|100%| E|CS|TAMS 0x0000000089500000, 0x0000000089500000| Complete 
| 116|0x0000000089600000, 0x0000000089700000, 0x0000000089700000|100%| E|CS|TAMS 0x0000000089600000, 0x0000000089600000| Complete 
| 117|0x0000000089700000, 0x0000000089800000, 0x0000000089800000|100%| E|CS|TAMS 0x0000000089700000, 0x0000000089700000| Complete 
| 118|0x0000000089800000, 0x0000000089900000, 0x0000000089900000|100%| E|CS|TAMS 0x0000000089800000, 0x0000000089800000| Complete 
| 119|0x0000000089900000, 0x0000000089a00000, 0x0000000089a00000|100%| E|CS|TAMS 0x0000000089900000, 0x0000000089900000| Complete 
| 120|0x0000000089a00000, 0x0000000089b00000, 0x0000000089b00000|100%| E|CS|TAMS 0x0000000089a00000, 0x0000000089a00000| Complete 
| 121|0x0000000089b00000, 0x0000000089c00000, 0x0000000089c00000|100%| E|CS|TAMS 0x0000000089b00000, 0x0000000089b00000| Complete 
| 122|0x0000000089c00000, 0x0000000089d00000, 0x0000000089d00000|100%| E|CS|TAMS 0x0000000089c00000, 0x0000000089c00000| Complete 
| 123|0x0000000089d00000, 0x0000000089e00000, 0x0000000089e00000|100%| E|CS|TAMS 0x0000000089d00000, 0x0000000089d00000| Complete 
| 124|0x0000000089e00000, 0x0000000089f00000, 0x0000000089f00000|100%| E|CS|TAMS 0x0000000089e00000, 0x0000000089e00000| Complete 
| 125|0x0000000089f00000, 0x000000008a000000, 0x000000008a000000|100%| E|  |TAMS 0x0000000089f00000, 0x0000000089f00000| Complete 

Card table byte_map: [0x000001c44b860000,0x000001c44bc50000] _byte_map_base: 0x000001c44b44f000

Marking Bits (Prev, Next): (CMBitMap*) 0x000001c434a053a0, (CMBitMap*) 0x000001c434a053e0
 Prev Bits: [0x000001c44c040000, 0x000001c44dfb8000)
 Next Bits: [0x000001c44dfc0000, 0x000001c44ff38000)

Polling page: 0x000001c4341a0000

Metaspace:

Usage:
  Non-class:      5.63 MB used.
      Class:    739.45 KB used.
       Both:      6.35 MB used.

Virtual space:
  Non-class space:        8.00 MB reserved,       5.69 MB ( 71%) committed,  1 nodes.
      Class space:        1.00 GB reserved,     832.00 KB ( <1%) committed,  1 nodes.
              Both:        1.01 GB reserved,       6.50 MB ( <1%) committed. 

Chunk freelists:
   Non-Class:  1.19 MB
       Class:  3.03 MB
        Both:  4.22 MB

MaxMetaspaceSize: 17179869184.00 GB
CompressedClassSpaceSize: 1.00 GB
 - commit_granule_bytes: 65536.
 - commit_granule_words: 8192.
 - virtual_space_node_default_size: 1048576.
 - enlarge_chunks_in_place: 1.
 - new_chunks_are_fully_committed: 0.
 - uncommit_free_chunks: 1.
 - use_allocation_guard: 0.
 - handle_deallocations: 1.


Internal statistics:

num_allocs_failed_limit: 0.
num_arena_births: 84.
num_arena_deaths: 0.
num_vsnodes_births: 2.
num_vsnodes_deaths: 0.
num_space_committed: 104.
num_space_uncommitted: 0.
num_chunks_returned_to_freelist: 0.
num_chunks_taken_from_freelist: 239.
num_chunk_merges: 0.
num_chunk_splits: 155.
num_chunks_enlarged: 123.
num_purges: 0.

CodeHeap 'non-profiled nmethods': size=120000Kb used=412Kb max_used=412Kb free=119587Kb
 bounds [0x000001c443c10000, 0x000001c443e80000, 0x000001c44b140000]
CodeHeap 'profiled nmethods': size=120000Kb used=2379Kb max_used=2379Kb free=117620Kb
 bounds [0x000001c43c6e0000, 0x000001c43c950000, 0x000001c443c10000]
CodeHeap 'non-nmethods': size=5760Kb used=1178Kb max_used=1194Kb free=4581Kb
 bounds [0x000001c43c140000, 0x000001c43c3b0000, 0x000001c43c6e0000]
 total_blobs=1721 nmethods=1251 adapters=383
 compilation: enabled
              stopped_count=0, restarted_count=0
 full_count=0

Compilation events (20 events):
Event: 1.962 Thread 0x000001c452962450 nmethod 1127 0x000001c43c8f7490 code [0x000001c43c8f7620, 0x000001c43c8f7718]
Event: 1.963 Thread 0x000001c452959190 nmethod 1097 0x000001c443c6c390 code [0x000001c443c6c620, 0x000001c443c6df10]
Event: 1.964 Thread 0x000001c452959190 1099       4       java.util.ArrayList::get (15 bytes)
Event: 1.965 Thread 0x000001c452959190 nmethod 1099 0x000001c443c6eb90 code [0x000001c443c6ed20, 0x000001c443c6ee18]
Event: 1.965 Thread 0x000001c452959190 1098   !   4       java.util.jar.JarFile::checkForSpecialAttributes (163 bytes)
Event: 1.968 Thread 0x000001c452962450 1129       1       sun.reflect.generics.tree.SimpleClassTypeSignature::getName (5 bytes)
Event: 1.968 Thread 0x000001c452962450 nmethod 1129 0x000001c443c6ef10 code [0x000001c443c6f0a0, 0x000001c443c6f178]
Event: 1.968 Thread 0x000001c452962450 1130       1       sun.reflect.generics.tree.ClassTypeSignature::getPath (5 bytes)
Event: 1.968 Thread 0x000001c452962450 nmethod 1130 0x000001c443c6f210 code [0x000001c443c6f3a0, 0x000001c443c6f478]
Event: 1.968 Thread 0x000001c452962450 1131       1       sun.reflect.generics.tree.SimpleClassTypeSignature::getDollar (5 bytes)
Event: 1.968 Thread 0x000001c452962450 nmethod 1131 0x000001c443c6f510 code [0x000001c443c6f6a0, 0x000001c443c6f778]
Event: 1.969 Thread 0x000001c452962450 1132       3       java.util.Arrays::hashCode (56 bytes)
Event: 1.970 Thread 0x000001c452962450 nmethod 1132 0x000001c43c8f7790 code [0x000001c43c8f7960, 0x000001c43c8f7cc8]
Event: 1.970 Thread 0x000001c452962450 1133       3       java.lang.Integer::valueOf (32 bytes)
Event: 1.971 Thread 0x000001c452962450 nmethod 1133 0x000001c43c8f7e10 code [0x000001c43c8f7fe0, 0x000001c43c8f8318]
Event: 1.975 Thread 0x000001c452962450 1135       3       java.lang.ClassLoader::defineClassSourceLocation (28 bytes)
Event: 1.976 Thread 0x000001c452962450 nmethod 1135 0x000001c43c8f8490 code [0x000001c43c8f8660, 0x000001c43c8f89e8]
Event: 1.976 Thread 0x000001c452962450 1136       1       java.util.concurrent.locks.AbstractOwnableSynchronizer::getExclusiveOwnerThread (5 bytes)
Event: 1.976 Thread 0x000001c452962450 nmethod 1136 0x000001c443c6f810 code [0x000001c443c6f9a0, 0x000001c443c6fa78]
Event: 1.977 Thread 0x000001c452962450 1137       3       java.util.Objects::hashCode (13 bytes)

GC Heap History (4 events):
Event: 1.654 GC heap before
{Heap before GC invocations=0 (full 0):
 garbage-first heap   total 129024K, used 23552K [0x0000000082200000, 0x0000000100000000)
  region size 1024K, 23 young (23552K), 0 survivors (0K)
 Metaspace       used 4341K, committed 4544K, reserved 1056768K
  class space    used 452K, committed 576K, reserved 1048576K
}
Event: 1.663 GC heap after
{Heap after GC invocations=1 (full 0):
 garbage-first heap   total 129024K, used 6601K [0x0000000082200000, 0x0000000100000000)
  region size 1024K, 3 young (3072K), 3 survivors (3072K)
 Metaspace       used 4341K, committed 4544K, reserved 1056768K
  class space    used 452K, committed 576K, reserved 1048576K
}
Event: 1.675 GC heap before
{Heap before GC invocations=1 (full 0):
 garbage-first heap   total 129024K, used 34249K [0x0000000082200000, 0x0000000100000000)
  region size 1024K, 31 young (31744K), 3 survivors (3072K)
 Metaspace       used 4341K, committed 4544K, reserved 1056768K
  class space    used 452K, committed 576K, reserved 1048576K
}
Event: 1.679 GC heap after
{Heap after GC invocations=2 (full 0):
 garbage-first heap   total 129024K, used 6761K [0x0000000082200000, 0x0000000100000000)
  region size 1024K, 1 young (1024K), 1 survivors (1024K)
 Metaspace       used 4341K, committed 4544K, reserved 1056768K
  class space    used 452K, committed 576K, reserved 1048576K
}

Deoptimization events (20 events):
Event: 1.731 Thread 0x000001c4534b3190 Uncommon trap: trap_request=0xffffffde fr.pc=0x000001c443c41c60 relative=0x0000000000001140
Event: 1.731 Thread 0x000001c4534b3190 Uncommon trap: reason=class_check action=maybe_recompile pc=0x000001c443c41c60 method=jdk.internal.loader.URLClassPath.getLoader(I)Ljdk/internal/loader/URLClassPath$Loader; @ 88 c2
Event: 1.731 Thread 0x000001c4534b3190 DEOPT PACKING pc=0x000001c443c41c60 sp=0x0000006a2d9fdf00
Event: 1.731 Thread 0x000001c4534b3190 DEOPT UNPACKING pc=0x000001c43c18d72e sp=0x0000006a2d9fdf00 mode 2
Event: 1.871 Thread 0x000001c4534b3190 Uncommon trap: trap_request=0xffffffc6 fr.pc=0x000001c443c5af14 relative=0x0000000000001174
Event: 1.871 Thread 0x000001c4534b3190 Uncommon trap: reason=bimorphic_or_optimized_type_check action=maybe_recompile pc=0x000001c443c5af14 method=java.util.HashMap.putVal(ILjava/lang/Object;Ljava/lang/Object;ZZ)Ljava/lang/Object; @ 56 c2
Event: 1.871 Thread 0x000001c4534b3190 DEOPT PACKING pc=0x000001c443c5af14 sp=0x0000006a2d9fd140
Event: 1.871 Thread 0x000001c4534b3190 DEOPT UNPACKING pc=0x000001c43c18d72e sp=0x0000006a2d9fd0c8 mode 2
Event: 1.871 Thread 0x000001c4534b3190 Uncommon trap: trap_request=0xffffffc6 fr.pc=0x000001c443c5af14 relative=0x0000000000001174
Event: 1.871 Thread 0x000001c4534b3190 Uncommon trap: reason=bimorphic_or_optimized_type_check action=maybe_recompile pc=0x000001c443c5af14 method=java.util.HashMap.putVal(ILjava/lang/Object;Ljava/lang/Object;ZZ)Ljava/lang/Object; @ 56 c2
Event: 1.871 Thread 0x000001c4534b3190 DEOPT PACKING pc=0x000001c443c5af14 sp=0x0000006a2d9fd140
Event: 1.871 Thread 0x000001c4534b3190 DEOPT UNPACKING pc=0x000001c43c18d72e sp=0x0000006a2d9fd0c8 mode 2
Event: 1.871 Thread 0x000001c4534b3190 Uncommon trap: trap_request=0xffffffc6 fr.pc=0x000001c443c5af14 relative=0x0000000000001174
Event: 1.871 Thread 0x000001c4534b3190 Uncommon trap: reason=bimorphic_or_optimized_type_check action=maybe_recompile pc=0x000001c443c5af14 method=java.util.HashMap.putVal(ILjava/lang/Object;Ljava/lang/Object;ZZ)Ljava/lang/Object; @ 56 c2
Event: 1.871 Thread 0x000001c4534b3190 DEOPT PACKING pc=0x000001c443c5af14 sp=0x0000006a2d9fd140
Event: 1.871 Thread 0x000001c4534b3190 DEOPT UNPACKING pc=0x000001c43c18d72e sp=0x0000006a2d9fd0c8 mode 2
Event: 1.871 Thread 0x000001c4534b3190 Uncommon trap: trap_request=0xffffffc6 fr.pc=0x000001c443c5af14 relative=0x0000000000001174
Event: 1.871 Thread 0x000001c4534b3190 Uncommon trap: reason=bimorphic_or_optimized_type_check action=maybe_recompile pc=0x000001c443c5af14 method=java.util.HashMap.putVal(ILjava/lang/Object;Ljava/lang/Object;ZZ)Ljava/lang/Object; @ 56 c2
Event: 1.871 Thread 0x000001c4534b3190 DEOPT PACKING pc=0x000001c443c5af14 sp=0x0000006a2d9fd140
Event: 1.871 Thread 0x000001c4534b3190 DEOPT UNPACKING pc=0x000001c43c18d72e sp=0x0000006a2d9fd0c8 mode 2

Classes unloaded (0 events):
No events

Classes redefined (0 events):
No events

Internal exceptions (16 events):
Event: 0.705 Thread 0x000001c4349c4f00 Exception <a 'java/lang/ClassNotFoundException'{0x00000000898f3720}: javax/smartcardio/CardPermission> (0x00000000898f3720) 
thrown [t:\workspace\open\src\hotspot\share\classfile\systemDictionary.cpp, line 256]
Event: 0.713 Thread 0x000001c4349c4f00 Exception <a 'java/io/FileNotFoundException'{0x00000000897025a0}> (0x00000000897025a0) 
thrown [t:\workspace\open\src\hotspot\share\prims\jni.cpp, line 579]
Event: 0.747 Thread 0x000001c4349c4f00 Exception <a 'java/lang/NoSuchMethodError'{0x000000008972cdb0}: 'void java.lang.invoke.DirectMethodHandle$Holder.invokeSpecial(java.lang.Object, java.lang.Object, java.lang.Object)'> (0x000000008972cdb0) 
thrown [t:\workspace\open\src\hotspot\share\interpreter\linkResolver.cpp, line 790]
Event: 1.332 Thread 0x000001c4349c4f00 Exception <a 'java/lang/NoSuchMethodError'{0x000000008938e2f0}: 'java.lang.Object java.lang.invoke.DirectMethodHandle$Holder.invokeSpecialIFC(java.lang.Object, java.lang.Object, java.lang.Object, java.lang.Object)'> (0x000000008938e2f0) 
thrown [t:\workspace\open\src\hotspot\share\interpreter\linkResolver.cpp, line 790]
Event: 1.375 Thread 0x000001c4349c4f00 Exception <a 'java/lang/NoSuchMethodError'{0x0000000089235978}: 'int java.lang.invoke.DirectMethodHandle$Holder.invokeStaticInit(java.lang.Object, java.lang.Object)'> (0x0000000089235978) 
thrown [t:\workspace\open\src\hotspot\share\interpreter\linkResolver.cpp, line 790]
Event: 1.500 Thread 0x000001c4349c4f00 Exception <a 'java/lang/NoSuchMethodError'{0x000000008902a428}: 'int java.lang.invoke.DirectMethodHandle$Holder.invokeStaticInit(java.lang.Object, java.lang.Object, java.lang.Object)'> (0x000000008902a428) 
thrown [t:\workspace\open\src\hotspot\share\interpreter\linkResolver.cpp, line 790]
Event: 1.510 Thread 0x000001c4349c4f00 Exception <a 'java/lang/NoSuchMethodError'{0x0000000089054ad8}: 'java.lang.Object java.lang.invoke.DirectMethodHandle$Holder.invokeVirtual(java.lang.Object, java.lang.Object, java.lang.Object)'> (0x0000000089054ad8) 
thrown [t:\workspace\open\src\hotspot\share\interpreter\linkResolver.cpp, line 790]
Event: 1.520 Thread 0x000001c4349c4f00 Exception <a 'java/lang/NoSuchMethodError'{0x00000000890840c8}: 'java.lang.Object java.lang.invoke.DirectMethodHandle$Holder.newInvokeSpecial(java.lang.Object, java.lang.Object, java.lang.Object, java.lang.Object, java.lang.Object)'> (0x00000000890840c8) 
thrown [t:\workspace\open\src\hotspot\share\interpreter\linkResolver.cpp, line 790]
Event: 1.540 Thread 0x000001c4349c4f00 Exception <a 'java/lang/NoSuchMethodError'{0x00000000890e9a70}: 'void java.lang.invoke.DirectMethodHandle$Holder.invokeStatic(java.lang.Object, java.lang.Object, java.lang.Object)'> (0x00000000890e9a70) 
thrown [t:\workspace\open\src\hotspot\share\interpreter\linkResolver.cpp, line 790]
Event: 1.582 Thread 0x000001c4349c4f00 Exception <a 'java/lang/NoSuchMethodError'{0x0000000088fec898}: 'java.lang.Object java.lang.invoke.DirectMethodHandle$Holder.invokeStatic(java.lang.Object)'> (0x0000000088fec898) 
thrown [t:\workspace\open\src\hotspot\share\interpreter\linkResolver.cpp, line 790]
Event: 1.582 Thread 0x000001c4349c4f00 Exception <a 'java/lang/NoSuchMethodError'{0x0000000088ff01b0}: 'java.lang.Object java.lang.invoke.DirectMethodHandle$Holder.invokeStaticInit(java.lang.Object)'> (0x0000000088ff01b0) 
thrown [t:\workspace\open\src\hotspot\share\interpreter\linkResolver.cpp, line 790]
Event: 1.595 Thread 0x000001c4349c4f00 Exception <a 'java/lang/NoSuchMethodError'{0x0000000088e084b8}: 'java.lang.Object java.lang.invoke.DirectMethodHandle$Holder.invokeInterface(java.lang.Object, java.lang.Object)'> (0x0000000088e084b8) 
thrown [t:\workspace\open\src\hotspot\share\interpreter\linkResolver.cpp, line 790]
Event: 1.596 Thread 0x000001c4349c4f00 Exception <a 'java/lang/NoSuchMethodError'{0x0000000088e10950}: 'java.lang.Object java.lang.invoke.DirectMethodHandle$Holder.invokeStaticInit(java.lang.Object, java.lang.Object, java.lang.Object)'> (0x0000000088e10950) 
thrown [t:\workspace\open\src\hotspot\share\interpreter\linkResolver.cpp, line 790]
Event: 1.606 Thread 0x000001c4349c4f00 Exception <a 'java/lang/NoSuchMethodError'{0x0000000088e35890}: 'int java.lang.invoke.DirectMethodHandle$Holder.invokeSpecial(java.lang.Object, java.lang.Object, java.lang.Object)'> (0x0000000088e35890) 
thrown [t:\workspace\open\src\hotspot\share\interpreter\linkResolver.cpp, line 790]
Event: 1.727 Thread 0x000001c4534b4c20 Exception <a 'java/lang/NoSuchMethodError'{0x00000000896ef178}: 'org.slf4j.impl.StaticMDCBinder org.slf4j.impl.StaticMDCBinder.getSingleton()'> (0x00000000896ef178) 
thrown [t:\workspace\open\src\hotspot\share\interpreter\linkResolver.cpp, line 790]
Event: 1.868 Thread 0x000001c4534b3190 Exception <a 'java/io/FileNotFoundException'{0x000000008931a378}> (0x000000008931a378) 
thrown [t:\workspace\open\src\hotspot\share\prims\jni.cpp, line 579]

Events (20 events):
Event: 1.897 loading class java/util/concurrent/ConcurrentLinkedDeque$Node
Event: 1.897 loading class java/util/concurrent/ConcurrentLinkedDeque$Node done
Event: 1.909 loading class sun/reflect/generics/tree/BottomSignature
Event: 1.910 loading class sun/reflect/generics/tree/BottomSignature done
Event: 1.910 loading class sun/reflect/generics/tree/Wildcard
Event: 1.910 loading class sun/reflect/generics/tree/Wildcard done
Event: 1.910 loading class sun/reflect/generics/reflectiveObjects/WildcardTypeImpl
Event: 1.910 loading class sun/reflect/generics/reflectiveObjects/WildcardTypeImpl done
Event: 1.918 loading class java/util/Currency
Event: 1.918 loading class java/util/Currency done
Event: 1.922 loading class java/util/UUID
Event: 1.923 loading class java/util/UUID done
Event: 1.944 loading class java/time/ZonedDateTime
Event: 1.945 loading class java/time/chrono/ChronoZonedDateTime
Event: 1.945 loading class java/time/chrono/ChronoZonedDateTime done
Event: 1.945 loading class java/time/ZonedDateTime done
Event: 1.957 loading class java/text/ParseException
Event: 1.957 loading class java/text/ParseException done
Event: 1.975 loading class java/time/OffsetDateTime
Event: 1.975 loading class java/time/OffsetDateTime done


Dynamic libraries:
0x00007ff725f40000 - 0x00007ff725f50000 	C:\Program Files\Java\jdk-16.0.2\bin\javaw.exe
0x00007fff17470000 - 0x00007fff17665000 	C:\Windows\SYSTEM32\ntdll.dll
0x00007fff17100000 - 0x00007fff171be000 	C:\Windows\System32\KERNEL32.DLL
0x00007fff14c80000 - 0x00007fff14f48000 	C:\Windows\System32\KERNELBASE.dll
0x00007fff15300000 - 0x00007fff15400000 	C:\Windows\System32\ucrtbase.dll
0x00007fff0ef40000 - 0x00007fff0ef58000 	C:\Program Files\Java\jdk-16.0.2\bin\jli.dll
0x00007fff15f00000 - 0x00007fff15fae000 	C:\Windows\System32\ADVAPI32.dll
0x00007fff16de0000 - 0x00007fff16e7e000 	C:\Windows\System32\msvcrt.dll
0x00007fff16520000 - 0x00007fff165bc000 	C:\Windows\System32\sechost.dll
0x00007fff16aa0000 - 0x00007fff16bc5000 	C:\Windows\System32\RPCRT4.dll
0x00007fff16c30000 - 0x00007fff16dd1000 	C:\Windows\System32\USER32.dll
0x00007fff15060000 - 0x00007fff15082000 	C:\Windows\System32\win32u.dll
0x00007fff15fb0000 - 0x00007fff15fdb000 	C:\Windows\System32\GDI32.dll
0x00007fff14f50000 - 0x00007fff1505d000 	C:\Windows\System32\gdi32full.dll
0x00007fff14b80000 - 0x00007fff14c1d000 	C:\Windows\System32\msvcp_win.dll
0x00007fff0a130000 - 0x00007fff0a149000 	C:\Program Files\Java\jdk-16.0.2\bin\VCRUNTIME140.dll
0x00007fff13f20000 - 0x00007fff141ba000 	C:\Windows\WinSxS\amd64_microsoft.windows.common-controls_6595b64144ccf1df_6.0.19041.1110_none_60b5254171f9507e\COMCTL32.dll
0x00007fff0a7b0000 - 0x00007fff0a7ba000 	C:\Windows\SYSTEM32\VERSION.dll
0x00007fff163d0000 - 0x00007fff16400000 	C:\Windows\System32\IMM32.DLL
0x00007fff0f430000 - 0x00007fff0f43c000 	C:\Program Files\Java\jdk-16.0.2\bin\vcruntime140_1.dll
0x00007ffeda180000 - 0x00007ffeda211000 	C:\Program Files\Java\jdk-16.0.2\bin\msvcp140.dll
0x00007ffece010000 - 0x00007ffecebbb000 	C:\Program Files\Java\jdk-16.0.2\bin\server\jvm.dll
0x00007fff17420000 - 0x00007fff17428000 	C:\Windows\System32\PSAPI.DLL
0x00007fff0ede0000 - 0x00007fff0ede9000 	C:\Windows\SYSTEM32\WSOCK32.dll
0x00007fff16e80000 - 0x00007fff16eeb000 	C:\Windows\System32\WS2_32.dll
0x00007ffefdeb0000 - 0x00007ffefded7000 	C:\Windows\SYSTEM32\WINMM.dll
0x00007fff12db0000 - 0x00007fff12dc2000 	C:\Windows\SYSTEM32\kernel.appcore.dll
0x00007fff0b350000 - 0x00007fff0b35a000 	C:\Program Files\Java\jdk-16.0.2\bin\jimage.dll
0x00007fff14300000 - 0x00007fff144e4000 	C:\Windows\SYSTEM32\DBGHELP.DLL
0x00007fff142d0000 - 0x00007fff142fc000 	C:\Windows\SYSTEM32\dbgcore.DLL
0x00007fff15270000 - 0x00007fff152f2000 	C:\Windows\System32\bcryptPrimitives.dll
0x00007fff07fa0000 - 0x00007fff07fc5000 	C:\Program Files\Java\jdk-16.0.2\bin\java.dll
0x00007fff15520000 - 0x00007fff15c64000 	C:\Windows\System32\SHELL32.dll
0x00007fff12600000 - 0x00007fff12d95000 	C:\Windows\SYSTEM32\windows.storage.dll
0x00007fff16070000 - 0x00007fff163c5000 	C:\Windows\System32\combase.dll
0x00007fff13e80000 - 0x00007fff13eae000 	C:\Windows\SYSTEM32\Wldp.dll
0x00007fff171c0000 - 0x00007fff1726d000 	C:\Windows\System32\SHCORE.dll
0x00007fff16400000 - 0x00007fff16455000 	C:\Windows\System32\shlwapi.dll
0x00007fff14ac0000 - 0x00007fff14adf000 	C:\Windows\SYSTEM32\profapi.dll
0x00007fff07de0000 - 0x00007fff07df9000 	C:\Program Files\Java\jdk-16.0.2\bin\net.dll
0x00007fff08b70000 - 0x00007fff08c7c000 	C:\Windows\SYSTEM32\WINHTTP.dll
0x00007fff13d50000 - 0x00007fff13dba000 	C:\Windows\system32\mswsock.dll
0x00007fff07dc0000 - 0x00007fff07dd3000 	C:\Program Files\Java\jdk-16.0.2\bin\nio.dll
0x00007fff07da0000 - 0x00007fff07db8000 	C:\Program Files\Java\jdk-16.0.2\bin\zip.dll
0x00007fff0ae00000 - 0x00007fff0ae10000 	C:\Program Files\Java\jdk-16.0.2\bin\verify.dll
0x00007fff0aac0000 - 0x00007fff0aac9000 	C:\Program Files\Java\jdk-16.0.2\bin\management.dll
0x00007fff0a9b0000 - 0x00007fff0a9bb000 	C:\Program Files\Java\jdk-16.0.2\bin\management_ext.dll

dbghelp: loaded successfully - version: 4.0.5 - missing functions: none
symbol engine: initialized successfully - sym options: 0x614 - pdb path: .;C:\Program Files\Java\jdk-16.0.2\bin;C:\Windows\SYSTEM32;C:\Windows\WinSxS\amd64_microsoft.windows.common-controls_6595b64144ccf1df_6.0.19041.1110_none_60b5254171f9507e;C:\Program Files\Java\jdk-16.0.2\bin\server

VM Arguments:
jvm_args: -Dfile.encoding=UTF-8 -XX:+ShowCodeDetailsInExceptionMessages 
java_command: com.testetechsolutio.TechSolutio.TechSolutioApplication
java_class_path (initial): C:\Users\usuario\Desktop\TesteTech\target\classes;C:\Users\usuario\.m2\repository\io\springfox\springfox-spring-web\3.0.0\springfox-spring-web-3.0.0.jar;C:\Users\usuario\.m2\repository\io\springfox\springfox-spi\3.0.0\springfox-spi-3.0.0.jar;C:\Users\usuario\.m2\repository\io\springfox\springfox-core\3.0.0\springfox-core-3.0.0.jar;C:\Users\usuario\.m2\repository\org\springframework\boot\spring-boot-starter-web\2.6.2\spring-boot-starter-web-2.6.2.jar;C:\Users\usuario\.m2\repository\org\springframework\boot\spring-boot-starter\2.6.2\spring-boot-starter-2.6.2.jar;C:\Users\usuario\.m2\repository\org\springframework\boot\spring-boot-starter-logging\2.6.2\spring-boot-starter-logging-2.6.2.jar;C:\Users\usuario\.m2\repository\ch\qos\logback\logback-classic\1.2.9\logback-classic-1.2.9.jar;C:\Users\usuario\.m2\repository\ch\qos\logback\logback-core\1.2.9\logback-core-1.2.9.jar;C:\Users\usuario\.m2\repository\org\apache\logging\log4j\log4j-to-slf4j\2.17.0\log4j-to-slf4j-2.17.0.jar;C:\Users\usuario\.m2\repository\org\apache\logging\log4j\log4j-api\2.17.0\log4j-api-2.17.0.jar;C:\Users\usuario\.m2\repository\org\slf4j\jul-to-slf4j\1.7.32\jul-to-slf4j-1.7.32.jar;C:\Users\usuario\.m2\repository\jakarta\annotation\jakarta.annotation-api\1.3.5\jakarta.annotation-api-1.3.5.jar;C:\Users\usuario\.m2\repository\org\yaml\snakeyaml\1.29\snakeyaml-1.29.jar;C:\Users\usuario\.m2\repository\org\springframework\boot\spring-boot-starter-json\2.6.2\spring-boot-starter-json-2.6.2.jar;C:\Users\usuario\.m2\repository\com\fasterxml\jackson\core\jackson-databind\2.13.1\jackson-databind-2.13.1.jar;C:\Users\usuario\.m2\repository\com\fasterxml\jackson\core\jackson-annotations\2.13.1\jackson-annotations-2.13.1.jar;C:\Users\usuario\.m2\repository\com\fasterxml\jackson\core\jackson-core\2.13.1\jackson-core-2.13.1.jar;C:\Users\usuario\.m2\repository\com\fasterxml\jackson\datatype\jackson-datatype-jdk8\2.13.1\jackson-datatype-jdk8-2.13.1.jar;C:\Users\usuario\.m2\repository\com\fa
Launcher Type: SUN_STANDARD

[Global flags]
     intx CICompilerCount                          = 4                                         {product} {ergonomic}
     uint ConcGCThreads                            = 2                                         {product} {ergonomic}
     uint G1ConcRefinementThreads                  = 8                                         {product} {ergonomic}
   size_t G1HeapRegionSize                         = 1048576                                   {product} {ergonomic}
    uintx GCDrainStackTargetSize                   = 64                                        {product} {ergonomic}
   size_t InitialHeapSize                          = 132120576                                 {product} {ergonomic}
   size_t MarkStackSize                            = 4194304                                   {product} {ergonomic}
   size_t MaxHeapSize                              = 2111832064                                {product} {ergonomic}
   size_t MaxNewSize                               = 1266679808                                {product} {ergonomic}
   size_t MinHeapDeltaBytes                        = 1048576                                   {product} {ergonomic}
   size_t MinHeapSize                              = 8388608                                   {product} {ergonomic}
    uintx NonNMethodCodeHeapSize                   = 5839372                                {pd product} {ergonomic}
    uintx NonProfiledCodeHeapSize                  = 122909434                              {pd product} {ergonomic}
    uintx ProfiledCodeHeapSize                     = 122909434                              {pd product} {ergonomic}
    uintx ReservedCodeCacheSize                    = 251658240                              {pd product} {ergonomic}
     bool SegmentedCodeCache                       = true                                      {product} {ergonomic}
     bool ShowCodeDetailsInExceptionMessages       = true                                   {manageable} {command line}
   size_t SoftMaxHeapSize                          = 2111832064                             {manageable} {ergonomic}
     bool UseCompressedClassPointers               = true                           {product lp64_product} {ergonomic}
     bool UseCompressedOops                        = true                           {product lp64_product} {ergonomic}
     bool UseG1GC                                  = true                                      {product} {ergonomic}
     bool UseLargePagesIndividualAllocation        = false                                  {pd product} {ergonomic}

Logging:
Log output configuration:
 #0: stdout all=warning uptime,level,tags
 #1: stderr all=off uptime,level,tags

Environment Variables:
PATH=C:\Program Files\Common Files\Oracle\Java\javapath;C:\Windows\system32;C:\Windows;C:\Windows\System32\Wbem;C:\Windows\System32\WindowsPowerShell\v1.0\;C:\Windows\System32\OpenSSH\;C:\Program Files (x86)\Intel\Intel(R) Management Engine Components\DAL;C:\Program Files\Intel\Intel(R) Management Engine Components\DAL;C:\ProgramData\UNIVALI\Portugol Studio;C:\Program Files\SafeNet\Authentication\SAC\x64;C:\Program Files\SafeNet\Authentication\SAC\x32;C:\Program Files\Git\cmd;C:\Program Files\nodejs\;C:\Users\usuario\AppData\Local\Microsoft\WindowsApps;C:\Program Files\Java\jdk1.8.0_121\bin;C:\Users\usuario\AppData\Local\Programs\Microsoft VS Code\bin;C:\Users\usuario\AppData\Local\GitHubDesktop\bin;C:\ProgramData\usuario\GitHubDesktop\bin;C:\Users\usuario\AppData\Roaming\npm
USERNAME=usuario
OS=Windows_NT
PROCESSOR_IDENTIFIER=Intel64 Family 6 Model 142 Stepping 10, GenuineIntel



---------------  S Y S T E M  ---------------

OS:
 Windows 10 , 64 bit Build 19041 (10.0.19041.1466)
OS uptime: 0 days 14:48 hours

CPU: total 8 (initial active 8) (4 cores per cpu, 2 threads per core) family 6 model 142 stepping 10 microcode 0xea, cx8, cmov, fxsr, ht, mmx, 3dnowpref, sse, sse2, sse3, ssse3, sse4.1, sse4.2, popcnt, lzcnt, tsc, tscinvbit, avx, avx2, aes, erms, clmul, bmi1, bmi2, adx, fma, vzeroupper, clflush, clflushopt

Memory: 4k page, system-wide physical 8050M (904M free)
TotalPageFile size 12146M (AvailPageFile size 5M)
current process WorkingSet (physical memory assigned to process): 88M, peak: 88M
current process commit charge ("private bytes"): 224M, peak: 224M

vm_info: Java HotSpot(TM) 64-Bit Server VM (16.0.2+7-67) for windows-amd64 JRE (16.0.2+7-67), built on Jun  8 2021 23:24:19 by "mach5one" with MS VC++ 16.7 (VS2019)

END.
