#
# There is insufficient memory for the Java Runtime Environment to continue.
# Native memory allocation (malloc) failed to allocate 1045776 bytes for Chunk::new
# Possible reasons:
#   The system is out of physical RAM or swap space
#   The process is running with CompressedOops enabled, and the Java Heap may be blocking the growth of the native heap
# Possible solutions:
#   Reduce memory load on the system
#   Increase physical memory or swap space
#   Check if swap backing store is full
#   Decrease Java heap size (-Xmx/-Xms)
#   Decrease number of Java threads
#   Decrease Java thread stack sizes (-Xss)
#   Set larger code cache with -XX:ReservedCodeCacheSize=
#   JVM is running with Unscaled Compressed Oops mode in which the Java heap is
#     placed in the first 4GB address space. The Java Heap base address is the
#     maximum limit for the native heap growth. Please use -XX:HeapBaseMinAddress
#     to set the Java Heap base and to place the Java Heap above 4GB virtual address.
# This output file may be truncated or incomplete.
#
#  Out of Memory Error (arena.cpp:195), pid=11012, tid=8816
#
# JRE version: Java(TM) SE Runtime Environment (16.0.2+7) (build 16.0.2+7-67)
# Java VM: Java HotSpot(TM) 64-Bit Server VM (16.0.2+7-67, mixed mode, sharing, tiered, compressed oops, compressed class ptrs, g1 gc, windows-amd64)
# No core dump will be written. Minidumps are not enabled by default on client versions of Windows
#

---------------  S U M M A R Y ------------

Command Line: -Dfile.encoding=UTF-8 -XX:+ShowCodeDetailsInExceptionMessages com.testetechsolutio.TechSolutio.TechSolutioApplication

Host: Intel(R) Core(TM) i5-8250U CPU @ 1.60GHz, 8 cores, 7G,  Windows 10 , 64 bit Build 19041 (10.0.19041.1466)
Time: Tue Jan 18 22:40:01 2022 Hora oficial do Brasil elapsed time: 7.869600 seconds (0d 0h 0m 7s)

---------------  T H R E A D  ---------------

Current thread (0x00000191e8b6d230):  JavaThread "C2 CompilerThread0" daemon [_thread_in_native, id=8816, stack(0x000000506f000000,0x000000506f100000)]


Current CompileTask:
C2:   7869 3910       4       java.lang.Class::getMethodsRecursive (99 bytes)

Stack: [0x000000506f000000,0x000000506f100000]
Native frames: (J=compiled Java code, j=interpreted, Vv=VM code, C=native code)
V  [jvm.dll+0x6681ca]
V  [jvm.dll+0x7c9e69]
V  [jvm.dll+0x7cb61e]
V  [jvm.dll+0x7cbc73]
V  [jvm.dll+0x242c55]
V  [jvm.dll+0xadeba]
V  [jvm.dll+0xae45c]
V  [jvm.dll+0x35a882]
V  [jvm.dll+0x324de1]
V  [jvm.dll+0x32428a]
V  [jvm.dll+0x215cec]
V  [jvm.dll+0x215100]
V  [jvm.dll+0x1a1beb]
V  [jvm.dll+0x225158]
V  [jvm.dll+0x22319c]
V  [jvm.dll+0x77fa62]
V  [jvm.dll+0x7795aa]
V  [jvm.dll+0x667066]
C  [ucrtbase.dll+0x21bb2]
C  [KERNEL32.DLL+0x17034]
C  [ntdll.dll+0x52651]


---------------  P R O C E S S  ---------------

Threads class SMR info:
_java_thread_list=0x00000191ec1ed870, length=18, elements={
0x00000191cabf4200, 0x00000191e8b49fe0, 0x00000191e8b4aea0, 0x00000191e8b579f0,
0x00000191e8b5a610, 0x00000191e8b5d5c0, 0x00000191e8b5e060, 0x00000191e8b6d230,
0x00000191e8b6f940, 0x00000191e8b81f80, 0x00000191e8b5db10, 0x00000191e8b5faf0,
0x00000191e8b5e5b0, 0x00000191e8b60590, 0x00000191e8b5d070, 0x00000191ec67abf0,
0x00000191ec67d120, 0x00000191ec67b690
}

Java Threads: ( => current thread )
  0x00000191cabf4200 JavaThread "main" [_thread_blocked, id=6428, stack(0x000000506e300000,0x000000506e400000)]
  0x00000191e8b49fe0 JavaThread "Reference Handler" daemon [_thread_blocked, id=740, stack(0x000000506ea00000,0x000000506eb00000)]
  0x00000191e8b4aea0 JavaThread "Finalizer" daemon [_thread_blocked, id=5052, stack(0x000000506eb00000,0x000000506ec00000)]
  0x00000191e8b579f0 JavaThread "Signal Dispatcher" daemon [_thread_blocked, id=3632, stack(0x000000506ec00000,0x000000506ed00000)]
  0x00000191e8b5a610 JavaThread "Attach Listener" daemon [_thread_blocked, id=12060, stack(0x000000506ed00000,0x000000506ee00000)]
  0x00000191e8b5d5c0 JavaThread "Service Thread" daemon [_thread_blocked, id=14824, stack(0x000000506ee00000,0x000000506ef00000)]
  0x00000191e8b5e060 JavaThread "Monitor Deflation Thread" daemon [_thread_blocked, id=13208, stack(0x000000506ef00000,0x000000506f000000)]
=>0x00000191e8b6d230 JavaThread "C2 CompilerThread0" daemon [_thread_in_native, id=8816, stack(0x000000506f000000,0x000000506f100000)]
  0x00000191e8b6f940 JavaThread "C1 CompilerThread0" daemon [_thread_in_vm, id=13376, stack(0x000000506f100000,0x000000506f200000)]
  0x00000191e8b81f80 JavaThread "Sweeper thread" daemon [_thread_blocked, id=8300, stack(0x000000506f200000,0x000000506f300000)]
  0x00000191e8b5db10 JavaThread "Notification Thread" daemon [_thread_blocked, id=7260, stack(0x000000506f300000,0x000000506f400000)]
  0x00000191e8b5faf0 JavaThread "Common-Cleaner" daemon [_thread_blocked, id=12976, stack(0x000000506f500000,0x000000506f600000)]
  0x00000191e8b5e5b0 JavaThread "Thread-0" [_thread_blocked, id=1972, stack(0x000000506fc00000,0x000000506fd00000)]
  0x00000191e8b60590 JavaThread "restartedMain" [_thread_in_vm, id=8092, stack(0x000000506fd00000,0x000000506fe00000)]
  0x00000191e8b5d070 JavaThread "Catalina-utility-1" [_thread_blocked, id=148, stack(0x0000005070000000,0x0000005070100000)]
  0x00000191ec67abf0 JavaThread "Catalina-utility-2" [_thread_blocked, id=11076, stack(0x0000005070300000,0x0000005070400000)]
  0x00000191ec67d120 JavaThread "container-0" [_thread_blocked, id=13200, stack(0x0000005070400000,0x0000005070500000)]
  0x00000191ec67b690 JavaThread "mysql-cj-abandoned-connection-cleanup" daemon [_thread_blocked, id=4956, stack(0x0000005070500000,0x0000005070600000)]

Other Threads:
  0x00000191e8b46390 VMThread "VM Thread" [stack: 0x000000506e900000,0x000000506ea00000] [id=8892]
  0x00000191e95cdc90 WatcherThread [stack: 0x000000506f400000,0x000000506f500000] [id=14748]
  0x00000191cac35040 GCTaskThread "GC Thread#0" [stack: 0x000000506e400000,0x000000506e500000] [id=6408]
  0x00000191e9f62100 GCTaskThread "GC Thread#1" [stack: 0x000000506f700000,0x000000506f800000] [id=14612]
  0x00000191e9f62410 GCTaskThread "GC Thread#2" [stack: 0x000000506f800000,0x000000506f900000] [id=14500]
  0x00000191ea020730 GCTaskThread "GC Thread#3" [stack: 0x000000506f900000,0x000000506fa00000] [id=15444]
  0x00000191ea3b1000 GCTaskThread "GC Thread#4" [stack: 0x000000506fa00000,0x000000506fb00000] [id=12248]
  0x00000191ea3b1310 GCTaskThread "GC Thread#5" [stack: 0x000000506fb00000,0x000000506fc00000] [id=2948]
  0x00000191ea70dd50 GCTaskThread "GC Thread#6" [stack: 0x0000005070100000,0x0000005070200000] [id=8660]
  0x00000191ea99a930 GCTaskThread "GC Thread#7" [stack: 0x0000005070200000,0x0000005070300000] [id=9768]
  0x00000191cac464e0 ConcurrentGCThread "G1 Main Marker" [stack: 0x000000506e500000,0x000000506e600000] [id=3732]
  0x00000191cac47fe0 ConcurrentGCThread "G1 Conc#0" [stack: 0x000000506e600000,0x000000506e700000] [id=13124]
  0x00000191ea8fe2d0 ConcurrentGCThread "G1 Conc#1" [stack: 0x000000506fe00000,0x000000506ff00000] [id=12092]
  0x00000191e8a00090 ConcurrentGCThread "G1 Refine#0" [stack: 0x000000506e700000,0x000000506e800000] [id=14256]
  0x00000191e8a00920 ConcurrentGCThread "G1 Service" [stack: 0x000000506e800000,0x000000506e900000] [id=9048]

Threads with active compile tasks:
C2 CompilerThread0     7983 3910       4       java.lang.Class::getMethodsRecursive (99 bytes)

VM state: not at safepoint (normal execution)

VM Mutex/Monitor currently owned by a thread: None

Heap address: 0x0000000082200000, size: 2014 MB, Compressed Oops mode: 32-bit

CDS archive(s) mapped at: [0x0000000800000000-0x0000000800bb0000-0x0000000800bb0000), size 12255232, SharedBaseAddress: 0x0000000800000000, ArchiveRelocationMode: 0.
Compressed class space mapped at: 0x0000000800c00000-0x0000000840c00000, reserved size: 1073741824
Narrow klass base: 0x0000000800000000, Narrow klass shift: 3, Narrow klass range: 0x100000000

GC Precious Log:
 CPUs: 8 total, 8 available
 Memory: 8050M
 Large Page Support: Disabled
 NUMA Support: Disabled
 Compressed Oops: Enabled (32-bit)
 Heap Region Size: 1M
 Heap Min Capacity: 8M
 Heap Initial Capacity: 126M
 Heap Max Capacity: 2014M
 Pre-touch: Disabled
 Parallel Workers: 8
 Concurrent Workers: 2
 Concurrent Refinement Workers: 8
 Periodic GC: Disabled

Heap:
 garbage-first heap   total 97280K, used 51731K [0x0000000082200000, 0x0000000100000000)
  region size 1024K, 37 young (37888K), 1 survivors (1024K)
 Metaspace       used 33189K, committed 33536K, reserved 1081344K
  class space    used 4289K, committed 4480K, reserved 1048576K

Heap Regions: E=young(eden), S=young(survivor), O=old, HS=humongous(starts), HC=humongous(continues), CS=collection set, F=free, OA=open archive, CA=closed archive, TAMS=top-at-mark-start (previous, next)
|   0|0x0000000082200000, 0x0000000082300000, 0x0000000082300000|100%|HS|  |TAMS 0x0000000082300000, 0x0000000082200000| Complete 
|   1|0x0000000082300000, 0x0000000082400000, 0x0000000082400000|100%| O|  |TAMS 0x0000000082400000, 0x0000000082300000| Untracked 
|   2|0x0000000082400000, 0x0000000082500000, 0x0000000082500000|100%| O|  |TAMS 0x0000000082500000, 0x0000000082400000| Untracked 
|   3|0x0000000082500000, 0x0000000082600000, 0x0000000082600000|100%| O|  |TAMS 0x0000000082600000, 0x0000000082500000| Untracked 
|   4|0x0000000082600000, 0x0000000082700000, 0x0000000082700000|100%| O|  |TAMS 0x0000000082700000, 0x0000000082600000| Untracked 
|   5|0x0000000082700000, 0x0000000082800000, 0x0000000082800000|100%| O|  |TAMS 0x0000000082800000, 0x0000000082700000| Untracked 
|   6|0x0000000082800000, 0x000000008288a400, 0x0000000082900000| 54%| O|  |TAMS 0x000000008288a400, 0x0000000082800000| Untracked 
|   7|0x0000000082900000, 0x0000000082a00000, 0x0000000082a00000|100%| O|  |TAMS 0x0000000082900000, 0x0000000082900000| Untracked 
|   8|0x0000000082a00000, 0x0000000082b00000, 0x0000000082b00000|100%| O|  |TAMS 0x0000000082a00000, 0x0000000082a00000| Untracked 
|   9|0x0000000082b00000, 0x0000000082c00000, 0x0000000082c00000|100%| O|  |TAMS 0x0000000082b00000, 0x0000000082b00000| Untracked 
|  10|0x0000000082c00000, 0x0000000082d00000, 0x0000000082d00000|100%| O|  |TAMS 0x0000000082c00000, 0x0000000082c00000| Untracked 
|  11|0x0000000082d00000, 0x0000000082e00000, 0x0000000082e00000|100%| O|  |TAMS 0x0000000082d00000, 0x0000000082d00000| Untracked 
|  12|0x0000000082e00000, 0x0000000082f00000, 0x0000000082f00000|100%| O|  |TAMS 0x0000000082e00000, 0x0000000082e00000| Untracked 
|  13|0x0000000082f00000, 0x0000000083000000, 0x0000000083000000|100%| O|  |TAMS 0x0000000082f00000, 0x0000000082f00000| Untracked 
|  14|0x0000000083000000, 0x0000000083100000, 0x0000000083100000|100%| O|  |TAMS 0x0000000083000000, 0x0000000083000000| Untracked 
|  15|0x0000000083100000, 0x0000000083200000, 0x0000000083200000|100%| O|  |TAMS 0x0000000083100000, 0x0000000083100000| Untracked 
|  16|0x0000000083200000, 0x000000008324ba00, 0x0000000083300000| 29%| O|  |TAMS 0x0000000083200000, 0x0000000083200000| Untracked 
|  17|0x0000000083300000, 0x0000000083300000, 0x0000000083400000|  0%| F|  |TAMS 0x0000000083300000, 0x0000000083300000| Untracked 
|  18|0x0000000083400000, 0x0000000083400000, 0x0000000083500000|  0%| F|  |TAMS 0x0000000083400000, 0x0000000083400000| Untracked 
|  19|0x0000000083500000, 0x0000000083500000, 0x0000000083600000|  0%| F|  |TAMS 0x0000000083500000, 0x0000000083500000| Untracked 
|  20|0x0000000083600000, 0x0000000083600000, 0x0000000083700000|  0%| F|  |TAMS 0x0000000083600000, 0x0000000083600000| Untracked 
|  21|0x0000000083700000, 0x0000000083700000, 0x0000000083800000|  0%| F|  |TAMS 0x0000000083700000, 0x0000000083700000| Untracked 
|  22|0x0000000083800000, 0x0000000083800000, 0x0000000083900000|  0%| F|  |TAMS 0x0000000083800000, 0x0000000083800000| Untracked 
|  23|0x0000000083900000, 0x0000000083900000, 0x0000000083a00000|  0%| F|  |TAMS 0x0000000083900000, 0x0000000083900000| Untracked 
|  24|0x0000000083a00000, 0x0000000083a00000, 0x0000000083b00000|  0%| F|  |TAMS 0x0000000083a00000, 0x0000000083a00000| Untracked 
|  25|0x0000000083b00000, 0x0000000083baf188, 0x0000000083c00000| 68%| S|CS|TAMS 0x0000000083b00000, 0x0000000083b00000| Complete 
|  26|0x0000000083c00000, 0x0000000083c00000, 0x0000000083d00000|  0%| F|  |TAMS 0x0000000083c00000, 0x0000000083c00000| Untracked 
|  27|0x0000000083d00000, 0x0000000083d00000, 0x0000000083e00000|  0%| F|  |TAMS 0x0000000083d00000, 0x0000000083d00000| Untracked 
|  28|0x0000000083e00000, 0x0000000083e00000, 0x0000000083f00000|  0%| F|  |TAMS 0x0000000083e00000, 0x0000000083e00000| Untracked 
|  29|0x0000000083f00000, 0x0000000083f00000, 0x0000000084000000|  0%| F|  |TAMS 0x0000000083f00000, 0x0000000083f00000| Untracked 
|  30|0x0000000084000000, 0x0000000084000000, 0x0000000084100000|  0%| F|  |TAMS 0x0000000084000000, 0x0000000084000000| Untracked 
|  31|0x0000000084100000, 0x0000000084100000, 0x0000000084200000|  0%| F|  |TAMS 0x0000000084100000, 0x0000000084100000| Untracked 
|  32|0x0000000084200000, 0x0000000084200000, 0x0000000084300000|  0%| F|  |TAMS 0x0000000084200000, 0x0000000084200000| Untracked 
|  33|0x0000000084300000, 0x0000000084300000, 0x0000000084400000|  0%| F|  |TAMS 0x0000000084300000, 0x0000000084300000| Untracked 
|  34|0x0000000084400000, 0x0000000084400000, 0x0000000084500000|  0%| F|  |TAMS 0x0000000084400000, 0x0000000084400000| Untracked 
|  35|0x0000000084500000, 0x0000000084500000, 0x0000000084600000|  0%| F|  |TAMS 0x0000000084500000, 0x0000000084500000| Untracked 
|  36|0x0000000084600000, 0x0000000084600000, 0x0000000084700000|  0%| F|  |TAMS 0x0000000084600000, 0x0000000084600000| Untracked 
|  37|0x0000000084700000, 0x0000000084700000, 0x0000000084800000|  0%| F|  |TAMS 0x0000000084700000, 0x0000000084700000| Untracked 
|  38|0x0000000084800000, 0x0000000084800000, 0x0000000084900000|  0%| F|  |TAMS 0x0000000084800000, 0x0000000084800000| Untracked 
|  39|0x0000000084900000, 0x0000000084900000, 0x0000000084a00000|  0%| F|  |TAMS 0x0000000084900000, 0x0000000084900000| Untracked 
|  40|0x0000000084a00000, 0x0000000084a00000, 0x0000000084b00000|  0%| F|  |TAMS 0x0000000084a00000, 0x0000000084a00000| Untracked 
|  41|0x0000000084b00000, 0x0000000084b00000, 0x0000000084c00000|  0%| F|  |TAMS 0x0000000084b00000, 0x0000000084b00000| Untracked 
|  42|0x0000000084c00000, 0x0000000084c00000, 0x0000000084d00000|  0%| F|  |TAMS 0x0000000084c00000, 0x0000000084c00000| Untracked 
|  43|0x0000000084d00000, 0x0000000084d00000, 0x0000000084e00000|  0%| F|  |TAMS 0x0000000084d00000, 0x0000000084d00000| Untracked 
|  44|0x0000000084e00000, 0x0000000084e00000, 0x0000000084f00000|  0%| F|  |TAMS 0x0000000084e00000, 0x0000000084e00000| Untracked 
|  45|0x0000000084f00000, 0x0000000084f00000, 0x0000000085000000|  0%| F|  |TAMS 0x0000000084f00000, 0x0000000084f00000| Untracked 
|  46|0x0000000085000000, 0x0000000085000000, 0x0000000085100000|  0%| F|  |TAMS 0x0000000085000000, 0x0000000085000000| Untracked 
|  47|0x0000000085100000, 0x0000000085100000, 0x0000000085200000|  0%| F|  |TAMS 0x0000000085100000, 0x0000000085100000| Untracked 
|  48|0x0000000085200000, 0x0000000085200000, 0x0000000085300000|  0%| F|  |TAMS 0x0000000085200000, 0x0000000085200000| Untracked 
|  49|0x0000000085300000, 0x0000000085300000, 0x0000000085400000|  0%| F|  |TAMS 0x0000000085300000, 0x0000000085300000| Untracked 
|  50|0x0000000085400000, 0x0000000085400000, 0x0000000085500000|  0%| F|  |TAMS 0x0000000085400000, 0x0000000085400000| Untracked 
|  51|0x0000000085500000, 0x0000000085500000, 0x0000000085600000|  0%| F|  |TAMS 0x0000000085500000, 0x0000000085500000| Untracked 
|  52|0x0000000085600000, 0x0000000085600000, 0x0000000085700000|  0%| F|  |TAMS 0x0000000085600000, 0x0000000085600000| Untracked 
|  53|0x0000000085700000, 0x0000000085700000, 0x0000000085800000|  0%| F|  |TAMS 0x0000000085700000, 0x0000000085700000| Untracked 
|  54|0x0000000085800000, 0x0000000085800000, 0x0000000085900000|  0%| F|  |TAMS 0x0000000085800000, 0x0000000085800000| Untracked 
|  55|0x0000000085900000, 0x0000000085900000, 0x0000000085a00000|  0%| F|  |TAMS 0x0000000085900000, 0x0000000085900000| Untracked 
|  56|0x0000000085a00000, 0x0000000085a00000, 0x0000000085b00000|  0%| F|  |TAMS 0x0000000085a00000, 0x0000000085a00000| Untracked 
|  57|0x0000000085b00000, 0x0000000085b00000, 0x0000000085c00000|  0%| F|  |TAMS 0x0000000085b00000, 0x0000000085b00000| Untracked 
|  58|0x0000000085c00000, 0x0000000085c00000, 0x0000000085d00000|  0%| F|  |TAMS 0x0000000085c00000, 0x0000000085c00000| Untracked 
|  59|0x0000000085d00000, 0x0000000085e00000, 0x0000000085e00000|100%| E|  |TAMS 0x0000000085d00000, 0x0000000085d00000| Complete 
|  60|0x0000000085e00000, 0x0000000085f00000, 0x0000000085f00000|100%| E|CS|TAMS 0x0000000085e00000, 0x0000000085e00000| Complete 
|  61|0x0000000085f00000, 0x0000000086000000, 0x0000000086000000|100%| E|CS|TAMS 0x0000000085f00000, 0x0000000085f00000| Complete 
|  62|0x0000000086000000, 0x0000000086100000, 0x0000000086100000|100%| E|CS|TAMS 0x0000000086000000, 0x0000000086000000| Complete 
|  63|0x0000000086100000, 0x0000000086200000, 0x0000000086200000|100%| E|CS|TAMS 0x0000000086100000, 0x0000000086100000| Complete 
|  64|0x0000000086200000, 0x0000000086300000, 0x0000000086300000|100%| E|CS|TAMS 0x0000000086200000, 0x0000000086200000| Complete 
|  65|0x0000000086300000, 0x0000000086400000, 0x0000000086400000|100%| E|CS|TAMS 0x0000000086300000, 0x0000000086300000| Complete 
|  66|0x0000000086400000, 0x0000000086500000, 0x0000000086500000|100%| E|CS|TAMS 0x0000000086400000, 0x0000000086400000| Complete 
|  67|0x0000000086500000, 0x0000000086600000, 0x0000000086600000|100%| E|CS|TAMS 0x0000000086500000, 0x0000000086500000| Complete 
|  68|0x0000000086600000, 0x0000000086700000, 0x0000000086700000|100%| E|CS|TAMS 0x0000000086600000, 0x0000000086600000| Complete 
|  69|0x0000000086700000, 0x0000000086800000, 0x0000000086800000|100%| E|CS|TAMS 0x0000000086700000, 0x0000000086700000| Complete 
|  70|0x0000000086800000, 0x0000000086900000, 0x0000000086900000|100%| E|CS|TAMS 0x0000000086800000, 0x0000000086800000| Complete 
|  71|0x0000000086900000, 0x0000000086a00000, 0x0000000086a00000|100%| E|CS|TAMS 0x0000000086900000, 0x0000000086900000| Complete 
|  72|0x0000000086a00000, 0x0000000086b00000, 0x0000000086b00000|100%| E|CS|TAMS 0x0000000086a00000, 0x0000000086a00000| Complete 
|  73|0x0000000086b00000, 0x0000000086c00000, 0x0000000086c00000|100%| E|CS|TAMS 0x0000000086b00000, 0x0000000086b00000| Complete 
|  74|0x0000000086c00000, 0x0000000086d00000, 0x0000000086d00000|100%| E|CS|TAMS 0x0000000086c00000, 0x0000000086c00000| Complete 
|  75|0x0000000086d00000, 0x0000000086e00000, 0x0000000086e00000|100%| E|CS|TAMS 0x0000000086d00000, 0x0000000086d00000| Complete 
|  76|0x0000000086e00000, 0x0000000086f00000, 0x0000000086f00000|100%| E|CS|TAMS 0x0000000086e00000, 0x0000000086e00000| Complete 
|  77|0x0000000086f00000, 0x0000000087000000, 0x0000000087000000|100%| E|CS|TAMS 0x0000000086f00000, 0x0000000086f00000| Complete 
|  78|0x0000000087000000, 0x0000000087100000, 0x0000000087100000|100%| E|CS|TAMS 0x0000000087000000, 0x0000000087000000| Complete 
|  79|0x0000000087100000, 0x0000000087200000, 0x0000000087200000|100%| E|CS|TAMS 0x0000000087100000, 0x0000000087100000| Complete 
|  80|0x0000000087200000, 0x0000000087300000, 0x0000000087300000|100%| E|CS|TAMS 0x0000000087200000, 0x0000000087200000| Complete 
|  81|0x0000000087300000, 0x0000000087400000, 0x0000000087400000|100%| E|CS|TAMS 0x0000000087300000, 0x0000000087300000| Complete 
|  82|0x0000000087400000, 0x0000000087500000, 0x0000000087500000|100%| E|CS|TAMS 0x0000000087400000, 0x0000000087400000| Complete 
|  83|0x0000000087500000, 0x0000000087600000, 0x0000000087600000|100%| E|CS|TAMS 0x0000000087500000, 0x0000000087500000| Complete 
|  84|0x0000000087600000, 0x0000000087700000, 0x0000000087700000|100%| E|CS|TAMS 0x0000000087600000, 0x0000000087600000| Complete 
|  85|0x0000000087700000, 0x0000000087800000, 0x0000000087800000|100%| E|CS|TAMS 0x0000000087700000, 0x0000000087700000| Complete 
|  86|0x0000000087800000, 0x0000000087900000, 0x0000000087900000|100%| E|CS|TAMS 0x0000000087800000, 0x0000000087800000| Complete 
|  87|0x0000000087900000, 0x0000000087a00000, 0x0000000087a00000|100%| E|CS|TAMS 0x0000000087900000, 0x0000000087900000| Complete 
|  88|0x0000000087a00000, 0x0000000087b00000, 0x0000000087b00000|100%| E|CS|TAMS 0x0000000087a00000, 0x0000000087a00000| Complete 
|  89|0x0000000087b00000, 0x0000000087c00000, 0x0000000087c00000|100%| E|CS|TAMS 0x0000000087b00000, 0x0000000087b00000| Complete 
|  90|0x0000000087c00000, 0x0000000087d00000, 0x0000000087d00000|100%| E|  |TAMS 0x0000000087c00000, 0x0000000087c00000| Complete 
|  91|0x0000000087d00000, 0x0000000087e00000, 0x0000000087e00000|100%| E|CS|TAMS 0x0000000087d00000, 0x0000000087d00000| Complete 
|  92|0x0000000087e00000, 0x0000000087f00000, 0x0000000087f00000|100%| E|CS|TAMS 0x0000000087e00000, 0x0000000087e00000| Complete 
|  93|0x0000000087f00000, 0x0000000088000000, 0x0000000088000000|100%| E|CS|TAMS 0x0000000087f00000, 0x0000000087f00000| Complete 
| 125|0x0000000089f00000, 0x000000008a000000, 0x000000008a000000|100%| E|CS|TAMS 0x0000000089f00000, 0x0000000089f00000| Complete 

Card table byte_map: [0x00000191e1a90000,0x00000191e1e80000] _byte_map_base: 0x00000191e167f000

Marking Bits (Prev, Next): (CMBitMap*) 0x00000191cac35770, (CMBitMap*) 0x00000191cac35730
 Prev Bits: [0x00000191e41f0000, 0x00000191e6168000)
 Next Bits: [0x00000191e2270000, 0x00000191e41e8000)

Polling page: 0x00000191ca3d0000

Metaspace:

Usage:
  Non-class:     28.24 MB used.
      Class:      4.19 MB used.
       Both:     32.43 MB used.

Virtual space:
  Non-class space:       32.00 MB reserved,      28.38 MB ( 89%) committed,  4 nodes.
      Class space:        1.00 GB reserved,       4.38 MB ( <1%) committed,  1 nodes.
              Both:        1.03 GB reserved,      32.75 MB (  3%) committed. 

Chunk freelists:
   Non-Class:  3.25 MB
       Class:  3.60 MB
        Both:  6.85 MB

MaxMetaspaceSize: 17179869184.00 GB
CompressedClassSpaceSize: 1.00 GB
 - commit_granule_bytes: 65536.
 - commit_granule_words: 8192.
 - virtual_space_node_default_size: 1048576.
 - enlarge_chunks_in_place: 1.
 - new_chunks_are_fully_committed: 0.
 - uncommit_free_chunks: 1.
 - use_allocation_guard: 0.
 - handle_deallocations: 1.


Internal statistics:

num_allocs_failed_limit: 3.
num_arena_births: 336.
num_arena_deaths: 0.
num_vsnodes_births: 5.
num_vsnodes_deaths: 0.
num_space_committed: 524.
num_space_uncommitted: 0.
num_chunks_returned_to_freelist: 3.
num_chunks_taken_from_freelist: 1512.
num_chunk_merges: 3.
num_chunk_splits: 1044.
num_chunks_enlarged: 811.
num_purges: 0.

CodeHeap 'non-profiled nmethods': size=120000Kb used=2398Kb max_used=2398Kb free=117601Kb
 bounds [0x00000191d9e40000, 0x00000191da0b0000, 0x00000191e1370000]
CodeHeap 'profiled nmethods': size=120000Kb used=8715Kb max_used=8715Kb free=111284Kb
 bounds [0x00000191d2910000, 0x00000191d31a0000, 0x00000191d9e40000]
CodeHeap 'non-nmethods': size=5760Kb used=1224Kb max_used=1304Kb free=4535Kb
 bounds [0x00000191d2370000, 0x00000191d25e0000, 0x00000191d2910000]
 total_blobs=4429 nmethods=3907 adapters=434
 compilation: enabled
              stopped_count=0, restarted_count=0
 full_count=0

Compilation events (20 events):
Event: 7.314 Thread 0x00000191e8b6d230 nmethod 3903 0x00000191da094990 code [0x00000191da094b20, 0x00000191da094bf8]
Event: 7.353 Thread 0x00000191e8b6d230 3904       4       jdk.internal.loader.ClassLoaders$AppClassLoader::loadClass (40 bytes)
Event: 7.359 Thread 0x00000191e8b6d230 nmethod 3904 0x00000191da094d10 code [0x00000191da094ec0, 0x00000191da095038]
Event: 7.368 Thread 0x00000191e8b6d230 3905       4       java.util.ArrayDeque::addLast (51 bytes)
Event: 7.375 Thread 0x00000191e8b6d230 nmethod 3905 0x00000191da095190 code [0x00000191da095320, 0x00000191da095558]
Event: 7.417 Thread 0x00000191e8b6d230 3906       4       java.util.LinkedHashMap::get (29 bytes)
Event: 7.433 Thread 0x00000191e8b6d230 nmethod 3906 0x00000191da095690 code [0x00000191da095840, 0x00000191da095ba8]
Event: 7.551 Thread 0x00000191e8b6d230 3907       4       java.util.ArrayDeque::poll (5 bytes)
Event: 7.555 Thread 0x00000191e8b6d230 nmethod 3907 0x00000191da095e90 code [0x00000191da096020, 0x00000191da096138]
Event: 7.564 Thread 0x00000191e8b6d230 3908       4       java.util.Collections$SetFromMap::add (22 bytes)
Event: 7.605 Thread 0x00000191e8b6d230 nmethod 3908 0x00000191da096210 code [0x00000191da0963e0, 0x00000191da096d98]
Event: 7.672 Thread 0x00000191e8b6d230 3909       4       java.lang.StringCoding::newStringUTF8NoRepl (56 bytes)
Event: 7.685 Thread 0x00000191e8b6d230 nmethod 3909 0x00000191da097110 code [0x00000191da0972a0, 0x00000191da097718]
Event: 7.689 Thread 0x00000191e8b6d230 3910       4       java.lang.Class::getMethodsRecursive (99 bytes)
Event: 7.778 Thread 0x00000191e8b6f940 3912       3       java.lang.Module::getClassLoader (20 bytes)
Event: 7.779 Thread 0x00000191e8b6f940 nmethod 3912 0x00000191d318ab90 code [0x00000191d318ad60, 0x00000191d318b088]
Event: 7.779 Thread 0x00000191e8b6f940 3913       3       java.lang.reflect.ProxyGenerator$ProxyMethod::codeFieldInitialization (165 bytes)
Event: 7.781 Thread 0x00000191e8b6f940 nmethod 3913 0x00000191d318b190 code [0x00000191d318b440, 0x00000191d318c168]
Event: 7.840 Thread 0x00000191e8b6f940 3914       3       java.util.AbstractList$Itr::hasNext (20 bytes)
Event: 7.841 Thread 0x00000191e8b6f940 nmethod 3914 0x00000191d318c610 code [0x00000191d318c7c0, 0x00000191d318ca08]

GC Heap History (20 events):
Event: 1.003 GC heap before
{Heap before GC invocations=0 (full 0):
 garbage-first heap   total 129024K, used 24576K [0x0000000082200000, 0x0000000100000000)
  region size 1024K, 23 young (23552K), 0 survivors (0K)
 Metaspace       used 4319K, committed 4544K, reserved 1056768K
  class space    used 452K, committed 576K, reserved 1048576K
}
Event: 1.010 GC heap after
{Heap after GC invocations=1 (full 0):
 garbage-first heap   total 129024K, used 6554K [0x0000000082200000, 0x0000000100000000)
  region size 1024K, 3 young (3072K), 3 survivors (3072K)
 Metaspace       used 4319K, committed 4544K, reserved 1056768K
  class space    used 452K, committed 576K, reserved 1048576K
}
Event: 1.026 GC heap before
{Heap before GC invocations=1 (full 0):
 garbage-first heap   total 129024K, used 34202K [0x0000000082200000, 0x0000000100000000)
  region size 1024K, 31 young (31744K), 3 survivors (3072K)
 Metaspace       used 4320K, committed 4544K, reserved 1056768K
  class space    used 452K, committed 576K, reserved 1048576K
}
Event: 1.030 GC heap after
{Heap after GC invocations=2 (full 0):
 garbage-first heap   total 129024K, used 6760K [0x0000000082200000, 0x0000000100000000)
  region size 1024K, 1 young (1024K), 1 survivors (1024K)
 Metaspace       used 4320K, committed 4544K, reserved 1056768K
  class space    used 452K, committed 576K, reserved 1048576K
}
Event: 3.061 GC heap before
{Heap before GC invocations=2 (full 0):
 garbage-first heap   total 129024K, used 81512K [0x0000000082200000, 0x0000000100000000)
  region size 1024K, 75 young (76800K), 1 survivors (1024K)
 Metaspace       used 15985K, committed 16192K, reserved 1064960K
  class space    used 2030K, committed 2112K, reserved 1048576K
}
Event: 3.067 GC heap after
{Heap after GC invocations=3 (full 0):
 garbage-first heap   total 129024K, used 10380K [0x0000000082200000, 0x0000000100000000)
  region size 1024K, 4 young (4096K), 4 survivors (4096K)
 Metaspace       used 15985K, committed 16192K, reserved 1064960K
  class space    used 2030K, committed 2112K, reserved 1048576K
}
Event: 3.917 GC heap before
{Heap before GC invocations=3 (full 0):
 garbage-first heap   total 129024K, used 68748K [0x0000000082200000, 0x0000000100000000)
  region size 1024K, 63 young (64512K), 4 survivors (4096K)
 Metaspace       used 20945K, committed 21248K, reserved 1073152K
  class space    used 2631K, committed 2816K, reserved 1048576K
}
Event: 3.923 GC heap after
{Heap after GC invocations=4 (full 0):
 garbage-first heap   total 129024K, used 12114K [0x0000000082200000, 0x0000000100000000)
  region size 1024K, 6 young (6144K), 6 survivors (6144K)
 Metaspace       used 20945K, committed 21248K, reserved 1073152K
  class space    used 2631K, committed 2816K, reserved 1048576K
}
Event: 4.927 GC heap before
{Heap before GC invocations=5 (full 0):
 garbage-first heap   total 48128K, used 34642K [0x0000000082200000, 0x0000000100000000)
  region size 1024K, 28 young (28672K), 6 survivors (6144K)
 Metaspace       used 24464K, committed 24704K, reserved 1073152K
  class space    used 3116K, committed 3200K, reserved 1048576K
}
Event: 4.935 GC heap after
{Heap after GC invocations=6 (full 0):
 garbage-first heap   total 48128K, used 13874K [0x0000000082200000, 0x0000000100000000)
  region size 1024K, 4 young (4096K), 4 survivors (4096K)
 Metaspace       used 24464K, committed 24704K, reserved 1073152K
  class space    used 3116K, committed 3200K, reserved 1048576K
}
Event: 5.968 GC heap before
{Heap before GC invocations=6 (full 0):
 garbage-first heap   total 48128K, used 34354K [0x0000000082200000, 0x0000000100000000)
  region size 1024K, 24 young (24576K), 4 survivors (4096K)
 Metaspace       used 28561K, committed 28864K, reserved 1081344K
  class space    used 3675K, committed 3840K, reserved 1048576K
}
Event: 5.979 GC heap after
{Heap after GC invocations=7 (full 0):
 garbage-first heap   total 48128K, used 16218K [0x0000000082200000, 0x0000000100000000)
  region size 1024K, 3 young (3072K), 3 survivors (3072K)
 Metaspace       used 28561K, committed 28864K, reserved 1081344K
  class space    used 3675K, committed 3840K, reserved 1048576K
}
Event: 6.046 GC heap before
{Heap before GC invocations=7 (full 0):
 garbage-first heap   total 48128K, used 33626K [0x0000000082200000, 0x0000000100000000)
  region size 1024K, 21 young (21504K), 3 survivors (3072K)
 Metaspace       used 28705K, committed 28992K, reserved 1081344K
  class space    used 3692K, committed 3840K, reserved 1048576K
}
Event: 6.052 GC heap after
{Heap after GC invocations=8 (full 0):
 garbage-first heap   total 48128K, used 16733K [0x0000000082200000, 0x0000000100000000)
  region size 1024K, 1 young (1024K), 1 survivors (1024K)
 Metaspace       used 28705K, committed 28992K, reserved 1081344K
  class space    used 3692K, committed 3840K, reserved 1048576K
}
Event: 6.057 GC heap before
{Heap before GC invocations=8 (full 0):
 garbage-first heap   total 48128K, used 35165K [0x0000000082200000, 0x0000000100000000)
  region size 1024K, 20 young (20480K), 1 survivors (1024K)
 Metaspace       used 28705K, committed 28992K, reserved 1081344K
  class space    used 3692K, committed 3840K, reserved 1048576K
}
Event: 6.059 GC heap after
{Heap after GC invocations=9 (full 0):
 garbage-first heap   total 48128K, used 16461K [0x0000000082200000, 0x0000000100000000)
  region size 1024K, 1 young (1024K), 1 survivors (1024K)
 Metaspace       used 28705K, committed 28992K, reserved 1081344K
  class space    used 3692K, committed 3840K, reserved 1048576K
}
Event: 6.262 GC heap before
{Heap before GC invocations=9 (full 0):
 garbage-first heap   total 48128K, used 34893K [0x0000000082200000, 0x0000000100000000)
  region size 1024K, 20 young (20480K), 1 survivors (1024K)
 Metaspace       used 29445K, committed 29760K, reserved 1081344K
  class space    used 3753K, committed 3904K, reserved 1048576K
}
Event: 6.267 GC heap after
{Heap after GC invocations=10 (full 0):
 garbage-first heap   total 48128K, used 16883K [0x0000000082200000, 0x0000000100000000)
  region size 1024K, 1 young (1024K), 1 survivors (1024K)
 Metaspace       used 29445K, committed 29760K, reserved 1081344K
  class space    used 3753K, committed 3904K, reserved 1048576K
}
Event: 6.276 GC heap before
{Heap before GC invocations=10 (full 0):
 garbage-first heap   total 48128K, used 36339K [0x0000000082200000, 0x0000000100000000)
  region size 1024K, 21 young (21504K), 1 survivors (1024K)
 Metaspace       used 29445K, committed 29760K, reserved 1081344K
  class space    used 3753K, committed 3904K, reserved 1048576K
}
Event: 6.280 GC heap after
{Heap after GC invocations=11 (full 0):
 garbage-first heap   total 97280K, used 16915K [0x0000000082200000, 0x0000000100000000)
  region size 1024K, 1 young (1024K), 1 survivors (1024K)
 Metaspace       used 29445K, committed 29760K, reserved 1081344K
  class space    used 3753K, committed 3904K, reserved 1048576K
}

Deoptimization events (20 events):
Event: 6.791 Thread 0x00000191e8b60590 Uncommon trap: trap_request=0xffffffde fr.pc=0x00000191da048698 relative=0x00000000000003b8
Event: 6.791 Thread 0x00000191e8b60590 Uncommon trap: reason=class_check action=maybe_recompile pc=0x00000191da048698 method=java.lang.StringConcatHelper.stringOf(Ljava/lang/Object;)Ljava/lang/String; @ 5 c2
Event: 6.791 Thread 0x00000191e8b60590 DEOPT PACKING pc=0x00000191da048698 sp=0x000000506fdfad40
Event: 6.791 Thread 0x00000191e8b60590 DEOPT UNPACKING pc=0x00000191d23bd72e sp=0x000000506fdfac80 mode 2
Event: 6.802 Thread 0x00000191e8b60590 Uncommon trap: trap_request=0xffffffbe fr.pc=0x00000191da070234 relative=0x0000000000000974
Event: 6.802 Thread 0x00000191e8b60590 Uncommon trap: reason=profile_predicate action=maybe_recompile pc=0x00000191da070234 method=java.lang.PublicMethods$MethodList.filter([Ljava/lang/reflect/Method;Ljava/lang/String;[Ljava/lang/Class;Z)Ljava/lang/PublicMethods$MethodList; @ 21 c2
Event: 6.802 Thread 0x00000191e8b60590 DEOPT PACKING pc=0x00000191da070234 sp=0x000000506fdfc2d0
Event: 6.802 Thread 0x00000191e8b60590 DEOPT UNPACKING pc=0x00000191d23bd72e sp=0x000000506fdfc288 mode 2
Event: 6.802 Thread 0x00000191e8b60590 Uncommon trap: trap_request=0xffffffbe fr.pc=0x00000191da070234 relative=0x0000000000000974
Event: 6.802 Thread 0x00000191e8b60590 Uncommon trap: reason=profile_predicate action=maybe_recompile pc=0x00000191da070234 method=java.lang.PublicMethods$MethodList.filter([Ljava/lang/reflect/Method;Ljava/lang/String;[Ljava/lang/Class;Z)Ljava/lang/PublicMethods$MethodList; @ 21 c2
Event: 6.802 Thread 0x00000191e8b60590 DEOPT PACKING pc=0x00000191da070234 sp=0x000000506fdfc220
Event: 6.802 Thread 0x00000191e8b60590 DEOPT UNPACKING pc=0x00000191d23bd72e sp=0x000000506fdfc1d8 mode 2
Event: 6.802 Thread 0x00000191e8b60590 Uncommon trap: trap_request=0xffffffbe fr.pc=0x00000191da070234 relative=0x0000000000000974
Event: 6.802 Thread 0x00000191e8b60590 Uncommon trap: reason=profile_predicate action=maybe_recompile pc=0x00000191da070234 method=java.lang.PublicMethods$MethodList.filter([Ljava/lang/reflect/Method;Ljava/lang/String;[Ljava/lang/Class;Z)Ljava/lang/PublicMethods$MethodList; @ 21 c2
Event: 6.802 Thread 0x00000191e8b60590 DEOPT PACKING pc=0x00000191da070234 sp=0x000000506fdfc170
Event: 6.802 Thread 0x00000191e8b60590 DEOPT UNPACKING pc=0x00000191d23bd72e sp=0x000000506fdfc128 mode 2
Event: 6.902 Thread 0x00000191e8b60590 Uncommon trap: trap_request=0xfffffff4 fr.pc=0x00000191d9faf634 relative=0x00000000000007d4
Event: 6.902 Thread 0x00000191e8b60590 Uncommon trap: reason=null_check action=make_not_entrant pc=0x00000191d9faf634 method=org.springframework.beans.factory.support.DefaultListableBeanFactory.getBeanDefinition(Ljava/lang/String;)Lorg/springframework/beans/factory/config/BeanDefinition; @ 10 
Event: 6.902 Thread 0x00000191e8b60590 DEOPT PACKING pc=0x00000191d9faf634 sp=0x000000506fdfc760
Event: 6.902 Thread 0x00000191e8b60590 DEOPT UNPACKING pc=0x00000191d23bd72e sp=0x000000506fdfc698 mode 2

Classes unloaded (0 events):
No events

Classes redefined (0 events):
No events

Internal exceptions (20 events):
Event: 5.101 Thread 0x00000191e8b60590 Exception <a 'java/lang/ClassNotFoundException'{0x00000000861225d0}: org/springframework/transaction/annotation/ProxyTransactionManagementConfigurationCustomizer> (0x00000000861225d0) 
thrown [t:\workspace\open\src\hotspot\share\classfile\systemDictionary.cpp, line 256]
Event: 5.102 Thread 0x00000191e8b60590 Exception <a 'java/lang/ClassNotFoundException'{0x000000008612b050}: org/springframework/context/annotation/ImportAwareCustomizer> (0x000000008612b050) 
thrown [t:\workspace\open\src\hotspot\share\classfile\systemDictionary.cpp, line 256]
Event: 5.102 Thread 0x00000191e8b60590 Exception <a 'java/lang/ClassNotFoundException'{0x0000000086130af8}: org/springframework/beans/factory/AwareCustomizer> (0x0000000086130af8) 
thrown [t:\workspace\open\src\hotspot\share\classfile\systemDictionary.cpp, line 256]
Event: 5.352 Thread 0x00000191e8b60590 Exception <a 'java/lang/NoSuchMethodError'{0x00000000848960b8}: 'java.lang.Object java.lang.invoke.DirectMethodHandle$Holder.invokeStatic(java.lang.Object, java.lang.Object, int)'> (0x00000000848960b8) 
thrown [t:\workspace\open\src\hotspot\share\interpreter\linkResolver.cpp, line 790]
Event: 5.356 Thread 0x00000191e8b60590 Exception <a 'java/lang/NoSuchMethodError'{0x00000000848a2110}: 'void java.lang.invoke.DelegatingMethodHandle$Holder.delegate(java.lang.Object, java.lang.Object, int, java.lang.Object)'> (0x00000000848a2110) 
thrown [t:\workspace\open\src\hotspot\share\interpreter\linkResolver.cpp, line 790]
Event: 5.425 Thread 0x00000191e8b60590 Exception <a 'java/lang/NoSuchMethodError'{0x0000000084653b48}: 'void java.lang.invoke.DirectMethodHandle$Holder.invokeInterface(java.lang.Object, java.lang.Object, int)'> (0x0000000084653b48) 
thrown [t:\workspace\open\src\hotspot\share\interpreter\linkResolver.cpp, line 790]
Event: 5.429 Thread 0x00000191e8b60590 Exception <a 'java/lang/NoSuchMethodError'{0x000000008466e558}: 'int java.lang.invoke.DirectMethodHandle$Holder.invokeVirtual(java.lang.Object, java.lang.Object)'> (0x000000008466e558) 
thrown [t:\workspace\open\src\hotspot\share\interpreter\linkResolver.cpp, line 790]
Event: 5.440 Thread 0x00000191e8b60590 Exception <a 'java/lang/IncompatibleClassChangeError'{0x00000000846a9d68}: Found class java.lang.Object, but interface was expected> (0x00000000846a9d68) 
thrown [t:\workspace\open\src\hotspot\share\interpreter\linkResolver.cpp, line 857]
Event: 5.441 Thread 0x00000191e8b60590 Exception <a 'java/lang/NoSuchMethodError'{0x00000000846af1a0}: 'void java.lang.invoke.DirectMethodHandle$Holder.invokeStatic(java.lang.Object, int, java.lang.Object)'> (0x00000000846af1a0) 
thrown [t:\workspace\open\src\hotspot\share\interpreter\linkResolver.cpp, line 790]
Event: 5.451 Thread 0x00000191e8b60590 Exception <a 'java/lang/NoSuchMethodError'{0x00000000846e5718}: 'int java.lang.invoke.DirectMethodHandle$Holder.invokeSpecial(java.lang.Object, java.lang.Object, int)'> (0x00000000846e5718) 
thrown [t:\workspace\open\src\hotspot\share\interpreter\linkResolver.cpp, line 790]
Event: 5.652 Thread 0x00000191e8b60590 Exception <a 'java/lang/NoSuchMethodError'{0x000000008427f1f8}: 'java.lang.Object java.lang.invoke.DirectMethodHandle$Holder.invokeStaticInit(java.lang.Object, int, int, int, int)'> (0x000000008427f1f8) 
thrown [t:\workspace\open\src\hotspot\share\interpreter\linkResolver.cpp, line 790]
Event: 5.735 Thread 0x00000191e8b60590 Exception <a 'java/lang/NoSuchMethodError'{0x000000008414eeb0}: 'java.lang.Object java.lang.invoke.DirectMethodHandle$Holder.invokeStaticInit(java.lang.Object, java.lang.Object, int, int, int, int)'> (0x000000008414eeb0) 
thrown [t:\workspace\open\src\hotspot\share\interpreter\linkResolver.cpp, line 790]
Event: 6.081 Thread 0x00000191e8b60590 Exception <a 'sun/nio/fs/WindowsException'{0x00000000849a0148}> (0x00000000849a0148) 
thrown [t:\workspace\open\src\hotspot\share\prims\jni.cpp, line 579]
Event: 6.084 Thread 0x00000191e8b60590 Exception <a 'sun/nio/fs/WindowsException'{0x00000000849a5fb8}> (0x00000000849a5fb8) 
thrown [t:\workspace\open\src\hotspot\share\prims\jni.cpp, line 579]
Event: 6.084 Thread 0x00000191e8b60590 Exception <a 'sun/nio/fs/WindowsException'{0x00000000849a66b0}> (0x00000000849a66b0) 
thrown [t:\workspace\open\src\hotspot\share\prims\jni.cpp, line 579]
Event: 6.194 Thread 0x00000191e8b60590 Implicit null exception at 0x00000191d9eeb6a0 to 0x00000191d9eedb5c
Event: 6.480 Thread 0x00000191e8b60590 Exception <a 'java/io/FileNotFoundException'{0x0000000087221840}> (0x0000000087221840) 
thrown [t:\workspace\open\src\hotspot\share\prims\jni.cpp, line 579]
Event: 6.578 Thread 0x00000191e8b60590 Exception <a 'java/lang/NoSuchMethodError'{0x000000008702e270}: 'int java.lang.invoke.DirectMethodHandle$Holder.invokeInterface(java.lang.Object, java.lang.Object, java.lang.Object, java.lang.Object)'> (0x000000008702e270) 
thrown [t:\workspace\open\src\hotspot\share\interpreter\linkResolver.cpp, line 790]
Event: 6.707 Thread 0x00000191e8b60590 Exception <a 'java/io/FileNotFoundException'{0x0000000086e7e7b0}> (0x0000000086e7e7b0) 
thrown [t:\workspace\open\src\hotspot\share\prims\jni.cpp, line 579]
Event: 6.902 Thread 0x00000191e8b60590 Implicit null exception at 0x00000191d9faf44f to 0x00000191d9faf624

Events (20 events):
Event: 6.786 loading class java/util/concurrent/Executors$DelegatedExecutorService
Event: 6.786 loading class java/util/concurrent/Executors$DelegatedExecutorService done
Event: 6.787 loading class java/util/concurrent/Executors$FinalizableDelegatedExecutorService done
Event: 6.787 Executing  VM operation: HandshakeAllThreads
Event: 6.787 Executing  VM operation: HandshakeAllThreads done
Event: 6.788 Thread 0x00000191ec67b690 Thread added: 0x00000191ec67b690
Event: 6.874 loading class javax/naming/Referenceable
Event: 6.874 loading class javax/naming/Referenceable done
Event: 6.922 loading class java/lang/instrument/ClassFileTransformer
Event: 6.922 loading class java/lang/instrument/ClassFileTransformer done
Event: 7.070 loading class java/util/IllegalFormatException
Event: 7.070 loading class java/util/IllegalFormatException done
Event: 7.170 Thread 0x00000191ea3660b0 Thread exited: 0x00000191ea3660b0
Event: 7.170 Thread 0x00000191e9c11460 Thread exited: 0x00000191e9c11460
Event: 7.501 loading class java/lang/Process
Event: 7.501 loading class java/lang/Process done
Event: 7.558 loading class java/lang/reflect/GenericSignatureFormatError
Event: 7.559 loading class java/lang/reflect/GenericSignatureFormatError done
Event: 7.788 Executing  VM operation: Cleanup
Event: 7.789 Executing  VM operation: Cleanup done


Dynamic libraries:
0x00007ff725f40000 - 0x00007ff725f50000 	C:\Program Files\Java\jdk-16.0.2\bin\javaw.exe
0x00007fff17470000 - 0x00007fff17665000 	C:\Windows\SYSTEM32\ntdll.dll
0x00007fff17100000 - 0x00007fff171be000 	C:\Windows\System32\KERNEL32.DLL
0x00007fff14c80000 - 0x00007fff14f48000 	C:\Windows\System32\KERNELBASE.dll
0x00007fff15300000 - 0x00007fff15400000 	C:\Windows\System32\ucrtbase.dll
0x00007fff0ef40000 - 0x00007fff0ef58000 	C:\Program Files\Java\jdk-16.0.2\bin\jli.dll
0x00007fff0a130000 - 0x00007fff0a149000 	C:\Program Files\Java\jdk-16.0.2\bin\VCRUNTIME140.dll
0x00007fff15f00000 - 0x00007fff15fae000 	C:\Windows\System32\ADVAPI32.dll
0x00007fff16de0000 - 0x00007fff16e7e000 	C:\Windows\System32\msvcrt.dll
0x00007fff16520000 - 0x00007fff165bc000 	C:\Windows\System32\sechost.dll
0x00007fff16aa0000 - 0x00007fff16bc5000 	C:\Windows\System32\RPCRT4.dll
0x00007fff16c30000 - 0x00007fff16dd1000 	C:\Windows\System32\USER32.dll
0x00007fff15060000 - 0x00007fff15082000 	C:\Windows\System32\win32u.dll
0x00007fff15fb0000 - 0x00007fff15fdb000 	C:\Windows\System32\GDI32.dll
0x00007fff13f20000 - 0x00007fff141ba000 	C:\Windows\WinSxS\amd64_microsoft.windows.common-controls_6595b64144ccf1df_6.0.19041.1110_none_60b5254171f9507e\COMCTL32.dll
0x00007fff14f50000 - 0x00007fff1505d000 	C:\Windows\System32\gdi32full.dll
0x00007fff14b80000 - 0x00007fff14c1d000 	C:\Windows\System32\msvcp_win.dll
0x00007fff0a7b0000 - 0x00007fff0a7ba000 	C:\Windows\SYSTEM32\VERSION.dll
0x00007fff163d0000 - 0x00007fff16400000 	C:\Windows\System32\IMM32.DLL
0x00007fff0f430000 - 0x00007fff0f43c000 	C:\Program Files\Java\jdk-16.0.2\bin\vcruntime140_1.dll
0x00007ffeda180000 - 0x00007ffeda211000 	C:\Program Files\Java\jdk-16.0.2\bin\msvcp140.dll
0x00007ffece010000 - 0x00007ffecebbb000 	C:\Program Files\Java\jdk-16.0.2\bin\server\jvm.dll
0x00007fff17420000 - 0x00007fff17428000 	C:\Windows\System32\PSAPI.DLL
0x00007ffefdeb0000 - 0x00007ffefded7000 	C:\Windows\SYSTEM32\WINMM.dll
0x00007fff0ede0000 - 0x00007fff0ede9000 	C:\Windows\SYSTEM32\WSOCK32.dll
0x00007fff16e80000 - 0x00007fff16eeb000 	C:\Windows\System32\WS2_32.dll
0x00007fff12db0000 - 0x00007fff12dc2000 	C:\Windows\SYSTEM32\kernel.appcore.dll
0x00007fff0b350000 - 0x00007fff0b35a000 	C:\Program Files\Java\jdk-16.0.2\bin\jimage.dll
0x00007fff14300000 - 0x00007fff144e4000 	C:\Windows\SYSTEM32\DBGHELP.DLL
0x00007fff142d0000 - 0x00007fff142fc000 	C:\Windows\SYSTEM32\dbgcore.DLL
0x00007fff15270000 - 0x00007fff152f2000 	C:\Windows\System32\bcryptPrimitives.dll
0x00007fff07fa0000 - 0x00007fff07fc5000 	C:\Program Files\Java\jdk-16.0.2\bin\java.dll
0x00007fff15520000 - 0x00007fff15c64000 	C:\Windows\System32\SHELL32.dll
0x00007fff12600000 - 0x00007fff12d95000 	C:\Windows\SYSTEM32\windows.storage.dll
0x00007fff16070000 - 0x00007fff163c5000 	C:\Windows\System32\combase.dll
0x00007fff13e80000 - 0x00007fff13eae000 	C:\Windows\SYSTEM32\Wldp.dll
0x00007fff171c0000 - 0x00007fff1726d000 	C:\Windows\System32\SHCORE.dll
0x00007fff16400000 - 0x00007fff16455000 	C:\Windows\System32\shlwapi.dll
0x00007fff14ac0000 - 0x00007fff14adf000 	C:\Windows\SYSTEM32\profapi.dll
0x00007fff07de0000 - 0x00007fff07df9000 	C:\Program Files\Java\jdk-16.0.2\bin\net.dll
0x00007fff08b70000 - 0x00007fff08c7c000 	C:\Windows\SYSTEM32\WINHTTP.dll
0x00007fff13d50000 - 0x00007fff13dba000 	C:\Windows\system32\mswsock.dll
0x00007fff07dc0000 - 0x00007fff07dd3000 	C:\Program Files\Java\jdk-16.0.2\bin\nio.dll
0x00007fff07da0000 - 0x00007fff07db8000 	C:\Program Files\Java\jdk-16.0.2\bin\zip.dll
0x00007fff0ae00000 - 0x00007fff0ae10000 	C:\Program Files\Java\jdk-16.0.2\bin\verify.dll
0x00007fff0aac0000 - 0x00007fff0aac9000 	C:\Program Files\Java\jdk-16.0.2\bin\management.dll
0x00007fff0a9b0000 - 0x00007fff0a9bb000 	C:\Program Files\Java\jdk-16.0.2\bin\management_ext.dll
0x00007ffef87a0000 - 0x00007ffef87b7000 	C:\Windows\system32\napinsp.dll
0x00007ffef8780000 - 0x00007ffef879b000 	C:\Windows\system32\pnrpnsp.dll
0x00007fff0b050000 - 0x00007fff0b065000 	C:\Windows\system32\wshbth.dll
0x00007fff0c270000 - 0x00007fff0c28d000 	C:\Windows\system32\NLAapi.dll
0x00007fff138d0000 - 0x00007fff1390b000 	C:\Windows\SYSTEM32\IPHLPAPI.DLL
0x00007fff13910000 - 0x00007fff139db000 	C:\Windows\SYSTEM32\DNSAPI.dll
0x00007fff154b0000 - 0x00007fff154b8000 	C:\Windows\System32\NSI.dll
0x00007ffef8760000 - 0x00007ffef8772000 	C:\Windows\System32\winrnr.dll
0x00007ffefdca0000 - 0x00007ffefdcaa000 	C:\Windows\System32\rasadhlp.dll
0x00007ffefdcc0000 - 0x00007ffefdd3f000 	C:\Windows\System32\fwpuclnt.dll
0x00007fff150e0000 - 0x00007fff15107000 	C:\Windows\System32\bcrypt.dll
0x00007fff14830000 - 0x00007fff14848000 	C:\Windows\SYSTEM32\CRYPTSP.dll
0x00007fff13580000 - 0x00007fff135b4000 	C:\Windows\system32\rsaenh.dll
0x00007fff14a40000 - 0x00007fff14a6e000 	C:\Windows\SYSTEM32\USERENV.dll
0x00007fff13e40000 - 0x00007fff13e4c000 	C:\Windows\SYSTEM32\CRYPTBASE.dll
0x00007fff091e0000 - 0x00007fff091f7000 	C:\Windows\SYSTEM32\dhcpcsvc6.DLL
0x00007fff09570000 - 0x00007fff0958d000 	C:\Windows\SYSTEM32\dhcpcsvc.DLL

dbghelp: loaded successfully - version: 4.0.5 - missing functions: none
symbol engine: initialized successfully - sym options: 0x614 - pdb path: .;C:\Program Files\Java\jdk-16.0.2\bin;C:\Windows\SYSTEM32;C:\Windows\WinSxS\amd64_microsoft.windows.common-controls_6595b64144ccf1df_6.0.19041.1110_none_60b5254171f9507e;C:\Program Files\Java\jdk-16.0.2\bin\server

VM Arguments:
jvm_args: -Dfile.encoding=UTF-8 -XX:+ShowCodeDetailsInExceptionMessages 
java_command: com.testetechsolutio.TechSolutio.TechSolutioApplication
java_class_path (initial): C:\Users\usuario\Desktop\TesteTech\target\classes;C:\Users\usuario\.m2\repository\io\springfox\springfox-spring-web\3.0.0\springfox-spring-web-3.0.0.jar;C:\Users\usuario\.m2\repository\io\springfox\springfox-spi\3.0.0\springfox-spi-3.0.0.jar;C:\Users\usuario\.m2\repository\io\springfox\springfox-core\3.0.0\springfox-core-3.0.0.jar;C:\Users\usuario\.m2\repository\org\springframework\boot\spring-boot-starter-web\2.6.2\spring-boot-starter-web-2.6.2.jar;C:\Users\usuario\.m2\repository\org\springframework\boot\spring-boot-starter\2.6.2\spring-boot-starter-2.6.2.jar;C:\Users\usuario\.m2\repository\org\springframework\boot\spring-boot-starter-logging\2.6.2\spring-boot-starter-logging-2.6.2.jar;C:\Users\usuario\.m2\repository\ch\qos\logback\logback-classic\1.2.9\logback-classic-1.2.9.jar;C:\Users\usuario\.m2\repository\ch\qos\logback\logback-core\1.2.9\logback-core-1.2.9.jar;C:\Users\usuario\.m2\repository\org\apache\logging\log4j\log4j-to-slf4j\2.17.0\log4j-to-slf4j-2.17.0.jar;C:\Users\usuario\.m2\repository\org\apache\logging\log4j\log4j-api\2.17.0\log4j-api-2.17.0.jar;C:\Users\usuario\.m2\repository\org\slf4j\jul-to-slf4j\1.7.32\jul-to-slf4j-1.7.32.jar;C:\Users\usuario\.m2\repository\jakarta\annotation\jakarta.annotation-api\1.3.5\jakarta.annotation-api-1.3.5.jar;C:\Users\usuario\.m2\repository\org\yaml\snakeyaml\1.29\snakeyaml-1.29.jar;C:\Users\usuario\.m2\repository\org\springframework\boot\spring-boot-starter-json\2.6.2\spring-boot-starter-json-2.6.2.jar;C:\Users\usuario\.m2\repository\com\fasterxml\jackson\core\jackson-databind\2.13.1\jackson-databind-2.13.1.jar;C:\Users\usuario\.m2\repository\com\fasterxml\jackson\core\jackson-annotations\2.13.1\jackson-annotations-2.13.1.jar;C:\Users\usuario\.m2\repository\com\fasterxml\jackson\core\jackson-core\2.13.1\jackson-core-2.13.1.jar;C:\Users\usuario\.m2\repository\com\fasterxml\jackson\datatype\jackson-datatype-jdk8\2.13.1\jackson-datatype-jdk8-2.13.1.jar;C:\Users\usuario\.m2\repository\com\fa
Launcher Type: SUN_STANDARD

[Global flags]
     intx CICompilerCount                          = 4                                         {product} {ergonomic}
     uint ConcGCThreads                            = 2                                         {product} {ergonomic}
     uint G1ConcRefinementThreads                  = 8                                         {product} {ergonomic}
   size_t G1HeapRegionSize                         = 1048576                                   {product} {ergonomic}
    uintx GCDrainStackTargetSize                   = 64                                        {product} {ergonomic}
   size_t InitialHeapSize                          = 132120576                                 {product} {ergonomic}
   size_t MarkStackSize                            = 4194304                                   {product} {ergonomic}
   size_t MaxHeapSize                              = 2111832064                                {product} {ergonomic}
   size_t MaxNewSize                               = 1266679808                                {product} {ergonomic}
   size_t MinHeapDeltaBytes                        = 1048576                                   {product} {ergonomic}
   size_t MinHeapSize                              = 8388608                                   {product} {ergonomic}
    uintx NonNMethodCodeHeapSize                   = 5839372                                {pd product} {ergonomic}
    uintx NonProfiledCodeHeapSize                  = 122909434                              {pd product} {ergonomic}
    uintx ProfiledCodeHeapSize                     = 122909434                              {pd product} {ergonomic}
    uintx ReservedCodeCacheSize                    = 251658240                              {pd product} {ergonomic}
     bool SegmentedCodeCache                       = true                                      {product} {ergonomic}
     bool ShowCodeDetailsInExceptionMessages       = true                                   {manageable} {command line}
   size_t SoftMaxHeapSize                          = 2111832064                             {manageable} {ergonomic}
     bool UseCompressedClassPointers               = true                           {product lp64_product} {ergonomic}
     bool UseCompressedOops                        = true                           {product lp64_product} {ergonomic}
     bool UseG1GC                                  = true                                      {product} {ergonomic}
     bool UseLargePagesIndividualAllocation        = false                                  {pd product} {ergonomic}

Logging:
Log output configuration:
 #0: stdout all=warning uptime,level,tags
 #1: stderr all=off uptime,level,tags

Environment Variables:
PATH=C:\Program Files\Common Files\Oracle\Java\javapath;C:\Windows\system32;C:\Windows;C:\Windows\System32\Wbem;C:\Windows\System32\WindowsPowerShell\v1.0\;C:\Windows\System32\OpenSSH\;C:\Program Files (x86)\Intel\Intel(R) Management Engine Components\DAL;C:\Program Files\Intel\Intel(R) Management Engine Components\DAL;C:\ProgramData\UNIVALI\Portugol Studio;C:\Program Files\SafeNet\Authentication\SAC\x64;C:\Program Files\SafeNet\Authentication\SAC\x32;C:\Program Files\Git\cmd;C:\Program Files\nodejs\;C:\Users\usuario\AppData\Local\Microsoft\WindowsApps;C:\Program Files\Java\jdk1.8.0_121\bin;C:\Users\usuario\AppData\Local\Programs\Microsoft VS Code\bin;C:\Users\usuario\AppData\Local\GitHubDesktop\bin;C:\ProgramData\usuario\GitHubDesktop\bin;C:\Users\usuario\AppData\Roaming\npm
USERNAME=usuario
OS=Windows_NT
PROCESSOR_IDENTIFIER=Intel64 Family 6 Model 142 Stepping 10, GenuineIntel



---------------  S Y S T E M  ---------------

OS:
 Windows 10 , 64 bit Build 19041 (10.0.19041.1466)
OS uptime: 0 days 14:19 hours

CPU: total 8 (initial active 8) (4 cores per cpu, 2 threads per core) family 6 model 142 stepping 10 microcode 0xea, cx8, cmov, fxsr, ht, mmx, 3dnowpref, sse, sse2, sse3, ssse3, sse4.1, sse4.2, popcnt, lzcnt, tsc, tscinvbit, avx, avx2, aes, erms, clmul, bmi1, bmi2, adx, fma, vzeroupper, clflush, clflushopt

Memory: 4k page, system-wide physical 8050M (769M free)
TotalPageFile size 12146M (AvailPageFile size 5M)
current process WorkingSet (physical memory assigned to process): 201M, peak: 201M
current process commit charge ("private bytes"): 263M, peak: 276M

vm_info: Java HotSpot(TM) 64-Bit Server VM (16.0.2+7-67) for windows-amd64 JRE (16.0.2+7-67), built on Jun  8 2021 23:24:19 by "mach5one" with MS VC++ 16.7 (VS2019)

END.
